config file path : config.ini
[2020-12-02 19:17:06] Initializing...
FISCO-BCOS Version : 2.7.0
Build Time         : 20201126 08:00:45
Build Type         : Linux/clang/Release
Git Branch         : HEAD
Git Commit Hash    : 0bc47666979df4766723adf1ab9c5d80f5e40537
[2020-12-02 19:17:07] The FISCO-BCOS is running...
config file path : config.ini
[2020-12-03 00:54:54] Initializing...
FISCO-BCOS Version : 2.7.0
Build Time         : 20201126 08:00:45
Build Type         : Linux/clang/Release
Git Branch         : HEAD
Git Commit Hash    : 0bc47666979df4766723adf1ab9c5d80f5e40537
[2020-12-03 00:54:54] The FISCO-BCOS is running...
config file path : config.ini
[2020-12-11 20:46:48] Initializing...
FISCO-BCOS Version : 2.7.0
Build Time         : 20201126 08:00:45
Build Type         : Linux/clang/Release
Git Branch         : HEAD
Git Commit Hash    : 0bc47666979df4766723adf1ab9c5d80f5e40537
[2020-12-11 20:46:49] The FISCO-BCOS is running...
config file path : config.ini
[2020-12-12 15:51:49] Initializing...
FISCO-BCOS Version : 2.7.0
Build Time         : 20201126 08:00:45
Build Type         : Linux/clang/Release
Git Branch         : HEAD
Git Commit Hash    : 0bc47666979df4766723adf1ab9c5d80f5e40537
[2020-12-12 15:51:50] The FISCO-BCOS is running...
config file path : config.ini
[2020-12-12 17:00:37] Initializing...
FISCO-BCOS Version : 2.7.0
Build Time         : 20201126 08:00:45
Build Type         : Linux/clang/Release
Git Branch         : HEAD
Git Commit Hash    : 0bc47666979df4766723adf1ab9c5d80f5e40537
[2020-12-12 17:00:37] The FISCO-BCOS is running...
config file path : config.ini
[2020-12-13 21:22:13] Initializing...
FISCO-BCOS Version : 2.7.0
Build Time         : 20201126 08:00:45
Build Type         : Linux/clang/Release
Git Branch         : HEAD
Git Commit Hash    : 0bc47666979df4766723adf1ab9c5d80f5e40537
[2020-12-13 21:22:14] The FISCO-BCOS is running...
config file path : config.ini
[2021-01-27 18:25:07] Initializing...
FISCO-BCOS Version : 2.7.0
Build Time         : 20201126 08:00:45
Build Type         : Linux/clang/Release
Git Branch         : HEAD
Git Commit Hash    : 0bc47666979df4766723adf1ab9c5d80f5e40537
[2021-01-27 18:25:08] The FISCO-BCOS is running...
