info|2020-12-13 01:00:00.397137|[g:1][CONSENSUS]addRawPrepare,height=69,reqIdx=1,hash=a74864af...,time=0
info|2020-12-13 01:00:00.397340|[g:1][CONSENSUS][PBFT]checkTimeout Succ,view=1417,toView=1418,nodeIdx=3,changeCycle=1,myNode=cf70068d...,timecost=0.176
info|2020-12-13 01:00:00.400544|[g:1][CONSENSUS][PBFT]checkAndChangeView: Reach consensus,org_view=1417,cur_changeCycle=1,curView=1417,view=1418
info|2020-12-13 01:00:01.403880|[g:1][CONSENSUS]addRawPrepare,height=69,reqIdx=2,hash=d0295817...,time=0
info|2020-12-13 01:00:01.405435|[g:1][CONSENSUS][PBFT]checkTimeout Succ,view=1418,toView=1419,nodeIdx=3,changeCycle=1,myNode=cf70068d...,timecost=1.513
info|2020-12-13 01:00:01.405940|[g:1][CONSENSUS][PBFT]checkAndChangeView: Reach consensus,org_view=1418,cur_changeCycle=1,curView=1418,view=1419
info|2020-12-13 01:00:02.406913|[g:1][CONSENSUS][SEALER]++++++++++++++++ Generating seal on,blkNum=69,tx=0,nodeIdx=3,hash=f605b0bf...
info|2020-12-13 01:00:02.413530|[g:1][CONSENSUS][PBFT]checkTimeout Succ,view=1419,toView=1420,nodeIdx=3,changeCycle=1,myNode=cf70068d...,timecost=0.515
info|2020-12-13 01:00:02.414857|[g:1][CONSENSUS][PBFT]checkAndChangeView: Reach consensus,org_view=1419,cur_changeCycle=1,curView=1419,view=1420
info|2020-12-13 01:00:03.415342|[g:1][CONSENSUS]addRawPrepare,height=69,reqIdx=0,hash=b7bd5f96...,time=0
info|2020-12-13 01:00:03.415539|[g:1][CONSENSUS][PBFT]checkTimeout Succ,view=1420,toView=1421,nodeIdx=3,changeCycle=1,myNode=cf70068d...,timecost=0.171
info|2020-12-13 01:00:03.417830|[g:1][CONSENSUS][PBFT]checkAndChangeView: Reach consensus,org_view=1420,cur_changeCycle=1,curView=1420,view=1421
info|2020-12-13 01:00:04.421304|[g:1][CONSENSUS]addRawPrepare,height=69,reqIdx=1,hash=c8ec8fc9...,time=0
info|2020-12-13 01:00:04.421501|[g:1][CONSENSUS][PBFT]checkTimeout Succ,view=1421,toView=1422,nodeIdx=3,changeCycle=1,myNode=cf70068d...,timecost=0.172
info|2020-12-13 01:00:04.423492|[g:1][CONSENSUS][PBFT]checkAndChangeView: Reach consensus,org_view=1421,cur_changeCycle=1,curView=1421,view=1422
info|2020-12-13 01:00:05.426318|[g:1][CONSENSUS]addRawPrepare,height=69,reqIdx=2,hash=06667f67...,time=0
info|2020-12-13 01:00:05.426512|[g:1][CONSENSUS][PBFT]checkTimeout Succ,view=1422,toView=1423,nodeIdx=3,changeCycle=1,myNode=cf70068d...,timecost=0.168
info|2020-12-13 01:00:05.428666|[g:1][CONSENSUS][PBFT]checkAndChangeView: Reach consensus,org_view=1422,cur_changeCycle=1,curView=1422,view=1423
info|2020-12-13 01:00:06.429968|[g:1][CONSENSUS][SEALER]++++++++++++++++ Generating seal on,blkNum=69,tx=0,nodeIdx=3,hash=77360541...
info|2020-12-13 01:00:06.434893|[g:1][CONSENSUS][PBFT]checkTimeout Succ,view=1423,toView=1424,nodeIdx=3,changeCycle=1,myNode=cf70068d...,timecost=0.174
info|2020-12-13 01:00:06.435868|[g:1][CONSENSUS][PBFT]checkAndChangeView: Reach consensus,org_view=1423,cur_changeCycle=1,curView=1423,view=1424
info|2020-12-13 01:00:07.435993|[g:1][CONSENSUS]addRawPrepare,height=69,reqIdx=0,hash=17ba308f...,time=0
info|2020-12-13 01:00:07.436190|[g:1][CONSENSUS][PBFT]checkTimeout Succ,view=1424,toView=1425,nodeIdx=3,changeCycle=1,myNode=cf70068d...,timecost=0.172
info|2020-12-13 01:00:07.439413|[g:1][CONSENSUS][PBFT]checkAndChangeView: Reach consensus,org_view=1424,cur_changeCycle=1,curView=1424,view=1425
info|2020-12-13 01:00:07.893712|[P2P][Service] heartBeat,connected count=3
info|2020-12-13 01:00:08.441966|[g:1][CONSENSUS]addRawPrepare,height=69,reqIdx=1,hash=37be5e0f...,time=0
info|2020-12-13 01:00:08.443839|[g:1][CONSENSUS][PBFT]checkTimeout Succ,view=1425,toView=1426,nodeIdx=3,changeCycle=1,myNode=cf70068d...,timecost=0.177
info|2020-12-13 01:00:08.444387|[g:1][CONSENSUS][PBFT]checkAndChangeView: Reach consensus,org_view=1425,cur_changeCycle=1,curView=1425,view=1426
info|2020-12-13 01:00:09.448419|[g:1][CONSENSUS]addRawPrepare,height=69,reqIdx=2,hash=9f45dabb...,time=0
info|2020-12-13 01:00:09.448676|[g:1][CONSENSUS][PBFT]checkTimeout Succ,view=1426,toView=1427,nodeIdx=3,changeCycle=1,myNode=cf70068d...,timecost=0.221
info|2020-12-13 01:00:09.450564|[g:1][CONSENSUS][PBFT]checkAndChangeView: Reach consensus,org_view=1426,cur_changeCycle=1,curView=1426,view=1427
info|2020-12-13 01:00:10.453890|[g:1][CONSENSUS][SEALER]++++++++++++++++ Generating seal on,blkNum=69,tx=0,nodeIdx=3,hash=52d385ca...
info|2020-12-13 01:00:10.460174|[g:1][CONSENSUS][PBFT]checkTimeout Succ,view=1427,toView=1428,nodeIdx=3,changeCycle=1,myNode=cf70068d...,timecost=0.181
info|2020-12-13 01:00:10.460940|[g:1][CONSENSUS][PBFT]checkAndChangeView: Reach consensus,org_view=1427,cur_changeCycle=1,curView=1427,view=1428
info|2020-12-13 01:00:11.462404|[g:1][CONSENSUS]addRawPrepare,height=69,reqIdx=0,hash=8465e5e5...,time=0
info|2020-12-13 01:00:11.462602|[g:1][CONSENSUS][PBFT]checkTimeout Succ,view=1428,toView=1429,nodeIdx=3,changeCycle=1,myNode=cf70068d...,timecost=0.172
info|2020-12-13 01:00:11.464229|[g:1][CONSENSUS][PBFT]checkAndChangeView: Reach consensus,org_view=1428,cur_changeCycle=1,curView=1428,view=1429
info|2020-12-13 01:00:12.469444|[g:1][CONSENSUS]addRawPrepare,height=69,reqIdx=1,hash=d8fea90e...,time=0
info|2020-12-13 01:00:12.469844|[g:1][CONSENSUS][PBFT]checkTimeout Succ,view=1429,toView=1430,nodeIdx=3,changeCycle=1,myNode=cf70068d...,timecost=0.351
info|2020-12-13 01:00:12.473616|[g:1][CONSENSUS][PBFT]checkAndChangeView: Reach consensus,org_view=1429,cur_changeCycle=1,curView=1429,view=1430
info|2020-12-13 01:00:13.475274|[g:1][CONSENSUS]addRawPrepare,height=69,reqIdx=2,hash=06d2a184...,time=0
info|2020-12-13 01:00:13.477501|[g:1][CONSENSUS][PBFT]checkTimeout Succ,view=1430,toView=1431,nodeIdx=3,changeCycle=1,myNode=cf70068d...,timecost=2.197
info|2020-12-13 01:00:13.478001|[g:1][CONSENSUS][PBFT]checkAndChangeView: Reach consensus,org_view=1430,cur_changeCycle=1,curView=1430,view=1431
info|2020-12-13 01:00:14.478389|[g:1][CONSENSUS][SEALER]++++++++++++++++ Generating seal on,blkNum=69,tx=0,nodeIdx=3,hash=c4343eff...
info|2020-12-13 01:00:14.484274|[g:1][CONSENSUS][PBFT]checkTimeout Succ,view=1431,toView=1432,nodeIdx=3,changeCycle=1,myNode=cf70068d...,timecost=0.178
info|2020-12-13 01:00:14.485292|[g:1][CONSENSUS][PBFT]checkAndChangeView: Reach consensus,org_view=1431,cur_changeCycle=1,curView=1431,view=1432
info|2020-12-13 01:00:15.484569|[g:1][CONSENSUS]addRawPrepare,height=69,reqIdx=0,hash=961f8f62...,time=0
info|2020-12-13 01:00:15.484764|[g:1][CONSENSUS][PBFT]checkTimeout Succ,view=1432,toView=1433,nodeIdx=3,changeCycle=1,myNode=cf70068d...,timecost=0.171
info|2020-12-13 01:00:15.486850|[g:1][CONSENSUS][PBFT]checkAndChangeView: Reach consensus,org_view=1432,cur_changeCycle=1,curView=1432,view=1433
info|2020-12-13 01:00:16.489169|[g:1][CONSENSUS]addRawPrepare,height=69,reqIdx=1,hash=8dbab64c...,time=0
info|2020-12-13 01:00:16.489494|[g:1][CONSENSUS][PBFT]checkTimeout Succ,view=1433,toView=1434,nodeIdx=3,changeCycle=1,myNode=cf70068d...,timecost=0.297
info|2020-12-13 01:00:16.493718|[g:1][CONSENSUS][PBFT]checkAndChangeView: Reach consensus,org_view=1433,cur_changeCycle=1,curView=1433,view=1434
info|2020-12-13 01:00:17.493174|[g:1][CONSENSUS]addRawPrepare,height=69,reqIdx=2,hash=bab39021...,time=0
info|2020-12-13 01:00:17.493391|[g:1][CONSENSUS][PBFT]checkTimeout Succ,view=1434,toView=1435,nodeIdx=3,changeCycle=1,myNode=cf70068d...,timecost=0.183
info|2020-12-13 01:00:17.498155|[g:1][CONSENSUS][PBFT]checkAndChangeView: Reach consensus,org_view=1434,cur_changeCycle=1,curView=1434,view=1435
info|2020-12-13 01:00:17.893873|[P2P][Service] heartBeat,connected count=3
info|2020-12-13 01:00:18.499554|[g:1][CONSENSUS][SEALER]++++++++++++++++ Generating seal on,blkNum=69,tx=0,nodeIdx=3,hash=bdafc867...
info|2020-12-13 01:00:18.503408|[g:1][CONSENSUS][PBFT]checkTimeout Succ,view=1435,toView=1436,nodeIdx=3,changeCycle=1,myNode=cf70068d...,timecost=0.231
info|2020-12-13 01:00:18.504956|[g:1][CONSENSUS][PBFT]checkAndChangeView: Reach consensus,org_view=1435,cur_changeCycle=1,curView=1435,view=1436
info|2020-12-13 01:00:19.506278|[g:1][CONSENSUS]addRawPrepare,height=69,reqIdx=0,hash=c66151d5...,time=0
info|2020-12-13 01:00:19.506487|[g:1][CONSENSUS][PBFT]checkTimeout Succ,view=1436,toView=1437,nodeIdx=3,changeCycle=1,myNode=cf70068d...,timecost=0.182
info|2020-12-13 01:00:19.509205|[g:1][CONSENSUS][PBFT]checkAndChangeView: Reach consensus,org_view=1436,cur_changeCycle=1,curView=1436,view=1437
info|2020-12-13 01:00:20.510196|[g:1][CONSENSUS]addRawPrepare,height=69,reqIdx=1,hash=9291efeb...,time=0
info|2020-12-13 01:00:20.510394|[g:1][CONSENSUS][PBFT]checkTimeout Succ,view=1437,toView=1438,nodeIdx=3,changeCycle=1,myNode=cf70068d...,timecost=0.172
info|2020-12-13 01:00:20.513024|[g:1][CONSENSUS][PBFT]checkAndChangeView: Reach consensus,org_view=1437,cur_changeCycle=1,curView=1437,view=1438
info|2020-12-13 01:00:21.515962|[g:1][CONSENSUS]addRawPrepare,height=69,reqIdx=2,hash=7ca5e782...,time=0
info|2020-12-13 01:00:21.516154|[g:1][CONSENSUS][PBFT]checkTimeout Succ,view=1438,toView=1439,nodeIdx=3,changeCycle=1,myNode=cf70068d...,timecost=0.168
info|2020-12-13 01:00:21.519288|[g:1][CONSENSUS][PBFT]checkAndChangeView: Reach consensus,org_view=1438,cur_changeCycle=1,curView=1438,view=1439
info|2020-12-13 01:00:22.520161|[g:1][CONSENSUS][SEALER]++++++++++++++++ Generating seal on,blkNum=69,tx=0,nodeIdx=3,hash=63d9231f...
info|2020-12-13 01:00:22.525207|[g:1][CONSENSUS][PBFT]checkTimeout Succ,view=1439,toView=1440,nodeIdx=3,changeCycle=1,myNode=cf70068d...,timecost=0.174
info|2020-12-13 01:00:22.526046|[g:1][CONSENSUS][PBFT]checkAndChangeView: Reach consensus,org_view=1439,cur_changeCycle=1,curView=1439,view=1440
info|2020-12-13 01:00:23.525570|[g:1][CONSENSUS]addRawPrepare,height=69,reqIdx=0,hash=c229c471...,time=0
info|2020-12-13 01:00:23.525764|[g:1][CONSENSUS][PBFT]checkTimeout Succ,view=1440,toView=1441,nodeIdx=3,changeCycle=1,myNode=cf70068d...,timecost=0.169
info|2020-12-13 01:00:23.528704|[g:1][CONSENSUS][PBFT]checkAndChangeView: Reach consensus,org_view=1440,cur_changeCycle=1,curView=1440,view=1441
info|2020-12-13 01:00:24.533286|[g:1][CONSENSUS]addRawPrepare,height=69,reqIdx=1,hash=ab3c1128...,time=0
info|2020-12-13 01:00:24.533529|[g:1][CONSENSUS][PBFT]checkTimeout Succ,view=1441,toView=1442,nodeIdx=3,changeCycle=1,myNode=cf70068d...,timecost=0.196
info|2020-12-13 01:00:24.536690|[g:1][CONSENSUS][PBFT]checkAndChangeView: Reach consensus,org_view=1441,cur_changeCycle=1,curView=1441,view=1442
info|2020-12-13 01:00:25.539987|[g:1][CONSENSUS]addRawPrepare,height=69,reqIdx=2,hash=93c8d0f5...,time=0
info|2020-12-13 01:00:25.540182|[g:1][CONSENSUS][PBFT]checkTimeout Succ,view=1442,toView=1443,nodeIdx=3,changeCycle=1,myNode=cf70068d...,timecost=0.17
info|2020-12-13 01:00:25.542791|[g:1][CONSENSUS][PBFT]checkAndChangeView: Reach consensus,org_view=1442,cur_changeCycle=1,curView=1442,view=1443
info|2020-12-13 01:00:26.543366|[g:1][CONSENSUS][SEALER]++++++++++++++++ Generating seal on,blkNum=69,tx=0,nodeIdx=3,hash=f627e8eb...
info|2020-12-13 01:00:26.549263|[g:1][CONSENSUS][PBFT]checkTimeout Succ,view=1443,toView=1444,nodeIdx=3,changeCycle=1,myNode=cf70068d...,timecost=0.184
info|2020-12-13 01:00:26.550170|[g:1][CONSENSUS][PBFT]checkAndChangeView: Reach consensus,org_view=1443,cur_changeCycle=1,curView=1443,view=1444
info|2020-12-13 01:00:27.552478|[g:1][CONSENSUS]addRawPrepare,height=69,reqIdx=0,hash=28808184...,time=0
info|2020-12-13 01:00:27.552688|[g:1][CONSENSUS][PBFT]checkTimeout Succ,view=1444,toView=1445,nodeIdx=3,changeCycle=1,myNode=cf70068d...,timecost=0.177
info|2020-12-13 01:00:27.555437|[g:1][CONSENSUS][PBFT]checkAndChangeView: Reach consensus,org_view=1444,cur_changeCycle=1,curView=1444,view=1445
info|2020-12-13 01:00:27.893945|[P2P][Service] heartBeat,connected count=3
info|2020-12-13 01:00:28.555209|[g:1][CONSENSUS]addRawPrepare,height=69,reqIdx=1,hash=af21005e...,time=0
info|2020-12-13 01:00:28.555407|[g:1][CONSENSUS][PBFT]checkTimeout Succ,view=1445,toView=1446,nodeIdx=3,changeCycle=1,myNode=cf70068d...,timecost=0.172
info|2020-12-13 01:00:28.557460|[g:1][CONSENSUS][PBFT]checkAndChangeView: Reach consensus,org_view=1445,cur_changeCycle=1,curView=1445,view=1446
info|2020-12-13 01:00:29.560615|[g:1][CONSENSUS]addRawPrepare,height=69,reqIdx=2,hash=8cd0926d...,time=0
info|2020-12-13 01:00:29.560810|[g:1][CONSENSUS][PBFT]checkTimeout Succ,view=1446,toView=1447,nodeIdx=3,changeCycle=1,myNode=cf70068d...,timecost=0.169
info|2020-12-13 01:00:29.562661|[g:1][CONSENSUS][PBFT]checkAndChangeView: Reach consensus,org_view=1446,cur_changeCycle=1,curView=1446,view=1447
info|2020-12-13 01:00:30.562495|[g:1][CONSENSUS][SEALER]++++++++++++++++ Generating seal on,blkNum=69,tx=0,nodeIdx=3,hash=0debf0fc...
info|2020-12-13 01:00:30.567652|[g:1][CONSENSUS][PBFT]checkTimeout Succ,view=1447,toView=1448,nodeIdx=3,changeCycle=1,myNode=cf70068d...,timecost=0.184
info|2020-12-13 01:00:30.568749|[g:1][CONSENSUS][PBFT]checkAndChangeView: Reach consensus,org_view=1447,cur_changeCycle=1,curView=1447,view=1448
info|2020-12-13 01:00:31.567811|[g:1][CONSENSUS]addRawPrepare,height=69,reqIdx=0,hash=43921f15...,time=0
info|2020-12-13 01:00:31.568011|[g:1][CONSENSUS][PBFT]checkTimeout Succ,view=1448,toView=1449,nodeIdx=3,changeCycle=1,myNode=cf70068d...,timecost=0.172
info|2020-12-13 01:00:31.569812|[g:1][CONSENSUS][PBFT]checkAndChangeView: Reach consensus,org_view=1448,cur_changeCycle=1,curView=1448,view=1449
info|2020-12-13 01:00:32.573952|[g:1][CONSENSUS]addRawPrepare,height=69,reqIdx=1,hash=8077333c...,time=0
info|2020-12-13 01:00:32.574182|[g:1][CONSENSUS][PBFT]checkTimeout Succ,view=1449,toView=1450,nodeIdx=3,changeCycle=1,myNode=cf70068d...,timecost=0.185
info|2020-12-13 01:00:32.578364|[g:1][CONSENSUS][PBFT]checkAndChangeView: Reach consensus,org_view=1449,cur_changeCycle=1,curView=1449,view=1450
info|2020-12-13 01:00:33.581260|[g:1][CONSENSUS]addRawPrepare,height=69,reqIdx=2,hash=3a421a7f...,time=0
info|2020-12-13 01:00:33.581458|[g:1][CONSENSUS][PBFT]checkTimeout Succ,view=1450,toView=1451,nodeIdx=3,changeCycle=1,myNode=cf70068d...,timecost=0.172
info|2020-12-13 01:00:33.583925|[g:1][CONSENSUS][PBFT]checkAndChangeView: Reach consensus,org_view=1450,cur_changeCycle=1,curView=1450,view=1451
info|2020-12-13 01:00:34.584876|[g:1][CONSENSUS][SEALER]++++++++++++++++ Generating seal on,blkNum=69,tx=0,nodeIdx=3,hash=e693a2d4...
info|2020-12-13 01:00:34.590970|[g:1][CONSENSUS][PBFT]checkTimeout Succ,view=1451,toView=1452,nodeIdx=3,changeCycle=1,myNode=cf70068d...,timecost=0.185
info|2020-12-13 01:00:34.592022|[g:1][CONSENSUS][PBFT]checkAndChangeView: Reach consensus,org_view=1451,cur_changeCycle=1,curView=1451,view=1452
info|2020-12-13 01:00:35.591402|[g:1][CONSENSUS]addRawPrepare,height=69,reqIdx=0,hash=d3f494b2...,time=0
info|2020-12-13 01:00:35.591599|[g:1][CONSENSUS][PBFT]checkTimeout Succ,view=1452,toView=1453,nodeIdx=3,changeCycle=1,myNode=cf70068d...,timecost=0.171
info|2020-12-13 01:00:35.593278|[g:1][CONSENSUS][PBFT]checkAndChangeView: Reach consensus,org_view=1452,cur_changeCycle=1,curView=1452,view=1453
info|2020-12-13 01:00:36.595594|[g:1][CONSENSUS]addRawPrepare,height=69,reqIdx=1,hash=df476810...,time=0
info|2020-12-13 01:00:36.595806|[g:1][CONSENSUS][PBFT]checkTimeout Succ,view=1453,toView=1454,nodeIdx=3,changeCycle=1,myNode=cf70068d...,timecost=0.179
info|2020-12-13 01:00:36.599507|[g:1][CONSENSUS][PBFT]checkAndChangeView: Reach consensus,org_view=1453,cur_changeCycle=1,curView=1453,view=1454
info|2020-12-13 01:00:37.602177|[g:1][CONSENSUS]addRawPrepare,height=69,reqIdx=2,hash=fbf70da3...,time=0
info|2020-12-13 01:00:37.602410|[g:1][CONSENSUS][PBFT]checkTimeout Succ,view=1454,toView=1455,nodeIdx=3,changeCycle=1,myNode=cf70068d...,timecost=0.209
info|2020-12-13 01:00:37.605328|[g:1][CONSENSUS][PBFT]checkAndChangeView: Reach consensus,org_view=1454,cur_changeCycle=1,curView=1454,view=1455
info|2020-12-13 01:00:37.894375|[P2P][Service] heartBeat,connected count=3
info|2020-12-13 01:00:38.604946|[g:1][CONSENSUS][SEALER]++++++++++++++++ Generating seal on,blkNum=69,tx=0,nodeIdx=3,hash=c93a653f...
info|2020-12-13 01:00:38.610360|[g:1][CONSENSUS][PBFT]checkTimeout Succ,view=1455,toView=1456,nodeIdx=3,changeCycle=1,myNode=cf70068d...,timecost=0.182
info|2020-12-13 01:00:38.611474|[g:1][CONSENSUS][PBFT]checkAndChangeView: Reach consensus,org_view=1455,cur_changeCycle=1,curView=1455,view=1456
info|2020-12-13 01:00:39.612830|[g:1][CONSENSUS]addRawPrepare,height=69,reqIdx=0,hash=26f98096...,time=0
info|2020-12-13 01:00:39.613038|[g:1][CONSENSUS][PBFT]checkTimeout Succ,view=1456,toView=1457,nodeIdx=3,changeCycle=1,myNode=cf70068d...,timecost=0.178
info|2020-12-13 01:00:39.615199|[g:1][CONSENSUS][PBFT]checkAndChangeView: Reach consensus,org_view=1456,cur_changeCycle=1,curView=1456,view=1457
info|2020-12-13 01:00:40.615953|[g:1][CONSENSUS]addRawPrepare,height=69,reqIdx=1,hash=2ec4022f...,time=0
info|2020-12-13 01:00:40.616213|[g:1][CONSENSUS][PBFT]checkTimeout Succ,view=1457,toView=1458,nodeIdx=3,changeCycle=1,myNode=cf70068d...,timecost=0.236
info|2020-12-13 01:00:40.619761|[g:1][CONSENSUS][PBFT]checkAndChangeView: Reach consensus,org_view=1457,cur_changeCycle=1,curView=1457,view=1458
info|2020-12-13 01:00:41.621605|[g:1][CONSENSUS]addRawPrepare,height=69,reqIdx=2,hash=2343e16f...,time=0
info|2020-12-13 01:00:41.621802|[g:1][CONSENSUS][PBFT]checkTimeout Succ,view=1458,toView=1459,nodeIdx=3,changeCycle=1,myNode=cf70068d...,timecost=0.17
info|2020-12-13 01:00:41.624035|[g:1][CONSENSUS][PBFT]checkAndChangeView: Reach consensus,org_view=1458,cur_changeCycle=1,curView=1458,view=1459
info|2020-12-13 01:00:42.625017|[g:1][CONSENSUS][SEALER]++++++++++++++++ Generating seal on,blkNum=69,tx=0,nodeIdx=3,hash=48d81b34...
info|2020-12-13 01:00:42.637558|[g:1][CONSENSUS][PBFT]checkTimeout Succ,view=1459,toView=1460,nodeIdx=3,changeCycle=1,myNode=cf70068d...,timecost=0.37
info|2020-12-13 01:00:42.644187|[g:1][CONSENSUS][PBFT]checkAndChangeView: Reach consensus,org_view=1459,cur_changeCycle=1,curView=1459,view=1460
info|2020-12-13 01:00:43.639134|[g:1][CONSENSUS]addRawPrepare,height=69,reqIdx=0,hash=279585b4...,time=0
info|2020-12-13 01:00:43.640653|[g:1][CONSENSUS][PBFT]checkTimeout Succ,view=1460,toView=1461,nodeIdx=3,changeCycle=1,myNode=cf70068d...,timecost=1.493
info|2020-12-13 01:00:43.641183|[g:1][CONSENSUS][PBFT]checkAndChangeView: Reach consensus,org_view=1460,cur_changeCycle=1,curView=1460,view=1461
info|2020-12-13 01:00:44.643653|[g:1][CONSENSUS]addRawPrepare,height=69,reqIdx=1,hash=82dd7e9e...,time=0
info|2020-12-13 01:00:44.643849|[g:1][CONSENSUS][PBFT]checkTimeout Succ,view=1461,toView=1462,nodeIdx=3,changeCycle=1,myNode=cf70068d...,timecost=0.17
info|2020-12-13 01:00:44.646643|[g:1][CONSENSUS][PBFT]checkAndChangeView: Reach consensus,org_view=1461,cur_changeCycle=1,curView=1461,view=1462
info|2020-12-13 01:00:45.647925|[g:1][CONSENSUS]addRawPrepare,height=69,reqIdx=2,hash=f11a6198...,time=0
info|2020-12-13 01:00:45.648119|[g:1][CONSENSUS][PBFT]checkTimeout Succ,view=1462,toView=1463,nodeIdx=3,changeCycle=1,myNode=cf70068d...,timecost=0.168
info|2020-12-13 01:00:45.649699|[g:1][CONSENSUS][PBFT]checkAndChangeView: Reach consensus,org_view=1462,cur_changeCycle=1,curView=1462,view=1463
info|2020-12-13 01:00:46.650442|[g:1][CONSENSUS][SEALER]++++++++++++++++ Generating seal on,blkNum=69,tx=0,nodeIdx=3,hash=d695df47...
info|2020-12-13 01:00:46.657832|[g:1][CONSENSUS][PBFT]checkTimeout Succ,view=1463,toView=1464,nodeIdx=3,changeCycle=1,myNode=cf70068d...,timecost=0.19
info|2020-12-13 01:00:46.658661|[g:1][CONSENSUS][PBFT]checkAndChangeView: Reach consensus,org_view=1463,cur_changeCycle=1,curView=1463,view=1464
info|2020-12-13 01:00:47.659117|[g:1][CONSENSUS]addRawPrepare,height=69,reqIdx=0,hash=24a53309...,time=0
info|2020-12-13 01:00:47.659336|[g:1][CONSENSUS][PBFT]checkTimeout Succ,view=1464,toView=1465,nodeIdx=3,changeCycle=1,myNode=cf70068d...,timecost=0.192
info|2020-12-13 01:00:47.663323|[g:1][CONSENSUS][PBFT]checkAndChangeView: Reach consensus,org_view=1464,cur_changeCycle=1,curView=1464,view=1465
info|2020-12-13 01:00:47.894451|[P2P][Service] heartBeat,connected count=3
info|2020-12-13 01:00:48.666386|[g:1][CONSENSUS]addRawPrepare,height=69,reqIdx=1,hash=1f800aec...,time=0
info|2020-12-13 01:00:48.666634|[g:1][CONSENSUS][PBFT]checkTimeout Succ,view=1465,toView=1466,nodeIdx=3,changeCycle=1,myNode=cf70068d...,timecost=0.21
info|2020-12-13 01:00:48.670616|[g:1][CONSENSUS][PBFT]checkAndChangeView: Reach consensus,org_view=1465,cur_changeCycle=1,curView=1465,view=1466
info|2020-12-13 01:00:49.673838|[g:1][CONSENSUS]addRawPrepare,height=69,reqIdx=2,hash=85b08fa2...,time=0
info|2020-12-13 01:00:49.674045|[g:1][CONSENSUS][PBFT]checkTimeout Succ,view=1466,toView=1467,nodeIdx=3,changeCycle=1,myNode=cf70068d...,timecost=0.175
info|2020-12-13 01:00:49.675760|[g:1][CONSENSUS][PBFT]checkAndChangeView: Reach consensus,org_view=1466,cur_changeCycle=1,curView=1466,view=1467
info|2020-12-13 01:00:50.676927|[g:1][CONSENSUS][SEALER]++++++++++++++++ Generating seal on,blkNum=69,tx=0,nodeIdx=3,hash=b61611dd...
info|2020-12-13 01:00:50.682222|[g:1][CONSENSUS][PBFT]checkTimeout Succ,view=1467,toView=1468,nodeIdx=3,changeCycle=1,myNode=cf70068d...,timecost=0.176
info|2020-12-13 01:00:50.683263|[g:1][CONSENSUS][PBFT]checkAndChangeView: Reach consensus,org_view=1467,cur_changeCycle=1,curView=1467,view=1468
info|2020-12-13 01:00:51.683118|[g:1][CONSENSUS]addRawPrepare,height=69,reqIdx=0,hash=d89e7b90...,time=0
info|2020-12-13 01:00:51.683316|[g:1][CONSENSUS][PBFT]checkTimeout Succ,view=1468,toView=1469,nodeIdx=3,changeCycle=1,myNode=cf70068d...,timecost=0.171
info|2020-12-13 01:00:51.685164|[g:1][CONSENSUS][PBFT]checkAndChangeView: Reach consensus,org_view=1468,cur_changeCycle=1,curView=1468,view=1469
info|2020-12-13 01:00:52.687376|[g:1][CONSENSUS]addRawPrepare,height=69,reqIdx=1,hash=244ed3de...,time=0
info|2020-12-13 01:00:52.687597|[g:1][CONSENSUS][PBFT]checkTimeout Succ,view=1469,toView=1470,nodeIdx=3,changeCycle=1,myNode=cf70068d...,timecost=0.192
info|2020-12-13 01:00:52.691426|[g:1][CONSENSUS][PBFT]checkAndChangeView: Reach consensus,org_view=1469,cur_changeCycle=1,curView=1469,view=1470
info|2020-12-13 01:00:53.694692|[g:1][CONSENSUS]addRawPrepare,height=69,reqIdx=2,hash=194f2487...,time=0
info|2020-12-13 01:00:53.694890|[g:1][CONSENSUS][PBFT]checkTimeout Succ,view=1470,toView=1471,nodeIdx=3,changeCycle=1,myNode=cf70068d...,timecost=0.174
info|2020-12-13 01:00:53.697290|[g:1][CONSENSUS][PBFT]checkAndChangeView: Reach consensus,org_view=1470,cur_changeCycle=1,curView=1470,view=1471
info|2020-12-13 01:00:54.699083|[g:1][CONSENSUS][SEALER]++++++++++++++++ Generating seal on,blkNum=69,tx=0,nodeIdx=3,hash=bc242a08...
info|2020-12-13 01:00:54.705313|[g:1][CONSENSUS][PBFT]checkTimeout Succ,view=1471,toView=1472,nodeIdx=3,changeCycle=1,myNode=cf70068d...,timecost=0.198
info|2020-12-13 01:00:54.706431|[g:1][CONSENSUS][PBFT]checkAndChangeView: Reach consensus,org_view=1471,cur_changeCycle=1,curView=1471,view=1472
info|2020-12-13 01:00:55.704488|[g:1][CONSENSUS]addRawPrepare,height=69,reqIdx=0,hash=3da77f15...,time=0
info|2020-12-13 01:00:55.704707|[g:1][CONSENSUS][PBFT]checkTimeout Succ,view=1472,toView=1473,nodeIdx=3,changeCycle=1,myNode=cf70068d...,timecost=0.182
info|2020-12-13 01:00:55.708645|[g:1][CONSENSUS][PBFT]checkAndChangeView: Reach consensus,org_view=1472,cur_changeCycle=1,curView=1472,view=1473
info|2020-12-13 01:00:56.711902|[g:1][CONSENSUS]addRawPrepare,height=69,reqIdx=1,hash=d1359176...,time=0
info|2020-12-13 01:00:56.712226|[g:1][CONSENSUS][PBFT]checkTimeout Succ,view=1473,toView=1474,nodeIdx=3,changeCycle=1,myNode=cf70068d...,timecost=0.285
info|2020-12-13 01:00:56.716065|[g:1][CONSENSUS][PBFT]checkAndChangeView: Reach consensus,org_view=1473,cur_changeCycle=1,curView=1473,view=1474
info|2020-12-13 01:00:57.718838|[g:1][CONSENSUS]addRawPrepare,height=69,reqIdx=2,hash=35d6f911...,time=0
info|2020-12-13 01:00:57.719034|[g:1][CONSENSUS][PBFT]checkTimeout Succ,view=1474,toView=1475,nodeIdx=3,changeCycle=1,myNode=cf70068d...,timecost=0.17
info|2020-12-13 01:00:57.721355|[g:1][CONSENSUS][PBFT]checkAndChangeView: Reach consensus,org_view=1474,cur_changeCycle=1,curView=1474,view=1475
info|2020-12-13 01:00:57.894502|[P2P][Service] heartBeat,connected count=3
info|2020-12-13 01:00:58.721125|[g:1][CONSENSUS][SEALER]++++++++++++++++ Generating seal on,blkNum=69,tx=0,nodeIdx=3,hash=6374d245...
info|2020-12-13 01:00:58.726800|[g:1][CONSENSUS][PBFT]checkTimeout Succ,view=1475,toView=1476,nodeIdx=3,changeCycle=1,myNode=cf70068d...,timecost=0.216
info|2020-12-13 01:00:58.727565|[g:1][CONSENSUS][PBFT]checkAndChangeView: Reach consensus,org_view=1475,cur_changeCycle=1,curView=1475,view=1476
info|2020-12-13 01:00:59.727650|[g:1][CONSENSUS]addRawPrepare,height=69,reqIdx=0,hash=7b04b124...,time=0
info|2020-12-13 01:00:59.727849|[g:1][CONSENSUS][PBFT]checkTimeout Succ,view=1476,toView=1477,nodeIdx=3,changeCycle=1,myNode=cf70068d...,timecost=0.172
info|2020-12-13 01:00:59.729372|[g:1][CONSENSUS][PBFT]checkAndChangeView: Reach consensus,org_view=1476,cur_changeCycle=1,curView=1476,view=1477
info|2020-12-13 01:01:00.732775|[g:1][CONSENSUS]addRawPrepare,height=69,reqIdx=1,hash=623827b9...,time=0
info|2020-12-13 01:01:00.732974|[g:1][CONSENSUS][PBFT]checkTimeout Succ,view=1477,toView=1478,nodeIdx=3,changeCycle=1,myNode=cf70068d...,timecost=0.172
info|2020-12-13 01:01:00.740884|[g:1][CONSENSUS][PBFT]checkAndChangeView: Reach consensus,org_view=1477,cur_changeCycle=1,curView=1477,view=1478
info|2020-12-13 01:01:01.745974|[g:1][CONSENSUS]addRawPrepare,height=69,reqIdx=2,hash=92088cd0...,time=0
info|2020-12-13 01:01:01.746286|[g:1][CONSENSUS][PBFT]checkTimeout Succ,view=1478,toView=1479,nodeIdx=3,changeCycle=1,myNode=cf70068d...,timecost=0.28
info|2020-12-13 01:01:01.748439|[g:1][CONSENSUS][PBFT]checkAndChangeView: Reach consensus,org_view=1478,cur_changeCycle=1,curView=1478,view=1479
info|2020-12-13 01:01:02.752556|[g:1][CONSENSUS][SEALER]++++++++++++++++ Generating seal on,blkNum=69,tx=0,nodeIdx=3,hash=5e79c87e...
info|2020-12-13 01:01:02.757429|[g:1][CONSENSUS][PBFT]checkTimeout Succ,view=1479,toView=1480,nodeIdx=3,changeCycle=1,myNode=cf70068d...,timecost=0.18
info|2020-12-13 01:01:02.758419|[g:1][CONSENSUS][PBFT]checkAndChangeView: Reach consensus,org_view=1479,cur_changeCycle=1,curView=1479,view=1480
info|2020-12-13 01:01:03.756991|[g:1][CONSENSUS]addRawPrepare,height=69,reqIdx=0,hash=7e9cef3f...,time=1
info|2020-12-13 01:01:03.757214|[g:1][CONSENSUS][PBFT]checkTimeout Succ,view=1480,toView=1481,nodeIdx=3,changeCycle=1,myNode=cf70068d...,timecost=0.187
info|2020-12-13 01:01:03.760235|[g:1][CONSENSUS][PBFT]checkAndChangeView: Reach consensus,org_view=1480,cur_changeCycle=1,curView=1480,view=1481
info|2020-12-13 01:01:04.769185|[g:1][CONSENSUS]addRawPrepare,height=69,reqIdx=1,hash=3339be73...,time=0
info|2020-12-13 01:01:04.769418|[g:1][CONSENSUS][PBFT]checkTimeout Succ,view=1481,toView=1482,nodeIdx=3,changeCycle=1,myNode=cf70068d...,timecost=0.189
info|2020-12-13 01:01:04.770107|[g:1][CONSENSUS][PBFT]checkAndChangeView: Reach consensus,org_view=1481,cur_changeCycle=1,curView=1481,view=1482
info|2020-12-13 01:01:05.778182|[g:1][CONSENSUS]addRawPrepare,height=69,reqIdx=2,hash=e0145622...,time=0
info|2020-12-13 01:01:05.778379|[g:1][CONSENSUS][PBFT]checkTimeout Succ,view=1482,toView=1483,nodeIdx=3,changeCycle=1,myNode=cf70068d...,timecost=0.171
info|2020-12-13 01:01:05.782473|[g:1][CONSENSUS][PBFT]checkAndChangeView: Reach consensus,org_view=1482,cur_changeCycle=1,curView=1482,view=1483
info|2020-12-13 01:01:06.783490|[g:1][CONSENSUS][SEALER]++++++++++++++++ Generating seal on,blkNum=69,tx=0,nodeIdx=3,hash=cb2f7bb8...
info|2020-12-13 01:01:06.788779|[g:1][CONSENSUS][PBFT]checkTimeout Succ,view=1483,toView=1484,nodeIdx=3,changeCycle=1,myNode=cf70068d...,timecost=0.178
info|2020-12-13 01:01:06.789757|[g:1][CONSENSUS][PBFT]checkAndChangeView: Reach consensus,org_view=1483,cur_changeCycle=1,curView=1483,view=1484
info|2020-12-13 01:01:07.788987|[g:1][CONSENSUS]addRawPrepare,height=69,reqIdx=0,hash=46221ced...,time=0
info|2020-12-13 01:01:07.789182|[g:1][CONSENSUS][PBFT]checkTimeout Succ,view=1484,toView=1485,nodeIdx=3,changeCycle=1,myNode=cf70068d...,timecost=0.17
info|2020-12-13 01:01:07.791363|[g:1][CONSENSUS][PBFT]checkAndChangeView: Reach consensus,org_view=1484,cur_changeCycle=1,curView=1484,view=1485
info|2020-12-13 01:01:07.894600|[P2P][Service] heartBeat,connected count=3
info|2020-12-13 01:01:08.793909|[g:1][CONSENSUS]addRawPrepare,height=69,reqIdx=1,hash=7a470c26...,time=0
info|2020-12-13 01:01:08.794106|[g:1][CONSENSUS][PBFT]checkTimeout Succ,view=1485,toView=1486,nodeIdx=3,changeCycle=1,myNode=cf70068d...,timecost=0.17
info|2020-12-13 01:01:08.796861|[g:1][CONSENSUS][PBFT]checkAndChangeView: Reach consensus,org_view=1485,cur_changeCycle=1,curView=1485,view=1486
info|2020-12-13 01:01:09.798820|[g:1][CONSENSUS]addRawPrepare,height=69,reqIdx=2,hash=35502d90...,time=0
info|2020-12-13 01:01:09.799014|[g:1][CONSENSUS][PBFT]checkTimeout Succ,view=1486,toView=1487,nodeIdx=3,changeCycle=1,myNode=cf70068d...,timecost=0.168
info|2020-12-13 01:01:09.801448|[g:1][CONSENSUS][PBFT]checkAndChangeView: Reach consensus,org_view=1486,cur_changeCycle=1,curView=1486,view=1487
info|2020-12-13 01:01:10.802794|[g:1][CONSENSUS][SEALER]++++++++++++++++ Generating seal on,blkNum=69,tx=0,nodeIdx=3,hash=a6fa0faf...
info|2020-12-13 01:01:10.808164|[g:1][CONSENSUS][PBFT]checkTimeout Succ,view=1487,toView=1488,nodeIdx=3,changeCycle=1,myNode=cf70068d...,timecost=0.173
info|2020-12-13 01:01:10.808920|[g:1][CONSENSUS][PBFT]checkAndChangeView: Reach consensus,org_view=1487,cur_changeCycle=1,curView=1487,view=1488
info|2020-12-13 01:01:11.809784|[g:1][CONSENSUS]addRawPrepare,height=69,reqIdx=0,hash=b6b8b259...,time=0
info|2020-12-13 01:01:11.810080|[g:1][CONSENSUS][PBFT]checkTimeout Succ,view=1488,toView=1489,nodeIdx=3,changeCycle=1,myNode=cf70068d...,timecost=0.259
info|2020-12-13 01:01:11.814171|[g:1][CONSENSUS][PBFT]checkAndChangeView: Reach consensus,org_view=1488,cur_changeCycle=1,curView=1488,view=1489
info|2020-12-13 01:01:12.816525|[g:1][CONSENSUS]addRawPrepare,height=69,reqIdx=1,hash=9370dd04...,time=0
info|2020-12-13 01:01:12.816721|[g:1][CONSENSUS][PBFT]checkTimeout Succ,view=1489,toView=1490,nodeIdx=3,changeCycle=1,myNode=cf70068d...,timecost=0.171
info|2020-12-13 01:01:12.825472|[g:1][CONSENSUS][PBFT]checkAndChangeView: Reach consensus,org_view=1489,cur_changeCycle=1,curView=1489,view=1490
info|2020-12-13 01:01:13.824294|[g:1][CONSENSUS]addRawPrepare,height=69,reqIdx=2,hash=e236d22b...,time=0
info|2020-12-13 01:01:13.824490|[g:1][CONSENSUS][PBFT]checkTimeout Succ,view=1490,toView=1491,nodeIdx=3,changeCycle=1,myNode=cf70068d...,timecost=0.171
info|2020-12-13 01:01:13.827801|[g:1][CONSENSUS][PBFT]checkAndChangeView: Reach consensus,org_view=1490,cur_changeCycle=1,curView=1490,view=1491
info|2020-12-13 01:01:14.828856|[g:1][CONSENSUS][SEALER]++++++++++++++++ Generating seal on,blkNum=69,tx=0,nodeIdx=3,hash=9c391fc6...
info|2020-12-13 01:01:14.837446|[g:1][CONSENSUS][PBFT]checkTimeout Succ,view=1491,toView=1492,nodeIdx=3,changeCycle=1,myNode=cf70068d...,timecost=0.192
info|2020-12-13 01:01:14.840503|[g:1][CONSENSUS][PBFT]checkAndChangeView: Reach consensus,org_view=1491,cur_changeCycle=1,curView=1491,view=1492
info|2020-12-13 01:01:15.834884|[g:1][CONSENSUS]addRawPrepare,height=69,reqIdx=0,hash=b06d8a17...,time=0
info|2020-12-13 01:01:15.835094|[g:1][CONSENSUS][PBFT]checkTimeout Succ,view=1492,toView=1493,nodeIdx=3,changeCycle=1,myNode=cf70068d...,timecost=0.18
info|2020-12-13 01:01:15.839408|[g:1][CONSENSUS][PBFT]checkAndChangeView: Reach consensus,org_view=1492,cur_changeCycle=1,curView=1492,view=1493
info|2020-12-13 01:01:16.844266|[g:1][CONSENSUS]addRawPrepare,height=69,reqIdx=1,hash=f9b869b3...,time=0
info|2020-12-13 01:01:16.847584|[g:1][CONSENSUS][PBFT]checkTimeout Succ,view=1493,toView=1494,nodeIdx=3,changeCycle=1,myNode=cf70068d...,timecost=3.258
info|2020-12-13 01:01:16.851264|[g:1][CONSENSUS][PBFT]checkAndChangeView: Reach consensus,org_view=1493,cur_changeCycle=1,curView=1493,view=1494
info|2020-12-13 01:01:17.855106|[g:1][CONSENSUS]addRawPrepare,height=69,reqIdx=2,hash=571412a9...,time=0
info|2020-12-13 01:01:17.855303|[g:1][CONSENSUS][PBFT]checkTimeout Succ,view=1494,toView=1495,nodeIdx=3,changeCycle=1,myNode=cf70068d...,timecost=0.17
info|2020-12-13 01:01:17.859865|[g:1][CONSENSUS][PBFT]checkAndChangeView: Reach consensus,org_view=1494,cur_changeCycle=1,curView=1494,view=1495
info|2020-12-13 01:01:17.894650|[P2P][Service] heartBeat,connected count=3
info|2020-12-13 01:01:18.861423|[g:1][CONSENSUS][SEALER]++++++++++++++++ Generating seal on,blkNum=69,tx=0,nodeIdx=3,hash=a7c21d11...
info|2020-12-13 01:01:18.874081|[g:1][CONSENSUS][PBFT]checkTimeout Succ,view=1495,toView=1496,nodeIdx=3,changeCycle=1,myNode=cf70068d...,timecost=0.205
info|2020-12-13 01:01:18.875399|[g:1][CONSENSUS][PBFT]checkAndChangeView: Reach consensus,org_view=1495,cur_changeCycle=1,curView=1495,view=1496
info|2020-12-13 01:01:19.877682|[g:1][CONSENSUS]addRawPrepare,height=69,reqIdx=0,hash=a0a11e34...,time=0
info|2020-12-13 01:01:19.877985|[g:1][CONSENSUS][PBFT]checkTimeout Succ,view=1496,toView=1497,nodeIdx=3,changeCycle=1,myNode=cf70068d...,timecost=0.266
info|2020-12-13 01:01:19.883487|[g:1][CONSENSUS][PBFT]checkAndChangeView: Reach consensus,org_view=1496,cur_changeCycle=1,curView=1496,view=1497
info|2020-12-13 01:01:20.890525|[g:1][CONSENSUS]addRawPrepare,height=69,reqIdx=1,hash=daf9c8bf...,time=0
info|2020-12-13 01:01:20.890721|[g:1][CONSENSUS][PBFT]checkTimeout Succ,view=1497,toView=1498,nodeIdx=3,changeCycle=1,myNode=cf70068d...,timecost=0.169
info|2020-12-13 01:01:20.891220|[g:1][CONSENSUS][PBFT]checkAndChangeView: Reach consensus,org_view=1497,cur_changeCycle=1,curView=1497,view=1498
info|2020-12-13 01:01:21.894944|[g:1][CONSENSUS]addRawPrepare,height=69,reqIdx=2,hash=74bf29ae...,time=0
info|2020-12-13 01:01:21.895139|[g:1][CONSENSUS][PBFT]checkTimeout Succ,view=1498,toView=1499,nodeIdx=3,changeCycle=1,myNode=cf70068d...,timecost=0.17
info|2020-12-13 01:01:21.896899|[g:1][CONSENSUS][PBFT]checkAndChangeView: Reach consensus,org_view=1498,cur_changeCycle=1,curView=1498,view=1499
info|2020-12-13 01:01:22.897221|[g:1][CONSENSUS][SEALER]++++++++++++++++ Generating seal on,blkNum=69,tx=0,nodeIdx=3,hash=e8a24de1...
info|2020-12-13 01:01:22.909317|[g:1][CONSENSUS][PBFT]checkTimeout Succ,view=1499,toView=1500,nodeIdx=3,changeCycle=1,myNode=cf70068d...,timecost=0.337
info|2020-12-13 01:01:22.911741|[g:1][CONSENSUS][PBFT]checkAndChangeView: Reach consensus,org_view=1499,cur_changeCycle=1,curView=1499,view=1500
info|2020-12-13 01:01:23.909968|[g:1][CONSENSUS]addRawPrepare,height=69,reqIdx=0,hash=f60f16ec...,time=0
info|2020-12-13 01:01:23.910196|[g:1][CONSENSUS][PBFT]checkTimeout Succ,view=1500,toView=1501,nodeIdx=3,changeCycle=1,myNode=cf70068d...,timecost=0.202
info|2020-12-13 01:01:23.917198|[g:1][CONSENSUS][PBFT]checkAndChangeView: Reach consensus,org_view=1500,cur_changeCycle=1,curView=1500,view=1501
info|2020-12-13 01:01:24.913855|[g:1][CONSENSUS]addRawPrepare,height=69,reqIdx=1,hash=a3c55085...,time=0
info|2020-12-13 01:01:24.914052|[g:1][CONSENSUS][PBFT]checkTimeout Succ,view=1501,toView=1502,nodeIdx=3,changeCycle=1,myNode=cf70068d...,timecost=0.171
info|2020-12-13 01:01:24.920253|[g:1][CONSENSUS][PBFT]checkAndChangeView: Reach consensus,org_view=1501,cur_changeCycle=1,curView=1501,view=1502
info|2020-12-13 01:01:25.923562|[g:1][CONSENSUS]addRawPrepare,height=69,reqIdx=2,hash=fb2590d9...,time=0
info|2020-12-13 01:01:25.923760|[g:1][CONSENSUS][PBFT]checkTimeout Succ,view=1502,toView=1503,nodeIdx=3,changeCycle=1,myNode=cf70068d...,timecost=0.171
info|2020-12-13 01:01:25.927716|[g:1][CONSENSUS][PBFT]checkAndChangeView: Reach consensus,org_view=1502,cur_changeCycle=1,curView=1502,view=1503
info|2020-12-13 01:01:26.930956|[g:1][CONSENSUS][SEALER]++++++++++++++++ Generating seal on,blkNum=69,tx=0,nodeIdx=3,hash=acd3487e...
info|2020-12-13 01:01:26.936675|[g:1][CONSENSUS][PBFT]checkTimeout Succ,view=1503,toView=1504,nodeIdx=3,changeCycle=1,myNode=cf70068d...,timecost=0.207
info|2020-12-13 01:01:26.941051|[g:1][CONSENSUS][PBFT]checkAndChangeView: Reach consensus,org_view=1503,cur_changeCycle=1,curView=1503,view=1504
info|2020-12-13 01:01:27.895085|[P2P][Service] heartBeat,connected count=3
info|2020-12-13 01:01:27.937167|[g:1][CONSENSUS]addRawPrepare,height=69,reqIdx=0,hash=1558ea9e...,time=0
info|2020-12-13 01:01:27.937370|[g:1][CONSENSUS][PBFT]checkTimeout Succ,view=1504,toView=1505,nodeIdx=3,changeCycle=1,myNode=cf70068d...,timecost=0.175
info|2020-12-13 01:01:27.942611|[g:1][CONSENSUS][PBFT]checkAndChangeView: Reach consensus,org_view=1504,cur_changeCycle=1,curView=1504,view=1505
info|2020-12-13 01:01:28.947835|[g:1][CONSENSUS]addRawPrepare,height=69,reqIdx=1,hash=b987ada9...,time=0
info|2020-12-13 01:01:28.948033|[g:1][CONSENSUS][PBFT]checkTimeout Succ,view=1505,toView=1506,nodeIdx=3,changeCycle=1,myNode=cf70068d...,timecost=0.172
info|2020-12-13 01:01:28.950220|[g:1][CONSENSUS][PBFT]checkAndChangeView: Reach consensus,org_view=1505,cur_changeCycle=1,curView=1505,view=1506
info|2020-12-13 01:01:29.955456|[g:1][CONSENSUS]addRawPrepare,height=69,reqIdx=2,hash=be985fc2...,time=0
info|2020-12-13 01:01:29.955763|[g:1][CONSENSUS][PBFT]checkTimeout Succ,view=1506,toView=1507,nodeIdx=3,changeCycle=1,myNode=cf70068d...,timecost=0.267
info|2020-12-13 01:01:29.962069|[g:1][CONSENSUS][PBFT]checkAndChangeView: Reach consensus,org_view=1506,cur_changeCycle=1,curView=1506,view=1507
info|2020-12-13 01:01:30.967673|[g:1][CONSENSUS][SEALER]++++++++++++++++ Generating seal on,blkNum=69,tx=0,nodeIdx=3,hash=8652ca93...
info|2020-12-13 01:01:30.978099|[g:1][CONSENSUS][PBFT]checkTimeout Succ,view=1507,toView=1508,nodeIdx=3,changeCycle=1,myNode=cf70068d...,timecost=0.201
info|2020-12-13 01:01:30.979514|[g:1][CONSENSUS][PBFT]checkAndChangeView: Reach consensus,org_view=1507,cur_changeCycle=1,curView=1507,view=1508
info|2020-12-13 01:01:31.981701|[g:1][CONSENSUS]addRawPrepare,height=69,reqIdx=0,hash=3e65760b...,time=0
info|2020-12-13 01:01:31.981896|[g:1][CONSENSUS][PBFT]checkTimeout Succ,view=1508,toView=1509,nodeIdx=3,changeCycle=1,myNode=cf70068d...,timecost=0.168
info|2020-12-13 01:01:31.984308|[g:1][CONSENSUS][PBFT]checkAndChangeView: Reach consensus,org_view=1508,cur_changeCycle=1,curView=1508,view=1509
info|2020-12-13 01:01:32.987532|[g:1][CONSENSUS]addRawPrepare,height=69,reqIdx=1,hash=c4c19dfd...,time=0
info|2020-12-13 01:01:32.987727|[g:1][CONSENSUS][PBFT]checkTimeout Succ,view=1509,toView=1510,nodeIdx=3,changeCycle=1,myNode=cf70068d...,timecost=0.169
info|2020-12-13 01:01:32.990366|[g:1][CONSENSUS][PBFT]checkAndChangeView: Reach consensus,org_view=1509,cur_changeCycle=1,curView=1509,view=1510
info|2020-12-13 01:01:33.993899|[g:1][CONSENSUS]addRawPrepare,height=69,reqIdx=2,hash=132b9dd3...,time=0
info|2020-12-13 01:01:33.994130|[g:1][CONSENSUS][PBFT]checkTimeout Succ,view=1510,toView=1511,nodeIdx=3,changeCycle=1,myNode=cf70068d...,timecost=0.208
info|2020-12-13 01:01:33.996373|[g:1][CONSENSUS][PBFT]checkAndChangeView: Reach consensus,org_view=1510,cur_changeCycle=1,curView=1510,view=1511
info|2020-12-13 01:01:34.996266|[g:1][CONSENSUS][SEALER]++++++++++++++++ Generating seal on,blkNum=69,tx=0,nodeIdx=3,hash=dcb73238...
info|2020-12-13 01:01:35.010214|[g:1][CONSENSUS][PBFT]checkTimeout Succ,view=1511,toView=1512,nodeIdx=3,changeCycle=1,myNode=cf70068d...,timecost=0.225
info|2020-12-13 01:01:35.013837|[g:1][CONSENSUS][PBFT]checkAndChangeView: Reach consensus,org_view=1511,cur_changeCycle=1,curView=1511,view=1512
info|2020-12-13 01:01:36.012791|[g:1][CONSENSUS]addRawPrepare,height=69,reqIdx=0,hash=7d2295fa...,time=0
info|2020-12-13 01:01:36.013093|[g:1][CONSENSUS][PBFT]checkTimeout Succ,view=1512,toView=1513,nodeIdx=3,changeCycle=1,myNode=cf70068d...,timecost=0.263
info|2020-12-13 01:01:36.016937|[g:1][CONSENSUS][PBFT]checkAndChangeView: Reach consensus,org_view=1512,cur_changeCycle=1,curView=1512,view=1513
info|2020-12-13 01:01:37.019515|[g:1][CONSENSUS]addRawPrepare,height=69,reqIdx=1,hash=7b076b3f...,time=0
info|2020-12-13 01:01:37.019761|[g:1][CONSENSUS][PBFT]checkTimeout Succ,view=1513,toView=1514,nodeIdx=3,changeCycle=1,myNode=cf70068d...,timecost=0.221
info|2020-12-13 01:01:37.025299|[g:1][CONSENSUS][PBFT]checkAndChangeView: Reach consensus,org_view=1513,cur_changeCycle=1,curView=1513,view=1514
info|2020-12-13 01:01:37.895216|[P2P][Service] heartBeat,connected count=3
info|2020-12-13 01:01:38.032603|[g:1][CONSENSUS]addRawPrepare,height=69,reqIdx=2,hash=8c0ab197...,time=0
info|2020-12-13 01:01:38.036455|[g:1][CONSENSUS][PBFT]checkTimeout Succ,view=1514,toView=1515,nodeIdx=3,changeCycle=1,myNode=cf70068d...,timecost=3.831
info|2020-12-13 01:01:38.037035|[g:1][CONSENSUS][PBFT]checkAndChangeView: Reach consensus,org_view=1514,cur_changeCycle=1,curView=1514,view=1515
info|2020-12-13 01:01:39.037894|[g:1][CONSENSUS][SEALER]++++++++++++++++ Generating seal on,blkNum=69,tx=0,nodeIdx=3,hash=efc574cc...
info|2020-12-13 01:01:39.045820|[g:1][CONSENSUS][PBFT]checkTimeout Succ,view=1515,toView=1516,nodeIdx=3,changeCycle=1,myNode=cf70068d...,timecost=0.222
info|2020-12-13 01:01:39.049908|[g:1][CONSENSUS][PBFT]checkAndChangeView: Reach consensus,org_view=1515,cur_changeCycle=1,curView=1515,view=1516
info|2020-12-13 01:01:40.044403|[g:1][CONSENSUS]addRawPrepare,height=69,reqIdx=0,hash=ac679971...,time=0
info|2020-12-13 01:01:40.046813|[g:1][CONSENSUS][PBFT]checkTimeout Succ,view=1516,toView=1517,nodeIdx=3,changeCycle=1,myNode=cf70068d...,timecost=2.389
info|2020-12-13 01:01:40.047500|[g:1][CONSENSUS][PBFT]checkAndChangeView: Reach consensus,org_view=1516,cur_changeCycle=1,curView=1516,view=1517
info|2020-12-13 01:01:41.052122|[g:1][CONSENSUS]addRawPrepare,height=69,reqIdx=1,hash=80aaeaa0...,time=0
info|2020-12-13 01:01:41.052319|[g:1][CONSENSUS][PBFT]checkTimeout Succ,view=1517,toView=1518,nodeIdx=3,changeCycle=1,myNode=cf70068d...,timecost=0.172
info|2020-12-13 01:01:41.054479|[g:1][CONSENSUS][PBFT]checkAndChangeView: Reach consensus,org_view=1517,cur_changeCycle=1,curView=1517,view=1518
info|2020-12-13 01:01:42.061001|[g:1][CONSENSUS]addRawPrepare,height=69,reqIdx=2,hash=69ef2cac...,time=1
info|2020-12-13 01:01:42.061202|[g:1][CONSENSUS][PBFT]checkTimeout Succ,view=1518,toView=1519,nodeIdx=3,changeCycle=1,myNode=cf70068d...,timecost=0.172
info|2020-12-13 01:01:42.062986|[g:1][CONSENSUS][PBFT]checkAndChangeView: Reach consensus,org_view=1518,cur_changeCycle=1,curView=1518,view=1519
info|2020-12-13 01:01:43.063336|[g:1][CONSENSUS][SEALER]++++++++++++++++ Generating seal on,blkNum=69,tx=0,nodeIdx=3,hash=7321358e...
info|2020-12-13 01:01:43.074905|[g:1][CONSENSUS][PBFT]checkTimeout Succ,view=1519,toView=1520,nodeIdx=3,changeCycle=1,myNode=cf70068d...,timecost=0.231
info|2020-12-13 01:01:43.075749|[g:1][CONSENSUS][PBFT]checkAndChangeView: Reach consensus,org_view=1519,cur_changeCycle=1,curView=1519,view=1520
info|2020-12-13 01:01:44.072588|[g:1][CONSENSUS]addRawPrepare,height=69,reqIdx=0,hash=7bc38d61...,time=0
info|2020-12-13 01:01:44.072796|[g:1][CONSENSUS][PBFT]checkTimeout Succ,view=1520,toView=1521,nodeIdx=3,changeCycle=1,myNode=cf70068d...,timecost=0.182
info|2020-12-13 01:01:44.078225|[g:1][CONSENSUS][PBFT]checkAndChangeView: Reach consensus,org_view=1520,cur_changeCycle=1,curView=1520,view=1521
info|2020-12-13 01:01:45.083821|[g:1][CONSENSUS]addRawPrepare,height=69,reqIdx=1,hash=1ea2a50f...,time=0
info|2020-12-13 01:01:45.084055|[g:1][CONSENSUS][PBFT]checkTimeout Succ,view=1521,toView=1522,nodeIdx=3,changeCycle=1,myNode=cf70068d...,timecost=0.179
info|2020-12-13 01:01:45.084599|[g:1][CONSENSUS][PBFT]checkAndChangeView: Reach consensus,org_view=1521,cur_changeCycle=1,curView=1521,view=1522
info|2020-12-13 01:01:46.087793|[g:1][CONSENSUS]addRawPrepare,height=69,reqIdx=2,hash=b1a6e8d0...,time=0
info|2020-12-13 01:01:46.087992|[g:1][CONSENSUS][PBFT]checkTimeout Succ,view=1522,toView=1523,nodeIdx=3,changeCycle=1,myNode=cf70068d...,timecost=0.171
info|2020-12-13 01:01:46.091207|[g:1][CONSENSUS][PBFT]checkAndChangeView: Reach consensus,org_view=1522,cur_changeCycle=1,curView=1522,view=1523
info|2020-12-13 01:01:47.091754|[g:1][CONSENSUS][SEALER]++++++++++++++++ Generating seal on,blkNum=69,tx=0,nodeIdx=3,hash=d27ac4bc...
info|2020-12-13 01:01:47.101059|[g:1][CONSENSUS][PBFT]checkTimeout Succ,view=1523,toView=1524,nodeIdx=3,changeCycle=1,myNode=cf70068d...,timecost=0.295
info|2020-12-13 01:01:47.102834|[g:1][CONSENSUS][PBFT]checkAndChangeView: Reach consensus,org_view=1523,cur_changeCycle=1,curView=1523,view=1524
info|2020-12-13 01:01:47.895345|[P2P][Service] heartBeat,connected count=3
info|2020-12-13 01:01:48.107140|[g:1][CONSENSUS]addRawPrepare,height=69,reqIdx=0,hash=43385b0a...,time=0
info|2020-12-13 01:01:48.107351|[g:1][CONSENSUS][PBFT]checkTimeout Succ,view=1524,toView=1525,nodeIdx=3,changeCycle=1,myNode=cf70068d...,timecost=0.178
info|2020-12-13 01:01:48.107858|[g:1][CONSENSUS][PBFT]checkAndChangeView: Reach consensus,org_view=1524,cur_changeCycle=1,curView=1524,view=1525
info|2020-12-13 01:01:49.117381|[g:1][CONSENSUS]addRawPrepare,height=69,reqIdx=1,hash=8c655048...,time=0
info|2020-12-13 01:01:49.117583|[g:1][CONSENSUS][PBFT]checkTimeout Succ,view=1525,toView=1526,nodeIdx=3,changeCycle=1,myNode=cf70068d...,timecost=0.176
info|2020-12-13 01:01:49.122738|[g:1][CONSENSUS][PBFT]checkAndChangeView: Reach consensus,org_view=1525,cur_changeCycle=1,curView=1525,view=1526
info|2020-12-13 01:01:50.122793|[g:1][CONSENSUS]addRawPrepare,height=69,reqIdx=2,hash=0e38cadf...,time=0
info|2020-12-13 01:01:50.126863|[g:1][CONSENSUS][PBFT]checkTimeout Succ,view=1526,toView=1527,nodeIdx=3,changeCycle=1,myNode=cf70068d...,timecost=2.173
info|2020-12-13 01:01:50.127530|[g:1][CONSENSUS][PBFT]checkAndChangeView: Reach consensus,org_view=1526,cur_changeCycle=1,curView=1526,view=1527
info|2020-12-13 01:01:51.127523|[g:1][CONSENSUS][SEALER]++++++++++++++++ Generating seal on,blkNum=69,tx=0,nodeIdx=3,hash=3985dc38...
info|2020-12-13 01:01:51.135217|[g:1][CONSENSUS][PBFT]checkTimeout Succ,view=1527,toView=1528,nodeIdx=3,changeCycle=1,myNode=cf70068d...,timecost=0.201
info|2020-12-13 01:01:51.136486|[g:1][CONSENSUS][PBFT]checkAndChangeView: Reach consensus,org_view=1527,cur_changeCycle=1,curView=1527,view=1528
info|2020-12-13 01:01:52.136914|[g:1][CONSENSUS]addRawPrepare,height=69,reqIdx=0,hash=42885da1...,time=0
info|2020-12-13 01:01:52.137112|[g:1][CONSENSUS][PBFT]checkTimeout Succ,view=1528,toView=1529,nodeIdx=3,changeCycle=1,myNode=cf70068d...,timecost=0.172
info|2020-12-13 01:01:52.139264|[g:1][CONSENSUS][PBFT]checkAndChangeView: Reach consensus,org_view=1528,cur_changeCycle=1,curView=1528,view=1529
info|2020-12-13 01:01:53.145168|[g:1][CONSENSUS]addRawPrepare,height=69,reqIdx=1,hash=24ceb0a0...,time=0
info|2020-12-13 01:01:53.149903|[g:1][CONSENSUS][PBFT]checkTimeout Succ,view=1529,toView=1530,nodeIdx=3,changeCycle=1,myNode=cf70068d...,timecost=4.713
info|2020-12-13 01:01:53.152722|[g:1][CONSENSUS][PBFT]checkAndChangeView: Reach consensus,org_view=1529,cur_changeCycle=1,curView=1529,view=1530
info|2020-12-13 01:01:54.195216|[g:1][CONSENSUS]addRawPrepare,height=69,reqIdx=2,hash=ab13f72f...,time=0
info|2020-12-13 01:01:54.195450|[g:1][CONSENSUS][PBFT]checkTimeout Succ,view=1530,toView=1531,nodeIdx=3,changeCycle=1,myNode=cf70068d...,timecost=0.186
info|2020-12-13 01:01:54.200094|[g:1][CONSENSUS][PBFT]checkAndChangeView: Reach consensus,org_view=1530,cur_changeCycle=1,curView=1530,view=1531
info|2020-12-13 01:01:55.200818|[g:1][CONSENSUS][SEALER]++++++++++++++++ Generating seal on,blkNum=69,tx=0,nodeIdx=3,hash=4c807705...
info|2020-12-13 01:01:55.206114|[g:1][CONSENSUS][PBFT]checkTimeout Succ,view=1531,toView=1532,nodeIdx=3,changeCycle=1,myNode=cf70068d...,timecost=0.19
info|2020-12-13 01:01:55.207885|[g:1][CONSENSUS][PBFT]checkAndChangeView: Reach consensus,org_view=1531,cur_changeCycle=1,curView=1531,view=1532
info|2020-12-13 01:01:56.207986|[g:1][CONSENSUS]addRawPrepare,height=69,reqIdx=0,hash=690ed688...,time=0
info|2020-12-13 01:01:56.208270|[g:1][CONSENSUS][PBFT]checkTimeout Succ,view=1532,toView=1533,nodeIdx=3,changeCycle=1,myNode=cf70068d...,timecost=0.245
info|2020-12-13 01:01:56.214464|[g:1][CONSENSUS][PBFT]checkAndChangeView: Reach consensus,org_view=1532,cur_changeCycle=1,curView=1532,view=1533
info|2020-12-13 01:01:57.217016|[g:1][CONSENSUS]addRawPrepare,height=69,reqIdx=1,hash=c8433e2c...,time=0
info|2020-12-13 01:01:57.217323|[g:1][CONSENSUS][PBFT]checkTimeout Succ,view=1533,toView=1534,nodeIdx=3,changeCycle=1,myNode=cf70068d...,timecost=0.265
info|2020-12-13 01:01:57.224071|[g:1][CONSENSUS][PBFT]checkAndChangeView: Reach consensus,org_view=1533,cur_changeCycle=1,curView=1533,view=1534
info|2020-12-13 01:01:57.895746|[P2P][Service] heartBeat,connected count=3
info|2020-12-13 01:01:58.231518|[g:1][CONSENSUS]addRawPrepare,height=69,reqIdx=2,hash=42e8f779...,time=0
info|2020-12-13 01:01:58.231725|[g:1][CONSENSUS][PBFT]checkTimeout Succ,view=1534,toView=1535,nodeIdx=3,changeCycle=1,myNode=cf70068d...,timecost=0.179
info|2020-12-13 01:01:58.237320|[g:1][CONSENSUS][PBFT]checkAndChangeView: Reach consensus,org_view=1534,cur_changeCycle=1,curView=1534,view=1535
info|2020-12-13 01:01:59.241463|[g:1][CONSENSUS][SEALER]++++++++++++++++ Generating seal on,blkNum=69,tx=0,nodeIdx=3,hash=a927275d...
info|2020-12-13 01:01:59.249369|[g:1][CONSENSUS][PBFT]checkTimeout Succ,view=1535,toView=1536,nodeIdx=3,changeCycle=1,myNode=cf70068d...,timecost=0.223
info|2020-12-13 01:01:59.252803|[g:1][CONSENSUS][PBFT]checkAndChangeView: Reach consensus,org_view=1535,cur_changeCycle=1,curView=1535,view=1536
info|2020-12-13 01:02:00.247130|[g:1][CONSENSUS]addRawPrepare,height=69,reqIdx=0,hash=be0b8010...,time=0
info|2020-12-13 01:02:00.247332|[g:1][CONSENSUS][PBFT]checkTimeout Succ,view=1536,toView=1537,nodeIdx=3,changeCycle=1,myNode=cf70068d...,timecost=0.175
info|2020-12-13 01:02:00.250142|[g:1][CONSENSUS][PBFT]checkAndChangeView: Reach consensus,org_view=1536,cur_changeCycle=1,curView=1536,view=1537
info|2020-12-13 01:02:01.252389|[g:1][CONSENSUS]addRawPrepare,height=69,reqIdx=1,hash=dc1f7fb6...,time=0
info|2020-12-13 01:02:01.252587|[g:1][CONSENSUS][PBFT]checkTimeout Succ,view=1537,toView=1538,nodeIdx=3,changeCycle=1,myNode=cf70068d...,timecost=0.172
info|2020-12-13 01:02:01.254692|[g:1][CONSENSUS][PBFT]checkAndChangeView: Reach consensus,org_view=1537,cur_changeCycle=1,curView=1537,view=1538
info|2020-12-13 01:02:02.257733|[g:1][CONSENSUS]addRawPrepare,height=69,reqIdx=2,hash=9dc9701e...,time=0
info|2020-12-13 01:02:02.257928|[g:1][CONSENSUS][PBFT]checkTimeout Succ,view=1538,toView=1539,nodeIdx=3,changeCycle=1,myNode=cf70068d...,timecost=0.17
info|2020-12-13 01:02:02.261731|[g:1][CONSENSUS][PBFT]checkAndChangeView: Reach consensus,org_view=1538,cur_changeCycle=1,curView=1538,view=1539
info|2020-12-13 01:02:03.262998|[g:1][CONSENSUS][SEALER]++++++++++++++++ Generating seal on,blkNum=69,tx=0,nodeIdx=3,hash=4cf87d24...
info|2020-12-13 01:02:03.268388|[g:1][CONSENSUS][PBFT]checkTimeout Succ,view=1539,toView=1540,nodeIdx=3,changeCycle=1,myNode=cf70068d...,timecost=0.185
info|2020-12-13 01:02:03.269341|[g:1][CONSENSUS][PBFT]checkAndChangeView: Reach consensus,org_view=1539,cur_changeCycle=1,curView=1539,view=1540
info|2020-12-13 01:02:04.269708|[g:1][CONSENSUS]addRawPrepare,height=69,reqIdx=0,hash=47ca0d92...,time=0
info|2020-12-13 01:02:04.269905|[g:1][CONSENSUS][PBFT]checkTimeout Succ,view=1540,toView=1541,nodeIdx=3,changeCycle=1,myNode=cf70068d...,timecost=0.169
info|2020-12-13 01:02:04.272143|[g:1][CONSENSUS][PBFT]checkAndChangeView: Reach consensus,org_view=1540,cur_changeCycle=1,curView=1540,view=1541
info|2020-12-13 01:02:05.281032|[g:1][CONSENSUS]addRawPrepare,height=69,reqIdx=1,hash=c5c3895d...,time=0
info|2020-12-13 01:02:05.281331|[g:1][CONSENSUS][PBFT]checkTimeout Succ,view=1541,toView=1542,nodeIdx=3,changeCycle=1,myNode=cf70068d...,timecost=0.265
info|2020-12-13 01:02:05.285243|[g:1][CONSENSUS][PBFT]checkAndChangeView: Reach consensus,org_view=1541,cur_changeCycle=1,curView=1541,view=1542
info|2020-12-13 01:02:06.287905|[g:1][CONSENSUS]addRawPrepare,height=69,reqIdx=2,hash=8da20eac...,time=0
info|2020-12-13 01:02:06.288102|[g:1][CONSENSUS][PBFT]checkTimeout Succ,view=1542,toView=1543,nodeIdx=3,changeCycle=1,myNode=cf70068d...,timecost=0.17
info|2020-12-13 01:02:06.291516|[g:1][CONSENSUS][PBFT]checkAndChangeView: Reach consensus,org_view=1542,cur_changeCycle=1,curView=1542,view=1543
info|2020-12-13 01:02:07.290824|[g:1][CONSENSUS][SEALER]++++++++++++++++ Generating seal on,blkNum=69,tx=0,nodeIdx=3,hash=df4328e2...
info|2020-12-13 01:02:07.296181|[g:1][CONSENSUS][PBFT]checkTimeout Succ,view=1543,toView=1544,nodeIdx=3,changeCycle=1,myNode=cf70068d...,timecost=0.215
info|2020-12-13 01:02:07.297175|[g:1][CONSENSUS][PBFT]checkAndChangeView: Reach consensus,org_view=1543,cur_changeCycle=1,curView=1543,view=1544
info|2020-12-13 01:02:07.895882|[P2P][Service] heartBeat,connected count=3
info|2020-12-13 01:02:08.299095|[g:1][CONSENSUS]addRawPrepare,height=69,reqIdx=0,hash=fdbf4aa3...,time=0
info|2020-12-13 01:02:08.299298|[g:1][CONSENSUS][PBFT]checkTimeout Succ,view=1544,toView=1545,nodeIdx=3,changeCycle=1,myNode=cf70068d...,timecost=0.174
info|2020-12-13 01:02:08.299848|[g:1][CONSENSUS][PBFT]checkAndChangeView: Reach consensus,org_view=1544,cur_changeCycle=1,curView=1544,view=1545
info|2020-12-13 01:02:09.302349|[g:1][CONSENSUS]addRawPrepare,height=69,reqIdx=1,hash=ad53ec59...,time=0
info|2020-12-13 01:02:09.302547|[g:1][CONSENSUS][PBFT]checkTimeout Succ,view=1545,toView=1546,nodeIdx=3,changeCycle=1,myNode=cf70068d...,timecost=0.172
info|2020-12-13 01:02:09.305323|[g:1][CONSENSUS][PBFT]checkAndChangeView: Reach consensus,org_view=1545,cur_changeCycle=1,curView=1545,view=1546
info|2020-12-13 01:02:10.306659|[g:1][CONSENSUS]addRawPrepare,height=69,reqIdx=2,hash=af12f094...,time=0
info|2020-12-13 01:02:10.306931|[g:1][CONSENSUS][PBFT]checkTimeout Succ,view=1546,toView=1547,nodeIdx=3,changeCycle=1,myNode=cf70068d...,timecost=0.247
info|2020-12-13 01:02:10.310228|[g:1][CONSENSUS][PBFT]checkAndChangeView: Reach consensus,org_view=1546,cur_changeCycle=1,curView=1546,view=1547
info|2020-12-13 01:02:11.310520|[g:1][CONSENSUS][SEALER]++++++++++++++++ Generating seal on,blkNum=69,tx=0,nodeIdx=3,hash=912de95b...
info|2020-12-13 01:02:11.315882|[g:1][CONSENSUS][PBFT]checkTimeout Succ,view=1547,toView=1548,nodeIdx=3,changeCycle=1,myNode=cf70068d...,timecost=0.193
info|2020-12-13 01:02:11.316972|[g:1][CONSENSUS][PBFT]checkAndChangeView: Reach consensus,org_view=1547,cur_changeCycle=1,curView=1547,view=1548
info|2020-12-13 01:02:12.318017|[g:1][CONSENSUS]addRawPrepare,height=69,reqIdx=0,hash=61ca7d02...,time=0
info|2020-12-13 01:02:12.318317|[g:1][CONSENSUS][PBFT]checkTimeout Succ,view=1548,toView=1549,nodeIdx=3,changeCycle=1,myNode=cf70068d...,timecost=0.262
info|2020-12-13 01:02:12.320722|[g:1][CONSENSUS][PBFT]checkAndChangeView: Reach consensus,org_view=1548,cur_changeCycle=1,curView=1548,view=1549
info|2020-12-13 01:02:13.324935|[g:1][CONSENSUS]addRawPrepare,height=69,reqIdx=1,hash=fed8d026...,time=0
info|2020-12-13 01:02:13.325136|[g:1][CONSENSUS][PBFT]checkTimeout Succ,view=1549,toView=1550,nodeIdx=3,changeCycle=1,myNode=cf70068d...,timecost=0.169
info|2020-12-13 01:02:13.328962|[g:1][CONSENSUS][PBFT]checkAndChangeView: Reach consensus,org_view=1549,cur_changeCycle=1,curView=1549,view=1550
info|2020-12-13 01:02:14.332326|[g:1][CONSENSUS]addRawPrepare,height=69,reqIdx=2,hash=3850ff0f...,time=0
info|2020-12-13 01:02:14.332527|[g:1][CONSENSUS][PBFT]checkTimeout Succ,view=1550,toView=1551,nodeIdx=3,changeCycle=1,myNode=cf70068d...,timecost=0.173
info|2020-12-13 01:02:14.334156|[g:1][CONSENSUS][PBFT]checkAndChangeView: Reach consensus,org_view=1550,cur_changeCycle=1,curView=1550,view=1551
info|2020-12-13 01:02:15.335742|[g:1][CONSENSUS][SEALER]++++++++++++++++ Generating seal on,blkNum=69,tx=0,nodeIdx=3,hash=1bf1fe6e...
info|2020-12-13 01:02:15.341584|[g:1][CONSENSUS][PBFT]checkTimeout Succ,view=1551,toView=1552,nodeIdx=3,changeCycle=1,myNode=cf70068d...,timecost=0.186
info|2020-12-13 01:02:15.342643|[g:1][CONSENSUS][PBFT]checkAndChangeView: Reach consensus,org_view=1551,cur_changeCycle=1,curView=1551,view=1552
info|2020-12-13 01:02:16.342851|[g:1][CONSENSUS]addRawPrepare,height=69,reqIdx=0,hash=ecc0a04b...,time=0
info|2020-12-13 01:02:16.343048|[g:1][CONSENSUS][PBFT]checkTimeout Succ,view=1552,toView=1553,nodeIdx=3,changeCycle=1,myNode=cf70068d...,timecost=0.171
info|2020-12-13 01:02:16.345537|[g:1][CONSENSUS][PBFT]checkAndChangeView: Reach consensus,org_view=1552,cur_changeCycle=1,curView=1552,view=1553
info|2020-12-13 01:02:17.347309|[g:1][CONSENSUS]addRawPrepare,height=69,reqIdx=1,hash=34b1197b...,time=0
info|2020-12-13 01:02:17.347511|[g:1][CONSENSUS][PBFT]checkTimeout Succ,view=1553,toView=1554,nodeIdx=3,changeCycle=1,myNode=cf70068d...,timecost=0.174
info|2020-12-13 01:02:17.350707|[g:1][CONSENSUS][PBFT]checkAndChangeView: Reach consensus,org_view=1553,cur_changeCycle=1,curView=1553,view=1554
info|2020-12-13 01:02:17.895933|[P2P][Service] heartBeat,connected count=3
info|2020-12-13 01:02:18.354686|[g:1][CONSENSUS]addRawPrepare,height=69,reqIdx=2,hash=be8dcb93...,time=0
info|2020-12-13 01:02:18.354904|[g:1][CONSENSUS][PBFT]checkTimeout Succ,view=1554,toView=1555,nodeIdx=3,changeCycle=1,myNode=cf70068d...,timecost=0.195
info|2020-12-13 01:02:18.357036|[g:1][CONSENSUS][PBFT]checkAndChangeView: Reach consensus,org_view=1554,cur_changeCycle=1,curView=1554,view=1555
info|2020-12-13 01:02:19.356956|[g:1][CONSENSUS][SEALER]++++++++++++++++ Generating seal on,blkNum=69,tx=0,nodeIdx=3,hash=df4c4a7b...
info|2020-12-13 01:02:19.362490|[g:1][CONSENSUS][PBFT]checkTimeout Succ,view=1555,toView=1556,nodeIdx=3,changeCycle=1,myNode=cf70068d...,timecost=0.177
info|2020-12-13 01:02:19.363499|[g:1][CONSENSUS][PBFT]checkAndChangeView: Reach consensus,org_view=1555,cur_changeCycle=1,curView=1555,view=1556
info|2020-12-13 01:02:20.364707|[g:1][CONSENSUS]addRawPrepare,height=69,reqIdx=0,hash=f21fea5e...,time=0
info|2020-12-13 01:02:20.364935|[g:1][CONSENSUS][PBFT]checkTimeout Succ,view=1556,toView=1557,nodeIdx=3,changeCycle=1,myNode=cf70068d...,timecost=0.186
info|2020-12-13 01:02:20.367759|[g:1][CONSENSUS][PBFT]checkAndChangeView: Reach consensus,org_view=1556,cur_changeCycle=1,curView=1556,view=1557
info|2020-12-13 01:02:21.370274|[g:1][CONSENSUS]addRawPrepare,height=69,reqIdx=1,hash=46481705...,time=0
info|2020-12-13 01:02:21.370466|[g:1][CONSENSUS][PBFT]checkTimeout Succ,view=1557,toView=1558,nodeIdx=3,changeCycle=1,myNode=cf70068d...,timecost=0.168
info|2020-12-13 01:02:21.372336|[g:1][CONSENSUS][PBFT]checkAndChangeView: Reach consensus,org_view=1557,cur_changeCycle=1,curView=1557,view=1558
info|2020-12-13 01:02:22.375019|[g:1][CONSENSUS]addRawPrepare,height=69,reqIdx=2,hash=d495d388...,time=0
info|2020-12-13 01:02:22.375237|[g:1][CONSENSUS][PBFT]checkTimeout Succ,view=1558,toView=1559,nodeIdx=3,changeCycle=1,myNode=cf70068d...,timecost=0.193
info|2020-12-13 01:02:22.377424|[g:1][CONSENSUS][PBFT]checkAndChangeView: Reach consensus,org_view=1558,cur_changeCycle=1,curView=1558,view=1559
info|2020-12-13 01:02:23.377226|[g:1][CONSENSUS][SEALER]++++++++++++++++ Generating seal on,blkNum=69,tx=0,nodeIdx=3,hash=6a96fb11...
info|2020-12-13 01:02:23.383285|[g:1][CONSENSUS][PBFT]checkTimeout Succ,view=1559,toView=1560,nodeIdx=3,changeCycle=1,myNode=cf70068d...,timecost=0.188
info|2020-12-13 01:02:23.384202|[g:1][CONSENSUS][PBFT]checkAndChangeView: Reach consensus,org_view=1559,cur_changeCycle=1,curView=1559,view=1560
info|2020-12-13 01:02:24.386076|[g:1][CONSENSUS]addRawPrepare,height=69,reqIdx=0,hash=09a4d462...,time=0
info|2020-12-13 01:02:24.386266|[g:1][CONSENSUS][PBFT]checkTimeout Succ,view=1560,toView=1561,nodeIdx=3,changeCycle=1,myNode=cf70068d...,timecost=0.166
info|2020-12-13 01:02:24.387642|[g:1][CONSENSUS][PBFT]checkAndChangeView: Reach consensus,org_view=1560,cur_changeCycle=1,curView=1560,view=1561
info|2020-12-13 01:02:25.390518|[g:1][CONSENSUS]addRawPrepare,height=69,reqIdx=1,hash=36934a97...,time=0
info|2020-12-13 01:02:25.390722|[g:1][CONSENSUS][PBFT]checkTimeout Succ,view=1561,toView=1562,nodeIdx=3,changeCycle=1,myNode=cf70068d...,timecost=0.173
info|2020-12-13 01:02:25.393997|[g:1][CONSENSUS][PBFT]checkAndChangeView: Reach consensus,org_view=1561,cur_changeCycle=1,curView=1561,view=1562
info|2020-12-13 01:02:26.396681|[g:1][CONSENSUS]addRawPrepare,height=69,reqIdx=2,hash=ad428b3a...,time=0
info|2020-12-13 01:02:26.396875|[g:1][CONSENSUS][PBFT]checkTimeout Succ,view=1562,toView=1563,nodeIdx=3,changeCycle=1,myNode=cf70068d...,timecost=0.169
info|2020-12-13 01:02:26.397397|[g:1][CONSENSUS][PBFT]checkAndChangeView: Reach consensus,org_view=1562,cur_changeCycle=1,curView=1562,view=1563
info|2020-12-13 01:02:27.397333|[g:1][CONSENSUS][SEALER]++++++++++++++++ Generating seal on,blkNum=69,tx=0,nodeIdx=3,hash=573f7ba8...
info|2020-12-13 01:02:27.402561|[g:1][CONSENSUS][PBFT]checkTimeout Succ,view=1563,toView=1564,nodeIdx=3,changeCycle=1,myNode=cf70068d...,timecost=0.215
info|2020-12-13 01:02:27.403534|[g:1][CONSENSUS][PBFT]checkAndChangeView: Reach consensus,org_view=1563,cur_changeCycle=1,curView=1563,view=1564
info|2020-12-13 01:02:27.895980|[P2P][Service] heartBeat,connected count=3
info|2020-12-13 01:02:28.404547|[g:1][CONSENSUS]addRawPrepare,height=69,reqIdx=0,hash=11e599af...,time=0
info|2020-12-13 01:02:28.404743|[g:1][CONSENSUS][PBFT]checkTimeout Succ,view=1564,toView=1565,nodeIdx=3,changeCycle=1,myNode=cf70068d...,timecost=0.172
info|2020-12-13 01:02:28.406688|[g:1][CONSENSUS][PBFT]checkAndChangeView: Reach consensus,org_view=1564,cur_changeCycle=1,curView=1564,view=1565
info|2020-12-13 01:02:29.410572|[g:1][CONSENSUS]addRawPrepare,height=69,reqIdx=1,hash=a196e18a...,time=0
info|2020-12-13 01:02:29.410765|[g:1][CONSENSUS][PBFT]checkTimeout Succ,view=1565,toView=1566,nodeIdx=3,changeCycle=1,myNode=cf70068d...,timecost=0.169
info|2020-12-13 01:02:29.412748|[g:1][CONSENSUS][PBFT]checkAndChangeView: Reach consensus,org_view=1565,cur_changeCycle=1,curView=1565,view=1566
info|2020-12-13 01:02:30.415344|[g:1][CONSENSUS]addRawPrepare,height=69,reqIdx=2,hash=948ab3c8...,time=0
info|2020-12-13 01:02:30.415563|[g:1][CONSENSUS][PBFT]checkTimeout Succ,view=1566,toView=1567,nodeIdx=3,changeCycle=1,myNode=cf70068d...,timecost=0.195
info|2020-12-13 01:02:30.417207|[g:1][CONSENSUS][PBFT]checkAndChangeView: Reach consensus,org_view=1566,cur_changeCycle=1,curView=1566,view=1567
info|2020-12-13 01:02:31.417399|[g:1][CONSENSUS][SEALER]++++++++++++++++ Generating seal on,blkNum=69,tx=0,nodeIdx=3,hash=46030eba...
info|2020-12-13 01:02:31.423193|[g:1][CONSENSUS][PBFT]checkTimeout Succ,view=1567,toView=1568,nodeIdx=3,changeCycle=1,myNode=cf70068d...,timecost=0.703
info|2020-12-13 01:02:31.424161|[g:1][CONSENSUS][PBFT]checkAndChangeView: Reach consensus,org_view=1567,cur_changeCycle=1,curView=1567,view=1568
info|2020-12-13 01:02:32.423890|[g:1][CONSENSUS]addRawPrepare,height=69,reqIdx=0,hash=8201f84f...,time=0
info|2020-12-13 01:02:32.424088|[g:1][CONSENSUS][PBFT]checkTimeout Succ,view=1568,toView=1569,nodeIdx=3,changeCycle=1,myNode=cf70068d...,timecost=0.172
info|2020-12-13 01:02:32.426857|[g:1][CONSENSUS][PBFT]checkAndChangeView: Reach consensus,org_view=1568,cur_changeCycle=1,curView=1568,view=1569
info|2020-12-13 01:02:33.428921|[g:1][CONSENSUS]addRawPrepare,height=69,reqIdx=1,hash=6c4c6880...,time=0
info|2020-12-13 01:02:33.429199|[g:1][CONSENSUS][PBFT]checkTimeout Succ,view=1569,toView=1570,nodeIdx=3,changeCycle=1,myNode=cf70068d...,timecost=0.241
info|2020-12-13 01:02:33.433322|[g:1][CONSENSUS][PBFT]checkAndChangeView: Reach consensus,org_view=1569,cur_changeCycle=1,curView=1569,view=1570
info|2020-12-13 01:02:34.436287|[g:1][CONSENSUS]addRawPrepare,height=69,reqIdx=2,hash=1ed8e5f4...,time=0
info|2020-12-13 01:02:34.436479|[g:1][CONSENSUS][PBFT]checkTimeout Succ,view=1570,toView=1571,nodeIdx=3,changeCycle=1,myNode=cf70068d...,timecost=0.168
info|2020-12-13 01:02:34.437967|[g:1][CONSENSUS][PBFT]checkAndChangeView: Reach consensus,org_view=1570,cur_changeCycle=1,curView=1570,view=1571
info|2020-12-13 01:02:35.438678|[g:1][CONSENSUS][SEALER]++++++++++++++++ Generating seal on,blkNum=69,tx=0,nodeIdx=3,hash=257e0000...
info|2020-12-13 01:02:35.444614|[g:1][CONSENSUS][PBFT]checkTimeout Succ,view=1571,toView=1572,nodeIdx=3,changeCycle=1,myNode=cf70068d...,timecost=0.173
info|2020-12-13 01:02:35.445592|[g:1][CONSENSUS][PBFT]checkAndChangeView: Reach consensus,org_view=1571,cur_changeCycle=1,curView=1571,view=1572
info|2020-12-13 01:02:36.445621|[g:1][CONSENSUS]addRawPrepare,height=69,reqIdx=0,hash=294a8889...,time=0
info|2020-12-13 01:02:36.445816|[g:1][CONSENSUS][PBFT]checkTimeout Succ,view=1572,toView=1573,nodeIdx=3,changeCycle=1,myNode=cf70068d...,timecost=0.17
info|2020-12-13 01:02:36.447455|[g:1][CONSENSUS][PBFT]checkAndChangeView: Reach consensus,org_view=1572,cur_changeCycle=1,curView=1572,view=1573
info|2020-12-13 01:02:37.450185|[g:1][CONSENSUS]addRawPrepare,height=69,reqIdx=1,hash=0f49dbec...,time=0
info|2020-12-13 01:02:37.450423|[g:1][CONSENSUS][PBFT]checkTimeout Succ,view=1573,toView=1574,nodeIdx=3,changeCycle=1,myNode=cf70068d...,timecost=0.213
info|2020-12-13 01:02:37.453884|[g:1][CONSENSUS][PBFT]checkAndChangeView: Reach consensus,org_view=1573,cur_changeCycle=1,curView=1573,view=1574
info|2020-12-13 01:02:37.896028|[P2P][Service] heartBeat,connected count=3
info|2020-12-13 01:02:38.455123|[g:1][CONSENSUS]addRawPrepare,height=69,reqIdx=2,hash=8fbbc39d...,time=0
info|2020-12-13 01:02:38.455317|[g:1][CONSENSUS][PBFT]checkTimeout Succ,view=1574,toView=1575,nodeIdx=3,changeCycle=1,myNode=cf70068d...,timecost=0.168
info|2020-12-13 01:02:38.460890|[g:1][CONSENSUS][PBFT]checkAndChangeView: Reach consensus,org_view=1574,cur_changeCycle=1,curView=1574,view=1575
info|2020-12-13 01:02:39.461480|[g:1][CONSENSUS][SEALER]++++++++++++++++ Generating seal on,blkNum=69,tx=0,nodeIdx=3,hash=0f799afe...
info|2020-12-13 01:02:39.466787|[g:1][CONSENSUS][PBFT]checkTimeout Succ,view=1575,toView=1576,nodeIdx=3,changeCycle=1,myNode=cf70068d...,timecost=0.198
info|2020-12-13 01:02:39.467750|[g:1][CONSENSUS][PBFT]checkAndChangeView: Reach consensus,org_view=1575,cur_changeCycle=1,curView=1575,view=1576
info|2020-12-13 01:02:40.469807|[g:1][CONSENSUS]addRawPrepare,height=69,reqIdx=0,hash=a9020b7c...,time=0
info|2020-12-13 01:02:40.470005|[g:1][CONSENSUS][PBFT]checkTimeout Succ,view=1576,toView=1577,nodeIdx=3,changeCycle=1,myNode=cf70068d...,timecost=0.172
info|2020-12-13 01:02:40.472144|[g:1][CONSENSUS][PBFT]checkAndChangeView: Reach consensus,org_view=1576,cur_changeCycle=1,curView=1576,view=1577
info|2020-12-13 01:02:41.476211|[g:1][CONSENSUS]addRawPrepare,height=69,reqIdx=1,hash=9a72cfb0...,time=0
info|2020-12-13 01:02:41.476533|[g:1][CONSENSUS][PBFT]checkTimeout Succ,view=1577,toView=1578,nodeIdx=3,changeCycle=1,myNode=cf70068d...,timecost=0.286
info|2020-12-13 01:02:41.479544|[g:1][CONSENSUS][PBFT]checkAndChangeView: Reach consensus,org_view=1577,cur_changeCycle=1,curView=1577,view=1578
info|2020-12-13 01:02:42.482448|[g:1][CONSENSUS]addRawPrepare,height=69,reqIdx=2,hash=fad248df...,time=0
info|2020-12-13 01:02:42.482679|[g:1][CONSENSUS][PBFT]checkTimeout Succ,view=1578,toView=1579,nodeIdx=3,changeCycle=1,myNode=cf70068d...,timecost=0.206
info|2020-12-13 01:02:42.484959|[g:1][CONSENSUS][PBFT]checkAndChangeView: Reach consensus,org_view=1578,cur_changeCycle=1,curView=1578,view=1579
info|2020-12-13 01:02:43.487719|[g:1][CONSENSUS][SEALER]++++++++++++++++ Generating seal on,blkNum=69,tx=0,nodeIdx=3,hash=4fe2bcc0...
info|2020-12-13 01:02:43.493113|[g:1][CONSENSUS][PBFT]checkTimeout Succ,view=1579,toView=1580,nodeIdx=3,changeCycle=1,myNode=cf70068d...,timecost=0.178
info|2020-12-13 01:02:43.494090|[g:1][CONSENSUS][PBFT]checkAndChangeView: Reach consensus,org_view=1579,cur_changeCycle=1,curView=1579,view=1580
info|2020-12-13 01:02:44.492667|[g:1][CONSENSUS]addRawPrepare,height=69,reqIdx=0,hash=f5290da6...,time=0
info|2020-12-13 01:02:44.492858|[g:1][CONSENSUS][PBFT]checkTimeout Succ,view=1580,toView=1581,nodeIdx=3,changeCycle=1,myNode=cf70068d...,timecost=0.167
info|2020-12-13 01:02:44.494477|[g:1][CONSENSUS][PBFT]checkAndChangeView: Reach consensus,org_view=1580,cur_changeCycle=1,curView=1580,view=1581
info|2020-12-13 01:02:45.497782|[g:1][CONSENSUS]addRawPrepare,height=69,reqIdx=1,hash=0eced722...,time=0
info|2020-12-13 01:02:45.497980|[g:1][CONSENSUS][PBFT]checkTimeout Succ,view=1581,toView=1582,nodeIdx=3,changeCycle=1,myNode=cf70068d...,timecost=0.173
info|2020-12-13 01:02:45.500149|[g:1][CONSENSUS][PBFT]checkAndChangeView: Reach consensus,org_view=1581,cur_changeCycle=1,curView=1581,view=1582
info|2020-12-13 01:02:46.504708|[g:1][CONSENSUS]addRawPrepare,height=69,reqIdx=2,hash=88e128b4...,time=0
info|2020-12-13 01:02:46.504908|[g:1][CONSENSUS][PBFT]checkTimeout Succ,view=1582,toView=1583,nodeIdx=3,changeCycle=1,myNode=cf70068d...,timecost=0.172
info|2020-12-13 01:02:46.507944|[g:1][CONSENSUS][PBFT]checkAndChangeView: Reach consensus,org_view=1582,cur_changeCycle=1,curView=1582,view=1583
info|2020-12-13 01:02:47.508075|[g:1][CONSENSUS][SEALER]++++++++++++++++ Generating seal on,blkNum=69,tx=0,nodeIdx=3,hash=125786ca...
info|2020-12-13 01:02:47.513336|[g:1][CONSENSUS][PBFT]checkTimeout Succ,view=1583,toView=1584,nodeIdx=3,changeCycle=1,myNode=cf70068d...,timecost=0.192
info|2020-12-13 01:02:47.514362|[g:1][CONSENSUS][PBFT]checkAndChangeView: Reach consensus,org_view=1583,cur_changeCycle=1,curView=1583,view=1584
info|2020-12-13 01:02:47.896067|[P2P][Service] heartBeat,connected count=3
info|2020-12-13 01:02:48.514343|[g:1][CONSENSUS]addRawPrepare,height=69,reqIdx=0,hash=6995879e...,time=0
info|2020-12-13 01:02:48.514540|[g:1][CONSENSUS][PBFT]checkTimeout Succ,view=1584,toView=1585,nodeIdx=3,changeCycle=1,myNode=cf70068d...,timecost=0.168
info|2020-12-13 01:02:48.517342|[g:1][CONSENSUS][PBFT]checkAndChangeView: Reach consensus,org_view=1584,cur_changeCycle=1,curView=1584,view=1585
info|2020-12-13 01:02:49.518984|[g:1][CONSENSUS]addRawPrepare,height=69,reqIdx=1,hash=32a4d0f8...,time=0
info|2020-12-13 01:02:49.519209|[g:1][CONSENSUS][PBFT]checkTimeout Succ,view=1585,toView=1586,nodeIdx=3,changeCycle=1,myNode=cf70068d...,timecost=0.174
info|2020-12-13 01:02:49.521171|[g:1][CONSENSUS][PBFT]checkAndChangeView: Reach consensus,org_view=1585,cur_changeCycle=1,curView=1585,view=1586
info|2020-12-13 01:02:50.523970|[g:1][CONSENSUS]addRawPrepare,height=69,reqIdx=2,hash=f9652b18...,time=0
info|2020-12-13 01:02:50.524165|[g:1][CONSENSUS][PBFT]checkTimeout Succ,view=1586,toView=1587,nodeIdx=3,changeCycle=1,myNode=cf70068d...,timecost=0.169
info|2020-12-13 01:02:50.526865|[g:1][CONSENSUS][PBFT]checkAndChangeView: Reach consensus,org_view=1586,cur_changeCycle=1,curView=1586,view=1587
info|2020-12-13 01:02:51.526821|[g:1][CONSENSUS][SEALER]++++++++++++++++ Generating seal on,blkNum=69,tx=0,nodeIdx=3,hash=74394b9a...
info|2020-12-13 01:02:51.532195|[g:1][CONSENSUS][PBFT]checkTimeout Succ,view=1587,toView=1588,nodeIdx=3,changeCycle=1,myNode=cf70068d...,timecost=0.221
info|2020-12-13 01:02:51.533210|[g:1][CONSENSUS][PBFT]checkAndChangeView: Reach consensus,org_view=1587,cur_changeCycle=1,curView=1587,view=1588
info|2020-12-13 01:02:52.533176|[g:1][CONSENSUS]addRawPrepare,height=69,reqIdx=0,hash=1e3c86f0...,time=0
info|2020-12-13 01:02:52.533368|[g:1][CONSENSUS][PBFT]checkTimeout Succ,view=1588,toView=1589,nodeIdx=3,changeCycle=1,myNode=cf70068d...,timecost=0.166
info|2020-12-13 01:02:52.535728|[g:1][CONSENSUS][PBFT]checkAndChangeView: Reach consensus,org_view=1588,cur_changeCycle=1,curView=1588,view=1589
info|2020-12-13 01:02:53.537381|[g:1][CONSENSUS]addRawPrepare,height=69,reqIdx=1,hash=c2d8a772...,time=0
info|2020-12-13 01:02:53.537575|[g:1][CONSENSUS][PBFT]checkTimeout Succ,view=1589,toView=1590,nodeIdx=3,changeCycle=1,myNode=cf70068d...,timecost=0.168
info|2020-12-13 01:02:53.540864|[g:1][CONSENSUS][PBFT]checkAndChangeView: Reach consensus,org_view=1589,cur_changeCycle=1,curView=1589,view=1590
info|2020-12-13 01:02:54.543237|[g:1][CONSENSUS]addRawPrepare,height=69,reqIdx=2,hash=f246b345...,time=0
info|2020-12-13 01:02:54.543455|[g:1][CONSENSUS][PBFT]checkTimeout Succ,view=1590,toView=1591,nodeIdx=3,changeCycle=1,myNode=cf70068d...,timecost=0.196
info|2020-12-13 01:02:54.545000|[g:1][CONSENSUS][PBFT]checkAndChangeView: Reach consensus,org_view=1590,cur_changeCycle=1,curView=1590,view=1591
info|2020-12-13 01:02:55.545373|[g:1][CONSENSUS][SEALER]++++++++++++++++ Generating seal on,blkNum=69,tx=0,nodeIdx=3,hash=a5698ce5...
info|2020-12-13 01:02:55.551143|[g:1][CONSENSUS][PBFT]checkTimeout Succ,view=1591,toView=1592,nodeIdx=3,changeCycle=1,myNode=cf70068d...,timecost=0.172
info|2020-12-13 01:02:55.551894|[g:1][CONSENSUS][PBFT]checkAndChangeView: Reach consensus,org_view=1591,cur_changeCycle=1,curView=1591,view=1592
info|2020-12-13 01:02:56.552009|[g:1][CONSENSUS]addRawPrepare,height=69,reqIdx=0,hash=fbce6733...,time=0
info|2020-12-13 01:02:56.552216|[g:1][CONSENSUS][PBFT]checkTimeout Succ,view=1592,toView=1593,nodeIdx=3,changeCycle=1,myNode=cf70068d...,timecost=0.176
info|2020-12-13 01:02:56.569406|[g:1][CONSENSUS][PBFT]checkAndChangeView: Reach consensus,org_view=1592,cur_changeCycle=1,curView=1592,view=1593
info|2020-12-13 01:02:57.570069|[g:1][CONSENSUS]addRawPrepare,height=69,reqIdx=1,hash=5b9a044a...,time=0
info|2020-12-13 01:02:57.570268|[g:1][CONSENSUS][PBFT]checkTimeout Succ,view=1593,toView=1594,nodeIdx=3,changeCycle=1,myNode=cf70068d...,timecost=0.172
info|2020-12-13 01:02:57.573464|[g:1][CONSENSUS][PBFT]checkAndChangeView: Reach consensus,org_view=1593,cur_changeCycle=1,curView=1593,view=1594
info|2020-12-13 01:02:57.896136|[P2P][Service] heartBeat,connected count=3
info|2020-12-13 01:02:58.572710|[g:1][CONSENSUS]addRawPrepare,height=69,reqIdx=2,hash=64afd765...,time=0
info|2020-12-13 01:02:58.572921|[g:1][CONSENSUS][PBFT]checkTimeout Succ,view=1594,toView=1595,nodeIdx=3,changeCycle=1,myNode=cf70068d...,timecost=0.179
info|2020-12-13 01:02:58.577694|[g:1][CONSENSUS][PBFT]checkAndChangeView: Reach consensus,org_view=1594,cur_changeCycle=1,curView=1594,view=1595
info|2020-12-13 01:02:59.578082|[g:1][CONSENSUS][SEALER]++++++++++++++++ Generating seal on,blkNum=69,tx=0,nodeIdx=3,hash=aaf9ce0e...
info|2020-12-13 01:02:59.583670|[g:1][CONSENSUS][PBFT]checkTimeout Succ,view=1595,toView=1596,nodeIdx=3,changeCycle=1,myNode=cf70068d...,timecost=0.178
info|2020-12-13 01:02:59.584674|[g:1][CONSENSUS][PBFT]checkAndChangeView: Reach consensus,org_view=1595,cur_changeCycle=1,curView=1595,view=1596
info|2020-12-13 01:03:00.585900|[g:1][CONSENSUS]addRawPrepare,height=69,reqIdx=0,hash=00d8976c...,time=0
info|2020-12-13 01:03:00.586095|[g:1][CONSENSUS][PBFT]checkTimeout Succ,view=1596,toView=1597,nodeIdx=3,changeCycle=1,myNode=cf70068d...,timecost=0.168
info|2020-12-13 01:03:00.588119|[g:1][CONSENSUS][PBFT]checkAndChangeView: Reach consensus,org_view=1596,cur_changeCycle=1,curView=1596,view=1597
info|2020-12-13 01:03:01.592923|[g:1][CONSENSUS]addRawPrepare,height=69,reqIdx=1,hash=655bb050...,time=0
info|2020-12-13 01:03:01.593137|[g:1][CONSENSUS][PBFT]checkTimeout Succ,view=1597,toView=1598,nodeIdx=3,changeCycle=1,myNode=cf70068d...,timecost=0.191
info|2020-12-13 01:03:01.594713|[g:1][CONSENSUS][PBFT]checkAndChangeView: Reach consensus,org_view=1597,cur_changeCycle=1,curView=1597,view=1598
info|2020-12-13 01:03:02.595377|[g:1][CONSENSUS]addRawPrepare,height=69,reqIdx=2,hash=fd029bcd...,time=0
info|2020-12-13 01:03:02.595575|[g:1][CONSENSUS][PBFT]checkTimeout Succ,view=1598,toView=1599,nodeIdx=3,changeCycle=1,myNode=cf70068d...,timecost=0.171
info|2020-12-13 01:03:02.598107|[g:1][CONSENSUS][PBFT]checkAndChangeView: Reach consensus,org_view=1598,cur_changeCycle=1,curView=1598,view=1599
info|2020-12-13 01:03:03.597949|[g:1][CONSENSUS][SEALER]++++++++++++++++ Generating seal on,blkNum=69,tx=0,nodeIdx=3,hash=fc567eb4...
info|2020-12-13 01:03:03.603489|[g:1][CONSENSUS][PBFT]checkTimeout Succ,view=1599,toView=1600,nodeIdx=3,changeCycle=1,myNode=cf70068d...,timecost=0.177
info|2020-12-13 01:03:03.604561|[g:1][CONSENSUS][PBFT]checkAndChangeView: Reach consensus,org_view=1599,cur_changeCycle=1,curView=1599,view=1600
info|2020-12-13 01:03:04.604109|[g:1][CONSENSUS]addRawPrepare,height=69,reqIdx=0,hash=7071ea26...,time=0
info|2020-12-13 01:03:04.604309|[g:1][CONSENSUS][PBFT]checkTimeout Succ,view=1600,toView=1601,nodeIdx=3,changeCycle=1,myNode=cf70068d...,timecost=0.174
info|2020-12-13 01:03:04.606450|[g:1][CONSENSUS][PBFT]checkAndChangeView: Reach consensus,org_view=1600,cur_changeCycle=1,curView=1600,view=1601
info|2020-12-13 01:03:05.608736|[g:1][CONSENSUS]addRawPrepare,height=69,reqIdx=1,hash=8c7d8115...,time=0
info|2020-12-13 01:03:05.609006|[g:1][CONSENSUS][PBFT]checkTimeout Succ,view=1601,toView=1602,nodeIdx=3,changeCycle=1,myNode=cf70068d...,timecost=0.232
info|2020-12-13 01:03:05.612593|[g:1][CONSENSUS][PBFT]checkAndChangeView: Reach consensus,org_view=1601,cur_changeCycle=1,curView=1601,view=1602
info|2020-12-13 01:03:06.613746|[g:1][CONSENSUS]addRawPrepare,height=69,reqIdx=2,hash=76b785ec...,time=0
info|2020-12-13 01:03:06.613949|[g:1][CONSENSUS][PBFT]checkTimeout Succ,view=1602,toView=1603,nodeIdx=3,changeCycle=1,myNode=cf70068d...,timecost=0.174
info|2020-12-13 01:03:06.616317|[g:1][CONSENSUS][PBFT]checkAndChangeView: Reach consensus,org_view=1602,cur_changeCycle=1,curView=1602,view=1603
info|2020-12-13 01:03:07.616819|[g:1][CONSENSUS][SEALER]++++++++++++++++ Generating seal on,blkNum=69,tx=0,nodeIdx=3,hash=993828f9...
info|2020-12-13 01:03:07.621892|[g:1][CONSENSUS][PBFT]checkTimeout Succ,view=1603,toView=1604,nodeIdx=3,changeCycle=1,myNode=cf70068d...,timecost=0.194
info|2020-12-13 01:03:07.623343|[g:1][CONSENSUS][PBFT]checkAndChangeView: Reach consensus,org_view=1603,cur_changeCycle=1,curView=1603,view=1604
info|2020-12-13 01:03:07.896212|[P2P][Service] heartBeat,connected count=3
info|2020-12-13 01:03:08.622762|[g:1][CONSENSUS]addRawPrepare,height=69,reqIdx=0,hash=02ebb782...,time=0
info|2020-12-13 01:03:08.622960|[g:1][CONSENSUS][PBFT]checkTimeout Succ,view=1604,toView=1605,nodeIdx=3,changeCycle=1,myNode=cf70068d...,timecost=0.172
info|2020-12-13 01:03:08.625621|[g:1][CONSENSUS][PBFT]checkAndChangeView: Reach consensus,org_view=1604,cur_changeCycle=1,curView=1604,view=1605
info|2020-12-13 01:03:09.627733|[g:1][CONSENSUS]addRawPrepare,height=69,reqIdx=1,hash=ec5ea9d3...,time=0
info|2020-12-13 01:03:09.627941|[g:1][CONSENSUS][PBFT]checkTimeout Succ,view=1605,toView=1606,nodeIdx=3,changeCycle=1,myNode=cf70068d...,timecost=0.176
info|2020-12-13 01:03:09.635642|[g:1][CONSENSUS][PBFT]checkAndChangeView: Reach consensus,org_view=1605,cur_changeCycle=1,curView=1605,view=1606
info|2020-12-13 01:03:10.636487|[g:1][CONSENSUS]addRawPrepare,height=69,reqIdx=2,hash=07e70d2f...,time=0
info|2020-12-13 01:03:10.636697|[g:1][CONSENSUS][PBFT]checkTimeout Succ,view=1606,toView=1607,nodeIdx=3,changeCycle=1,myNode=cf70068d...,timecost=0.179
info|2020-12-13 01:03:10.645076|[g:1][CONSENSUS][PBFT]checkAndChangeView: Reach consensus,org_view=1606,cur_changeCycle=1,curView=1606,view=1607
info|2020-12-13 01:03:11.644959|[g:1][CONSENSUS][SEALER]++++++++++++++++ Generating seal on,blkNum=69,tx=0,nodeIdx=3,hash=d5dd318a...
info|2020-12-13 01:03:11.650083|[g:1][CONSENSUS][PBFT]checkTimeout Succ,view=1607,toView=1608,nodeIdx=3,changeCycle=1,myNode=cf70068d...,timecost=0.176
info|2020-12-13 01:03:11.651081|[g:1][CONSENSUS][PBFT]checkAndChangeView: Reach consensus,org_view=1607,cur_changeCycle=1,curView=1607,view=1608
info|2020-12-13 01:03:12.651373|[g:1][CONSENSUS]addRawPrepare,height=69,reqIdx=0,hash=34411790...,time=0
info|2020-12-13 01:03:12.651568|[g:1][CONSENSUS][PBFT]checkTimeout Succ,view=1608,toView=1609,nodeIdx=3,changeCycle=1,myNode=cf70068d...,timecost=0.17
info|2020-12-13 01:03:12.653123|[g:1][CONSENSUS][PBFT]checkAndChangeView: Reach consensus,org_view=1608,cur_changeCycle=1,curView=1608,view=1609
info|2020-12-13 01:03:13.655581|[g:1][CONSENSUS]addRawPrepare,height=69,reqIdx=1,hash=88951d86...,time=0
info|2020-12-13 01:03:13.655781|[g:1][CONSENSUS][PBFT]checkTimeout Succ,view=1609,toView=1610,nodeIdx=3,changeCycle=1,myNode=cf70068d...,timecost=0.172
info|2020-12-13 01:03:13.659373|[g:1][CONSENSUS][PBFT]checkAndChangeView: Reach consensus,org_view=1609,cur_changeCycle=1,curView=1609,view=1610
info|2020-12-13 01:03:14.663179|[g:1][CONSENSUS]addRawPrepare,height=69,reqIdx=2,hash=fb417b06...,time=0
info|2020-12-13 01:03:14.663420|[g:1][CONSENSUS][PBFT]checkTimeout Succ,view=1610,toView=1611,nodeIdx=3,changeCycle=1,myNode=cf70068d...,timecost=0.211
info|2020-12-13 01:03:14.668792|[g:1][CONSENSUS][PBFT]checkAndChangeView: Reach consensus,org_view=1610,cur_changeCycle=1,curView=1610,view=1611
info|2020-12-13 01:03:15.669446|[g:1][CONSENSUS][SEALER]++++++++++++++++ Generating seal on,blkNum=69,tx=0,nodeIdx=3,hash=5a8b8a20...
info|2020-12-13 01:03:15.675571|[g:1][CONSENSUS][PBFT]checkTimeout Succ,view=1611,toView=1612,nodeIdx=3,changeCycle=1,myNode=cf70068d...,timecost=0.194
info|2020-12-13 01:03:15.676552|[g:1][CONSENSUS][PBFT]checkAndChangeView: Reach consensus,org_view=1611,cur_changeCycle=1,curView=1611,view=1612
info|2020-12-13 01:03:16.676705|[g:1][CONSENSUS]addRawPrepare,height=69,reqIdx=0,hash=dcb792f5...,time=0
info|2020-12-13 01:03:16.676936|[g:1][CONSENSUS][PBFT]checkTimeout Succ,view=1612,toView=1613,nodeIdx=3,changeCycle=1,myNode=cf70068d...,timecost=0.208
info|2020-12-13 01:03:16.679781|[g:1][CONSENSUS][PBFT]checkAndChangeView: Reach consensus,org_view=1612,cur_changeCycle=1,curView=1612,view=1613
info|2020-12-13 01:03:17.682621|[g:1][CONSENSUS]addRawPrepare,height=69,reqIdx=1,hash=3dd39fca...,time=0
info|2020-12-13 01:03:17.682812|[g:1][CONSENSUS][PBFT]checkTimeout Succ,view=1613,toView=1614,nodeIdx=3,changeCycle=1,myNode=cf70068d...,timecost=0.167
info|2020-12-13 01:03:17.684796|[g:1][CONSENSUS][PBFT]checkAndChangeView: Reach consensus,org_view=1613,cur_changeCycle=1,curView=1613,view=1614
info|2020-12-13 01:03:17.896278|[P2P][Service] heartBeat,connected count=3
info|2020-12-13 01:03:18.687401|[g:1][CONSENSUS]addRawPrepare,height=69,reqIdx=2,hash=45b85c1e...,time=0
info|2020-12-13 01:03:18.687594|[g:1][CONSENSUS][PBFT]checkTimeout Succ,view=1614,toView=1615,nodeIdx=3,changeCycle=1,myNode=cf70068d...,timecost=0.167
info|2020-12-13 01:03:18.691529|[g:1][CONSENSUS][PBFT]checkAndChangeView: Reach consensus,org_view=1614,cur_changeCycle=1,curView=1614,view=1615
info|2020-12-13 01:03:19.690944|[g:1][CONSENSUS][SEALER]++++++++++++++++ Generating seal on,blkNum=69,tx=0,nodeIdx=3,hash=a1683302...
info|2020-12-13 01:03:19.696321|[g:1][CONSENSUS][PBFT]checkTimeout Succ,view=1615,toView=1616,nodeIdx=3,changeCycle=1,myNode=cf70068d...,timecost=0.175
info|2020-12-13 01:03:19.697121|[g:1][CONSENSUS][PBFT]checkAndChangeView: Reach consensus,org_view=1615,cur_changeCycle=1,curView=1615,view=1616
info|2020-12-13 01:03:20.699046|[g:1][CONSENSUS]addRawPrepare,height=69,reqIdx=0,hash=01a5a2f2...,time=0
info|2020-12-13 01:03:20.699289|[g:1][CONSENSUS][PBFT]checkTimeout Succ,view=1616,toView=1617,nodeIdx=3,changeCycle=1,myNode=cf70068d...,timecost=0.217
info|2020-12-13 01:03:20.704733|[g:1][CONSENSUS][PBFT]checkAndChangeView: Reach consensus,org_view=1616,cur_changeCycle=1,curView=1616,view=1617
info|2020-12-13 01:03:21.707247|[g:1][CONSENSUS]addRawPrepare,height=69,reqIdx=1,hash=ef8a0883...,time=0
info|2020-12-13 01:03:21.707477|[g:1][CONSENSUS][PBFT]checkTimeout Succ,view=1617,toView=1618,nodeIdx=3,changeCycle=1,myNode=cf70068d...,timecost=0.207
info|2020-12-13 01:03:21.710752|[g:1][CONSENSUS][PBFT]checkAndChangeView: Reach consensus,org_view=1617,cur_changeCycle=1,curView=1617,view=1618
info|2020-12-13 01:03:22.711374|[g:1][CONSENSUS]addRawPrepare,height=69,reqIdx=2,hash=fdc607c6...,time=0
info|2020-12-13 01:03:22.711569|[g:1][CONSENSUS][PBFT]checkTimeout Succ,view=1618,toView=1619,nodeIdx=3,changeCycle=1,myNode=cf70068d...,timecost=0.17
info|2020-12-13 01:03:22.713802|[g:1][CONSENSUS][PBFT]checkAndChangeView: Reach consensus,org_view=1618,cur_changeCycle=1,curView=1618,view=1619
info|2020-12-13 01:03:23.715652|[g:1][CONSENSUS][SEALER]++++++++++++++++ Generating seal on,blkNum=69,tx=0,nodeIdx=3,hash=f5a8723f...
info|2020-12-13 01:03:23.720840|[g:1][CONSENSUS][PBFT]checkTimeout Succ,view=1619,toView=1620,nodeIdx=3,changeCycle=1,myNode=cf70068d...,timecost=0.174
info|2020-12-13 01:03:23.721836|[g:1][CONSENSUS][PBFT]checkAndChangeView: Reach consensus,org_view=1619,cur_changeCycle=1,curView=1619,view=1620
info|2020-12-13 01:03:24.721971|[g:1][CONSENSUS]addRawPrepare,height=69,reqIdx=0,hash=8e692e43...,time=0
info|2020-12-13 01:03:24.722168|[g:1][CONSENSUS][PBFT]checkTimeout Succ,view=1620,toView=1621,nodeIdx=3,changeCycle=1,myNode=cf70068d...,timecost=0.172
info|2020-12-13 01:03:24.723726|[g:1][CONSENSUS][PBFT]checkAndChangeView: Reach consensus,org_view=1620,cur_changeCycle=1,curView=1620,view=1621
info|2020-12-13 01:03:25.725817|[g:1][CONSENSUS]addRawPrepare,height=69,reqIdx=1,hash=be4ee140...,time=0
info|2020-12-13 01:03:25.726011|[g:1][CONSENSUS][PBFT]checkTimeout Succ,view=1621,toView=1622,nodeIdx=3,changeCycle=1,myNode=cf70068d...,timecost=0.168
info|2020-12-13 01:03:25.729271|[g:1][CONSENSUS][PBFT]checkAndChangeView: Reach consensus,org_view=1621,cur_changeCycle=1,curView=1621,view=1622
info|2020-12-13 01:03:26.730832|[g:1][CONSENSUS]addRawPrepare,height=69,reqIdx=2,hash=441d430f...,time=0
info|2020-12-13 01:03:26.731054|[g:1][CONSENSUS][PBFT]checkTimeout Succ,view=1622,toView=1623,nodeIdx=3,changeCycle=1,myNode=cf70068d...,timecost=0.198
info|2020-12-13 01:03:26.733126|[g:1][CONSENSUS][PBFT]checkAndChangeView: Reach consensus,org_view=1622,cur_changeCycle=1,curView=1622,view=1623
info|2020-12-13 01:03:27.733732|[g:1][CONSENSUS][SEALER]++++++++++++++++ Generating seal on,blkNum=69,tx=0,nodeIdx=3,hash=2784df35...
info|2020-12-13 01:03:27.739933|[g:1][CONSENSUS][PBFT]checkTimeout Succ,view=1623,toView=1624,nodeIdx=3,changeCycle=1,myNode=cf70068d...,timecost=0.178
info|2020-12-13 01:03:27.740944|[g:1][CONSENSUS][PBFT]checkAndChangeView: Reach consensus,org_view=1623,cur_changeCycle=1,curView=1623,view=1624
info|2020-12-13 01:03:27.896326|[P2P][Service] heartBeat,connected count=3
info|2020-12-13 01:03:28.742376|[g:1][CONSENSUS]addRawPrepare,height=69,reqIdx=0,hash=5d220dab...,time=0
info|2020-12-13 01:03:28.742602|[g:1][CONSENSUS][PBFT]checkTimeout Succ,view=1624,toView=1625,nodeIdx=3,changeCycle=1,myNode=cf70068d...,timecost=0.203
info|2020-12-13 01:03:28.748898|[g:1][CONSENSUS][PBFT]checkAndChangeView: Reach consensus,org_view=1624,cur_changeCycle=1,curView=1624,view=1625
info|2020-12-13 01:03:29.751872|[g:1][CONSENSUS]addRawPrepare,height=69,reqIdx=1,hash=f2e54119...,time=0
info|2020-12-13 01:03:29.752068|[g:1][CONSENSUS][PBFT]checkTimeout Succ,view=1625,toView=1626,nodeIdx=3,changeCycle=1,myNode=cf70068d...,timecost=0.171
info|2020-12-13 01:03:29.754120|[g:1][CONSENSUS][PBFT]checkAndChangeView: Reach consensus,org_view=1625,cur_changeCycle=1,curView=1625,view=1626
info|2020-12-13 01:03:30.757428|[g:1][CONSENSUS]addRawPrepare,height=69,reqIdx=2,hash=38bbfba1...,time=0
info|2020-12-13 01:03:30.757620|[g:1][CONSENSUS][PBFT]checkTimeout Succ,view=1626,toView=1627,nodeIdx=3,changeCycle=1,myNode=cf70068d...,timecost=0.167
info|2020-12-13 01:03:30.759181|[g:1][CONSENSUS][PBFT]checkAndChangeView: Reach consensus,org_view=1626,cur_changeCycle=1,curView=1626,view=1627
info|2020-12-13 01:03:31.759075|[g:1][CONSENSUS][SEALER]++++++++++++++++ Generating seal on,blkNum=69,tx=0,nodeIdx=3,hash=25301701...
info|2020-12-13 01:03:31.764686|[g:1][CONSENSUS][PBFT]checkTimeout Succ,view=1627,toView=1628,nodeIdx=3,changeCycle=1,myNode=cf70068d...,timecost=0.182
info|2020-12-13 01:03:31.765679|[g:1][CONSENSUS][PBFT]checkAndChangeView: Reach consensus,org_view=1627,cur_changeCycle=1,curView=1627,view=1628
info|2020-12-13 01:03:32.766469|[g:1][CONSENSUS]addRawPrepare,height=69,reqIdx=0,hash=4b33c11f...,time=0
info|2020-12-13 01:03:32.766688|[g:1][CONSENSUS][PBFT]checkTimeout Succ,view=1628,toView=1629,nodeIdx=3,changeCycle=1,myNode=cf70068d...,timecost=0.197
info|2020-12-13 01:03:32.772926|[g:1][CONSENSUS][PBFT]checkAndChangeView: Reach consensus,org_view=1628,cur_changeCycle=1,curView=1628,view=1629
info|2020-12-13 01:03:33.775426|[g:1][CONSENSUS]addRawPrepare,height=69,reqIdx=1,hash=5e8c8a8a...,time=0
info|2020-12-13 01:03:33.775613|[g:1][CONSENSUS][PBFT]checkTimeout Succ,view=1629,toView=1630,nodeIdx=3,changeCycle=1,myNode=cf70068d...,timecost=0.162
info|2020-12-13 01:03:33.779021|[g:1][CONSENSUS][PBFT]checkAndChangeView: Reach consensus,org_view=1629,cur_changeCycle=1,curView=1629,view=1630
info|2020-12-13 01:03:34.782668|[g:1][CONSENSUS]addRawPrepare,height=69,reqIdx=2,hash=889a36d0...,time=0
info|2020-12-13 01:03:34.782862|[g:1][CONSENSUS][PBFT]checkTimeout Succ,view=1630,toView=1631,nodeIdx=3,changeCycle=1,myNode=cf70068d...,timecost=0.169
info|2020-12-13 01:03:34.785526|[g:1][CONSENSUS][PBFT]checkAndChangeView: Reach consensus,org_view=1630,cur_changeCycle=1,curView=1630,view=1631
info|2020-12-13 01:03:35.784865|[g:1][CONSENSUS][SEALER]++++++++++++++++ Generating seal on,blkNum=69,tx=0,nodeIdx=3,hash=5a073c9b...
info|2020-12-13 01:03:35.790054|[g:1][CONSENSUS][PBFT]checkTimeout Succ,view=1631,toView=1632,nodeIdx=3,changeCycle=1,myNode=cf70068d...,timecost=0.173
info|2020-12-13 01:03:35.791011|[g:1][CONSENSUS][PBFT]checkAndChangeView: Reach consensus,org_view=1631,cur_changeCycle=1,curView=1631,view=1632
info|2020-12-13 01:03:36.791422|[g:1][CONSENSUS]addRawPrepare,height=69,reqIdx=0,hash=c885e762...,time=0
info|2020-12-13 01:03:36.791650|[g:1][CONSENSUS][PBFT]checkTimeout Succ,view=1632,toView=1633,nodeIdx=3,changeCycle=1,myNode=cf70068d...,timecost=0.204
info|2020-12-13 01:03:36.793732|[g:1][CONSENSUS][PBFT]checkAndChangeView: Reach consensus,org_view=1632,cur_changeCycle=1,curView=1632,view=1633
info|2020-12-13 01:03:37.797406|[g:1][CONSENSUS]addRawPrepare,height=69,reqIdx=1,hash=ad26845f...,time=0
info|2020-12-13 01:03:37.797603|[g:1][CONSENSUS][PBFT]checkTimeout Succ,view=1633,toView=1634,nodeIdx=3,changeCycle=1,myNode=cf70068d...,timecost=0.172
info|2020-12-13 01:03:37.799652|[g:1][CONSENSUS][PBFT]checkAndChangeView: Reach consensus,org_view=1633,cur_changeCycle=1,curView=1633,view=1634
info|2020-12-13 01:03:37.896470|[P2P][Service] heartBeat,connected count=3
info|2020-12-13 01:03:38.806422|[g:1][CONSENSUS]addRawPrepare,height=69,reqIdx=2,hash=5deadc57...,time=0
info|2020-12-13 01:03:38.806614|[g:1][CONSENSUS][PBFT]checkTimeout Succ,view=1634,toView=1635,nodeIdx=3,changeCycle=1,myNode=cf70068d...,timecost=0.168
info|2020-12-13 01:03:38.807987|[g:1][CONSENSUS][PBFT]checkAndChangeView: Reach consensus,org_view=1634,cur_changeCycle=1,curView=1634,view=1635
info|2020-12-13 01:03:39.808932|[g:1][CONSENSUS][SEALER]++++++++++++++++ Generating seal on,blkNum=69,tx=0,nodeIdx=3,hash=2e8dcba1...
info|2020-12-13 01:03:39.814246|[g:1][CONSENSUS][PBFT]checkTimeout Succ,view=1635,toView=1636,nodeIdx=3,changeCycle=1,myNode=cf70068d...,timecost=0.238
info|2020-12-13 01:03:39.815313|[g:1][CONSENSUS][PBFT]checkAndChangeView: Reach consensus,org_view=1635,cur_changeCycle=1,curView=1635,view=1636
info|2020-12-13 01:03:40.816500|[g:1][CONSENSUS]addRawPrepare,height=69,reqIdx=0,hash=8aca9ad4...,time=0
info|2020-12-13 01:03:40.816727|[g:1][CONSENSUS][PBFT]checkTimeout Succ,view=1636,toView=1637,nodeIdx=3,changeCycle=1,myNode=cf70068d...,timecost=0.171
info|2020-12-13 01:03:40.818753|[g:1][CONSENSUS][PBFT]checkAndChangeView: Reach consensus,org_view=1636,cur_changeCycle=1,curView=1636,view=1637
info|2020-12-13 01:03:41.821351|[g:1][CONSENSUS]addRawPrepare,height=69,reqIdx=1,hash=65320fa3...,time=0
info|2020-12-13 01:03:41.821541|[g:1][CONSENSUS][PBFT]checkTimeout Succ,view=1637,toView=1638,nodeIdx=3,changeCycle=1,myNode=cf70068d...,timecost=0.164
info|2020-12-13 01:03:41.823851|[g:1][CONSENSUS][PBFT]checkAndChangeView: Reach consensus,org_view=1637,cur_changeCycle=1,curView=1637,view=1638
info|2020-12-13 01:03:42.827051|[g:1][CONSENSUS]addRawPrepare,height=69,reqIdx=2,hash=2db02d45...,time=0
info|2020-12-13 01:03:42.827295|[g:1][CONSENSUS][PBFT]checkTimeout Succ,view=1638,toView=1639,nodeIdx=3,changeCycle=1,myNode=cf70068d...,timecost=0.175
info|2020-12-13 01:03:42.833604|[g:1][CONSENSUS][PBFT]checkAndChangeView: Reach consensus,org_view=1638,cur_changeCycle=1,curView=1638,view=1639
info|2020-12-13 01:03:43.833641|[g:1][CONSENSUS][SEALER]++++++++++++++++ Generating seal on,blkNum=69,tx=0,nodeIdx=3,hash=3ee0999a...
info|2020-12-13 01:03:43.839068|[g:1][CONSENSUS][PBFT]checkTimeout Succ,view=1639,toView=1640,nodeIdx=3,changeCycle=1,myNode=cf70068d...,timecost=0.175
info|2020-12-13 01:03:43.839973|[g:1][CONSENSUS][PBFT]checkAndChangeView: Reach consensus,org_view=1639,cur_changeCycle=1,curView=1639,view=1640
info|2020-12-13 01:03:44.841460|[g:1][CONSENSUS]addRawPrepare,height=69,reqIdx=0,hash=dff5049f...,time=0
info|2020-12-13 01:03:44.841681|[g:1][CONSENSUS][PBFT]checkTimeout Succ,view=1640,toView=1641,nodeIdx=3,changeCycle=1,myNode=cf70068d...,timecost=0.198
info|2020-12-13 01:03:44.843732|[g:1][CONSENSUS][PBFT]checkAndChangeView: Reach consensus,org_view=1640,cur_changeCycle=1,curView=1640,view=1641
info|2020-12-13 01:03:45.845630|[g:1][CONSENSUS]addRawPrepare,height=69,reqIdx=1,hash=e904ddda...,time=0
info|2020-12-13 01:03:45.845828|[g:1][CONSENSUS][PBFT]checkTimeout Succ,view=1641,toView=1642,nodeIdx=3,changeCycle=1,myNode=cf70068d...,timecost=0.199
info|2020-12-13 01:03:45.849425|[g:1][CONSENSUS][PBFT]checkAndChangeView: Reach consensus,org_view=1641,cur_changeCycle=1,curView=1641,view=1642
info|2020-12-13 01:03:46.850445|[g:1][CONSENSUS]addRawPrepare,height=69,reqIdx=2,hash=09a616ac...,time=0
info|2020-12-13 01:03:46.850645|[g:1][CONSENSUS][PBFT]checkTimeout Succ,view=1642,toView=1643,nodeIdx=3,changeCycle=1,myNode=cf70068d...,timecost=0.173
info|2020-12-13 01:03:46.857090|[g:1][CONSENSUS][PBFT]checkAndChangeView: Reach consensus,org_view=1642,cur_changeCycle=1,curView=1642,view=1643
info|2020-12-13 01:03:47.858205|[g:1][CONSENSUS][SEALER]++++++++++++++++ Generating seal on,blkNum=69,tx=0,nodeIdx=3,hash=6f5e17d8...
info|2020-12-13 01:03:47.870857|[g:1][CONSENSUS][PBFT]checkTimeout Succ,view=1643,toView=1644,nodeIdx=3,changeCycle=1,myNode=cf70068d...,timecost=1.346
info|2020-12-13 01:03:47.873593|[g:1][CONSENSUS][PBFT]checkAndChangeView: Reach consensus,org_view=1643,cur_changeCycle=1,curView=1643,view=1644
info|2020-12-13 01:03:47.896850|[P2P][Service] heartBeat,connected count=3
info|2020-12-13 01:03:48.871799|[g:1][CONSENSUS]addRawPrepare,height=69,reqIdx=0,hash=1dc60593...,time=0
info|2020-12-13 01:03:48.872019|[g:1][CONSENSUS][PBFT]checkTimeout Succ,view=1644,toView=1645,nodeIdx=3,changeCycle=1,myNode=cf70068d...,timecost=0.197
info|2020-12-13 01:03:48.875064|[g:1][CONSENSUS][PBFT]checkAndChangeView: Reach consensus,org_view=1644,cur_changeCycle=1,curView=1644,view=1645
info|2020-12-13 01:03:49.877094|[g:1][CONSENSUS]addRawPrepare,height=69,reqIdx=1,hash=b3371666...,time=0
info|2020-12-13 01:03:49.877286|[g:1][CONSENSUS][PBFT]checkTimeout Succ,view=1645,toView=1646,nodeIdx=3,changeCycle=1,myNode=cf70068d...,timecost=0.167
info|2020-12-13 01:03:49.879921|[g:1][CONSENSUS][PBFT]checkAndChangeView: Reach consensus,org_view=1645,cur_changeCycle=1,curView=1645,view=1646
info|2020-12-13 01:03:50.881426|[g:1][CONSENSUS]addRawPrepare,height=69,reqIdx=2,hash=d4367854...,time=0
info|2020-12-13 01:03:50.881617|[g:1][CONSENSUS][PBFT]checkTimeout Succ,view=1646,toView=1647,nodeIdx=3,changeCycle=1,myNode=cf70068d...,timecost=0.165
info|2020-12-13 01:03:50.883190|[g:1][CONSENSUS][PBFT]checkAndChangeView: Reach consensus,org_view=1646,cur_changeCycle=1,curView=1646,view=1647
info|2020-12-13 01:03:51.882977|[g:1][CONSENSUS][SEALER]++++++++++++++++ Generating seal on,blkNum=69,tx=0,nodeIdx=3,hash=2703eda6...
info|2020-12-13 01:03:51.888625|[g:1][CONSENSUS][PBFT]checkTimeout Succ,view=1647,toView=1648,nodeIdx=3,changeCycle=1,myNode=cf70068d...,timecost=0.171
info|2020-12-13 01:03:51.889350|[g:1][CONSENSUS][PBFT]checkAndChangeView: Reach consensus,org_view=1647,cur_changeCycle=1,curView=1647,view=1648
info|2020-12-13 01:03:52.889657|[g:1][CONSENSUS]addRawPrepare,height=69,reqIdx=0,hash=59df190f...,time=0
info|2020-12-13 01:03:52.889887|[g:1][CONSENSUS][PBFT]checkTimeout Succ,view=1648,toView=1649,nodeIdx=3,changeCycle=1,myNode=cf70068d...,timecost=0.207
info|2020-12-13 01:03:52.892066|[g:1][CONSENSUS][PBFT]checkAndChangeView: Reach consensus,org_view=1648,cur_changeCycle=1,curView=1648,view=1649
info|2020-12-13 01:03:53.896862|[g:1][CONSENSUS]addRawPrepare,height=69,reqIdx=1,hash=5b9488ac...,time=0
info|2020-12-13 01:03:53.897097|[g:1][CONSENSUS][PBFT]checkTimeout Succ,view=1649,toView=1650,nodeIdx=3,changeCycle=1,myNode=cf70068d...,timecost=0.187
info|2020-12-13 01:03:53.902528|[g:1][CONSENSUS][PBFT]checkAndChangeView: Reach consensus,org_view=1649,cur_changeCycle=1,curView=1649,view=1650
info|2020-12-13 01:03:54.903737|[g:1][CONSENSUS]addRawPrepare,height=69,reqIdx=2,hash=5840e112...,time=0
info|2020-12-13 01:03:54.903931|[g:1][CONSENSUS][PBFT]checkTimeout Succ,view=1650,toView=1651,nodeIdx=3,changeCycle=1,myNode=cf70068d...,timecost=0.169
info|2020-12-13 01:03:54.905490|[g:1][CONSENSUS][PBFT]checkAndChangeView: Reach consensus,org_view=1650,cur_changeCycle=1,curView=1650,view=1651
info|2020-12-13 01:03:55.906988|[g:1][CONSENSUS][SEALER]++++++++++++++++ Generating seal on,blkNum=69,tx=0,nodeIdx=3,hash=3c6a1693...
info|2020-12-13 01:03:55.917581|[g:1][CONSENSUS][PBFT]checkTimeout Succ,view=1651,toView=1652,nodeIdx=3,changeCycle=1,myNode=cf70068d...,timecost=0.197
info|2020-12-13 01:03:55.918656|[g:1][CONSENSUS][PBFT]checkAndChangeView: Reach consensus,org_view=1651,cur_changeCycle=1,curView=1651,view=1652
info|2020-12-13 01:03:56.913098|[g:1][CONSENSUS]addRawPrepare,height=69,reqIdx=0,hash=12ab8ab9...,time=0
info|2020-12-13 01:03:56.913295|[g:1][CONSENSUS][PBFT]checkTimeout Succ,view=1652,toView=1653,nodeIdx=3,changeCycle=1,myNode=cf70068d...,timecost=0.171
info|2020-12-13 01:03:56.915557|[g:1][CONSENSUS][PBFT]checkAndChangeView: Reach consensus,org_view=1652,cur_changeCycle=1,curView=1652,view=1653
info|2020-12-13 01:03:57.896904|[P2P][Service] heartBeat,connected count=3
info|2020-12-13 01:03:57.916165|[g:1][CONSENSUS]addRawPrepare,height=69,reqIdx=1,hash=bfa80cd9...,time=0
info|2020-12-13 01:03:57.916367|[g:1][CONSENSUS][PBFT]checkTimeout Succ,view=1653,toView=1654,nodeIdx=3,changeCycle=1,myNode=cf70068d...,timecost=0.172
info|2020-12-13 01:03:57.920851|[g:1][CONSENSUS][PBFT]checkAndChangeView: Reach consensus,org_view=1653,cur_changeCycle=1,curView=1653,view=1654
info|2020-12-13 01:03:58.963734|[g:1][CONSENSUS]addRawPrepare,height=69,reqIdx=2,hash=07741784...,time=0
info|2020-12-13 01:03:58.963953|[g:1][CONSENSUS][PBFT]checkTimeout Succ,view=1654,toView=1655,nodeIdx=3,changeCycle=1,myNode=cf70068d...,timecost=0.197
info|2020-12-13 01:03:59.002454|[g:1][CONSENSUS][PBFT]checkAndChangeView: Reach consensus,org_view=1654,cur_changeCycle=1,curView=1654,view=1655
