info|2020-12-13 01:00:00.395559|[g:1][CONSENSUS][SEALER]++++++++++++++++ Generating seal on,blkNum=69,tx=0,nodeIdx=1,hash=a74864af...
info|2020-12-13 01:00:00.401495|[g:1][CONSENSUS][PBFT]checkTimeout Succ,view=1417,toView=1418,nodeIdx=1,changeCycle=1,myNode=64406364...,timecost=0.177
info|2020-12-13 01:00:00.402266|[g:1][CONSENSUS][PBFT]checkAndChangeView: Reach consensus,org_view=1417,cur_changeCycle=1,curView=1417,view=1418
info|2020-12-13 01:00:01.403146|[g:1][CONSENSUS]addRawPrepare,height=69,reqIdx=2,hash=d0295817...,time=0
info|2020-12-13 01:00:01.403433|[g:1][CONSENSUS][PBFT]checkTimeout Succ,view=1418,toView=1419,nodeIdx=1,changeCycle=1,myNode=64406364...,timecost=0.262
info|2020-12-13 01:00:01.406733|[g:1][CONSENSUS][PBFT]checkAndChangeView: Reach consensus,org_view=1418,cur_changeCycle=1,curView=1418,view=1419
info|2020-12-13 01:00:02.407689|[g:1][CONSENSUS]addRawPrepare,height=69,reqIdx=3,hash=f605b0bf...,time=0
info|2020-12-13 01:00:02.407895|[g:1][CONSENSUS][PBFT]checkTimeout Succ,view=1419,toView=1420,nodeIdx=1,changeCycle=1,myNode=64406364...,timecost=0.178
info|2020-12-13 01:00:02.411266|[g:1][CONSENSUS][PBFT]checkAndChangeView: Reach consensus,org_view=1419,cur_changeCycle=1,curView=1419,view=1420
info|2020-12-13 01:00:03.414363|[g:1][CONSENSUS]addRawPrepare,height=69,reqIdx=0,hash=b7bd5f96...,time=0
info|2020-12-13 01:00:03.414566|[g:1][CONSENSUS][PBFT]checkTimeout Succ,view=1420,toView=1421,nodeIdx=1,changeCycle=1,myNode=64406364...,timecost=0.174
info|2020-12-13 01:00:03.418443|[g:1][CONSENSUS][PBFT]checkAndChangeView: Reach consensus,org_view=1420,cur_changeCycle=1,curView=1420,view=1421
info|2020-12-13 01:00:04.419528|[g:1][CONSENSUS][SEALER]++++++++++++++++ Generating seal on,blkNum=69,tx=0,nodeIdx=1,hash=c8ec8fc9...
info|2020-12-13 01:00:04.425098|[g:1][CONSENSUS][PBFT]checkTimeout Succ,view=1421,toView=1422,nodeIdx=1,changeCycle=1,myNode=64406364...,timecost=0.189
info|2020-12-13 01:00:04.426119|[g:1][CONSENSUS][PBFT]checkAndChangeView: Reach consensus,org_view=1421,cur_changeCycle=1,curView=1421,view=1422
info|2020-12-13 01:00:05.425823|[g:1][CONSENSUS]addRawPrepare,height=69,reqIdx=2,hash=06667f67...,time=0
info|2020-12-13 01:00:05.426019|[g:1][CONSENSUS][PBFT]checkTimeout Succ,view=1422,toView=1423,nodeIdx=1,changeCycle=1,myNode=64406364...,timecost=0.171
info|2020-12-13 01:00:05.428054|[g:1][CONSENSUS][PBFT]checkAndChangeView: Reach consensus,org_view=1422,cur_changeCycle=1,curView=1422,view=1423
info|2020-12-13 01:00:06.430725|[g:1][CONSENSUS]addRawPrepare,height=69,reqIdx=3,hash=77360541...,time=0
info|2020-12-13 01:00:06.430924|[g:1][CONSENSUS][PBFT]checkTimeout Succ,view=1423,toView=1424,nodeIdx=1,changeCycle=1,myNode=64406364...,timecost=0.171
info|2020-12-13 01:00:06.434588|[g:1][CONSENSUS][PBFT]checkAndChangeView: Reach consensus,org_view=1423,cur_changeCycle=1,curView=1423,view=1424
info|2020-12-13 01:00:07.435308|[g:1][CONSENSUS]addRawPrepare,height=69,reqIdx=0,hash=17ba308f...,time=0
info|2020-12-13 01:00:07.435512|[g:1][CONSENSUS][PBFT]checkTimeout Succ,view=1424,toView=1425,nodeIdx=1,changeCycle=1,myNode=64406364...,timecost=0.175
info|2020-12-13 01:00:07.440052|[g:1][CONSENSUS][PBFT]checkAndChangeView: Reach consensus,org_view=1424,cur_changeCycle=1,curView=1424,view=1425
info|2020-12-13 01:00:07.893742|[P2P][Service] heartBeat,connected count=3
info|2020-12-13 01:00:08.440796|[g:1][CONSENSUS][SEALER]++++++++++++++++ Generating seal on,blkNum=69,tx=0,nodeIdx=1,hash=37be5e0f...
info|2020-12-13 01:00:08.446186|[g:1][CONSENSUS][PBFT]checkTimeout Succ,view=1425,toView=1426,nodeIdx=1,changeCycle=1,myNode=64406364...,timecost=0.185
info|2020-12-13 01:00:08.447182|[g:1][CONSENSUS][PBFT]checkAndChangeView: Reach consensus,org_view=1425,cur_changeCycle=1,curView=1425,view=1426
info|2020-12-13 01:00:09.447794|[g:1][CONSENSUS]addRawPrepare,height=69,reqIdx=2,hash=9f45dabb...,time=0
info|2020-12-13 01:00:09.448065|[g:1][CONSENSUS][PBFT]checkTimeout Succ,view=1426,toView=1427,nodeIdx=1,changeCycle=1,myNode=64406364...,timecost=0.237
info|2020-12-13 01:00:09.451196|[g:1][CONSENSUS][PBFT]checkAndChangeView: Reach consensus,org_view=1426,cur_changeCycle=1,curView=1426,view=1427
info|2020-12-13 01:00:10.454751|[g:1][CONSENSUS]addRawPrepare,height=69,reqIdx=3,hash=52d385ca...,time=0
info|2020-12-13 01:00:10.455114|[g:1][CONSENSUS][PBFT]checkTimeout Succ,view=1427,toView=1428,nodeIdx=1,changeCycle=1,myNode=64406364...,timecost=0.303
info|2020-12-13 01:00:10.459379|[g:1][CONSENSUS][PBFT]checkAndChangeView: Reach consensus,org_view=1427,cur_changeCycle=1,curView=1427,view=1428
info|2020-12-13 01:00:11.461432|[g:1][CONSENSUS]addRawPrepare,height=69,reqIdx=0,hash=8465e5e5...,time=0
info|2020-12-13 01:00:11.461634|[g:1][CONSENSUS][PBFT]checkTimeout Succ,view=1428,toView=1429,nodeIdx=1,changeCycle=1,myNode=64406364...,timecost=0.175
info|2020-12-13 01:00:11.464862|[g:1][CONSENSUS][PBFT]checkAndChangeView: Reach consensus,org_view=1428,cur_changeCycle=1,curView=1428,view=1429
info|2020-12-13 01:00:12.466101|[g:1][CONSENSUS][SEALER]++++++++++++++++ Generating seal on,blkNum=69,tx=0,nodeIdx=1,hash=d8fea90e...
info|2020-12-13 01:00:12.474232|[g:1][CONSENSUS][PBFT]checkTimeout Succ,view=1429,toView=1430,nodeIdx=1,changeCycle=1,myNode=64406364...,timecost=0.195
info|2020-12-13 01:00:12.475090|[g:1][CONSENSUS][PBFT]checkAndChangeView: Reach consensus,org_view=1429,cur_changeCycle=1,curView=1429,view=1430
info|2020-12-13 01:00:13.476395|[g:1][CONSENSUS]addRawPrepare,height=69,reqIdx=2,hash=06d2a184...,time=0
info|2020-12-13 01:00:13.476593|[g:1][CONSENSUS][PBFT]checkTimeout Succ,view=1430,toView=1431,nodeIdx=1,changeCycle=1,myNode=64406364...,timecost=0.171
info|2020-12-13 01:00:13.479466|[g:1][CONSENSUS][PBFT]checkAndChangeView: Reach consensus,org_view=1430,cur_changeCycle=1,curView=1430,view=1431
info|2020-12-13 01:00:14.479434|[g:1][CONSENSUS]addRawPrepare,height=69,reqIdx=3,hash=c4343eff...,time=0
info|2020-12-13 01:00:14.479644|[g:1][CONSENSUS][PBFT]checkTimeout Succ,view=1431,toView=1432,nodeIdx=1,changeCycle=1,myNode=64406364...,timecost=0.223
info|2020-12-13 01:00:14.483766|[g:1][CONSENSUS][PBFT]checkAndChangeView: Reach consensus,org_view=1431,cur_changeCycle=1,curView=1431,view=1432
info|2020-12-13 01:00:15.483566|[g:1][CONSENSUS]addRawPrepare,height=69,reqIdx=0,hash=961f8f62...,time=0
info|2020-12-13 01:00:15.483769|[g:1][CONSENSUS][PBFT]checkTimeout Succ,view=1432,toView=1433,nodeIdx=1,changeCycle=1,myNode=64406364...,timecost=0.174
info|2020-12-13 01:00:15.487533|[g:1][CONSENSUS][PBFT]checkAndChangeView: Reach consensus,org_view=1432,cur_changeCycle=1,curView=1432,view=1433
info|2020-12-13 01:00:16.487823|[g:1][CONSENSUS][SEALER]++++++++++++++++ Generating seal on,blkNum=69,tx=0,nodeIdx=1,hash=8dbab64c...
info|2020-12-13 01:00:16.494287|[g:1][CONSENSUS][PBFT]checkTimeout Succ,view=1433,toView=1434,nodeIdx=1,changeCycle=1,myNode=64406364...,timecost=0.307
info|2020-12-13 01:00:16.495390|[g:1][CONSENSUS][PBFT]checkAndChangeView: Reach consensus,org_view=1433,cur_changeCycle=1,curView=1433,view=1434
info|2020-12-13 01:00:17.495001|[g:1][CONSENSUS]addRawPrepare,height=69,reqIdx=2,hash=bab39021...,time=1
info|2020-12-13 01:00:17.495239|[g:1][CONSENSUS][PBFT]checkTimeout Succ,view=1434,toView=1435,nodeIdx=1,changeCycle=1,myNode=64406364...,timecost=0.198
info|2020-12-13 01:00:17.498702|[g:1][CONSENSUS][PBFT]checkAndChangeView: Reach consensus,org_view=1434,cur_changeCycle=1,curView=1434,view=1435
info|2020-12-13 01:00:17.893909|[P2P][Service] heartBeat,connected count=3
info|2020-12-13 01:00:18.500445|[g:1][CONSENSUS]addRawPrepare,height=69,reqIdx=3,hash=bdafc867...,time=0
info|2020-12-13 01:00:18.500654|[g:1][CONSENSUS][PBFT]checkTimeout Succ,view=1435,toView=1436,nodeIdx=1,changeCycle=1,myNode=64406364...,timecost=0.178
info|2020-12-13 01:00:18.504378|[g:1][CONSENSUS][PBFT]checkAndChangeView: Reach consensus,org_view=1435,cur_changeCycle=1,curView=1435,view=1436
info|2020-12-13 01:00:19.505727|[g:1][CONSENSUS]addRawPrepare,height=69,reqIdx=0,hash=c66151d5...,time=0
info|2020-12-13 01:00:19.505937|[g:1][CONSENSUS][PBFT]checkTimeout Succ,view=1436,toView=1437,nodeIdx=1,changeCycle=1,myNode=64406364...,timecost=0.178
info|2020-12-13 01:00:19.508898|[g:1][CONSENSUS][PBFT]checkAndChangeView: Reach consensus,org_view=1436,cur_changeCycle=1,curView=1436,view=1437
info|2020-12-13 01:00:20.508900|[g:1][CONSENSUS][SEALER]++++++++++++++++ Generating seal on,blkNum=69,tx=0,nodeIdx=1,hash=9291efeb...
info|2020-12-13 01:00:20.514396|[g:1][CONSENSUS][PBFT]checkTimeout Succ,view=1437,toView=1438,nodeIdx=1,changeCycle=1,myNode=64406364...,timecost=0.174
info|2020-12-13 01:00:20.515146|[g:1][CONSENSUS][PBFT]checkAndChangeView: Reach consensus,org_view=1437,cur_changeCycle=1,curView=1437,view=1438
info|2020-12-13 01:00:21.515463|[g:1][CONSENSUS]addRawPrepare,height=69,reqIdx=2,hash=7ca5e782...,time=0
info|2020-12-13 01:00:21.515666|[g:1][CONSENSUS][PBFT]checkTimeout Succ,view=1438,toView=1439,nodeIdx=1,changeCycle=1,myNode=64406364...,timecost=0.176
info|2020-12-13 01:00:21.518775|[g:1][CONSENSUS][PBFT]checkAndChangeView: Reach consensus,org_view=1438,cur_changeCycle=1,curView=1438,view=1439
info|2020-12-13 01:00:22.520755|[g:1][CONSENSUS]addRawPrepare,height=69,reqIdx=3,hash=63d9231f...,time=0
info|2020-12-13 01:00:22.520951|[g:1][CONSENSUS][PBFT]checkTimeout Succ,view=1439,toView=1440,nodeIdx=1,changeCycle=1,myNode=64406364...,timecost=0.17
info|2020-12-13 01:00:22.524873|[g:1][CONSENSUS][PBFT]checkAndChangeView: Reach consensus,org_view=1439,cur_changeCycle=1,curView=1439,view=1440
info|2020-12-13 01:00:23.525060|[g:1][CONSENSUS]addRawPrepare,height=69,reqIdx=0,hash=c229c471...,time=0
info|2020-12-13 01:00:23.525260|[g:1][CONSENSUS][PBFT]checkTimeout Succ,view=1440,toView=1441,nodeIdx=1,changeCycle=1,myNode=64406364...,timecost=0.173
info|2020-12-13 01:00:23.529352|[g:1][CONSENSUS][PBFT]checkAndChangeView: Reach consensus,org_view=1440,cur_changeCycle=1,curView=1440,view=1441
info|2020-12-13 01:00:24.529849|[g:1][CONSENSUS][SEALER]++++++++++++++++ Generating seal on,blkNum=69,tx=0,nodeIdx=1,hash=ab3c1128...
info|2020-12-13 01:00:24.537377|[g:1][CONSENSUS][PBFT]checkTimeout Succ,view=1441,toView=1442,nodeIdx=1,changeCycle=1,myNode=64406364...,timecost=0.199
info|2020-12-13 01:00:24.538454|[g:1][CONSENSUS][PBFT]checkAndChangeView: Reach consensus,org_view=1441,cur_changeCycle=1,curView=1441,view=1442
info|2020-12-13 01:00:25.541514|[g:1][CONSENSUS][PBFT]Trigger fast-viewchange,view=1442,toView=1442,minView=1443,INFO=,reqNum=68,curNum=68,GenIdx=0,Cview=1443,view=1442,fromIdx=0,fromNode=510f8991...,fromIp=127.0.0.1:30301,hash=ebf34959...,nodeIdx=1,myNode=64406364...
info|2020-12-13 01:00:25.541707|[g:1][CONSENSUS][PBFT]checkAndChangeView: Reach consensus,org_view=1442,cur_changeCycle=2,curView=1442,view=1443
info|2020-12-13 01:00:25.541716|[g:1][CONSENSUS][PBFT]checkTimeout Succ,view=1443,toView=1443,nodeIdx=1,changeCycle=2,myNode=64406364...,timecost=0.19
info|2020-12-13 01:00:26.544211|[g:1][CONSENSUS]addRawPrepare,height=69,reqIdx=3,hash=f627e8eb...,time=0
info|2020-12-13 01:00:26.544417|[g:1][CONSENSUS][PBFT]checkTimeout Succ,view=1443,toView=1444,nodeIdx=1,changeCycle=1,myNode=64406364...,timecost=0.178
info|2020-12-13 01:00:26.547737|[g:1][CONSENSUS][PBFT]checkAndChangeView: Reach consensus,org_view=1443,cur_changeCycle=1,curView=1443,view=1444
info|2020-12-13 01:00:27.553764|[g:1][CONSENSUS]addRawPrepare,height=69,reqIdx=0,hash=28808184...,time=0
info|2020-12-13 01:00:27.553983|[g:1][CONSENSUS][PBFT]checkTimeout Succ,view=1444,toView=1445,nodeIdx=1,changeCycle=1,myNode=64406364...,timecost=0.195
info|2020-12-13 01:00:27.554490|[g:1][CONSENSUS][PBFT]checkAndChangeView: Reach consensus,org_view=1444,cur_changeCycle=1,curView=1444,view=1445
info|2020-12-13 01:00:27.893993|[P2P][Service] heartBeat,connected count=3
info|2020-12-13 01:00:28.553934|[g:1][CONSENSUS][SEALER]++++++++++++++++ Generating seal on,blkNum=69,tx=0,nodeIdx=1,hash=af21005e...
info|2020-12-13 01:00:28.559069|[g:1][CONSENSUS][PBFT]checkTimeout Succ,view=1445,toView=1446,nodeIdx=1,changeCycle=1,myNode=64406364...,timecost=0.184
info|2020-12-13 01:00:28.560092|[g:1][CONSENSUS][PBFT]checkAndChangeView: Reach consensus,org_view=1445,cur_changeCycle=1,curView=1445,view=1446
info|2020-12-13 01:00:29.560135|[g:1][CONSENSUS]addRawPrepare,height=69,reqIdx=2,hash=8cd0926d...,time=0
info|2020-12-13 01:00:29.560337|[g:1][CONSENSUS][PBFT]checkTimeout Succ,view=1446,toView=1447,nodeIdx=1,changeCycle=1,myNode=64406364...,timecost=0.174
info|2020-12-13 01:00:29.563932|[g:1][CONSENSUS][PBFT]checkAndChangeView: Reach consensus,org_view=1446,cur_changeCycle=1,curView=1446,view=1447
info|2020-12-13 01:00:30.563205|[g:1][CONSENSUS]addRawPrepare,height=69,reqIdx=3,hash=0debf0fc...,time=0
info|2020-12-13 01:00:30.563445|[g:1][CONSENSUS][PBFT]checkTimeout Succ,view=1447,toView=1448,nodeIdx=1,changeCycle=1,myNode=64406364...,timecost=0.215
info|2020-12-13 01:00:30.566705|[g:1][CONSENSUS][PBFT]checkAndChangeView: Reach consensus,org_view=1447,cur_changeCycle=1,curView=1447,view=1448
info|2020-12-13 01:00:31.566768|[g:1][CONSENSUS]addRawPrepare,height=69,reqIdx=0,hash=43921f15...,time=0
info|2020-12-13 01:00:31.566984|[g:1][CONSENSUS][PBFT]checkTimeout Succ,view=1448,toView=1449,nodeIdx=1,changeCycle=1,myNode=64406364...,timecost=0.182
info|2020-12-13 01:00:31.571018|[g:1][CONSENSUS][PBFT]checkAndChangeView: Reach consensus,org_view=1448,cur_changeCycle=1,curView=1448,view=1449
info|2020-12-13 01:00:32.571253|[g:1][CONSENSUS][SEALER]++++++++++++++++ Generating seal on,blkNum=69,tx=0,nodeIdx=1,hash=8077333c...
info|2020-12-13 01:00:32.578997|[g:1][CONSENSUS][PBFT]checkTimeout Succ,view=1449,toView=1450,nodeIdx=1,changeCycle=1,myNode=64406364...,timecost=0.196
info|2020-12-13 01:00:32.580108|[g:1][CONSENSUS][PBFT]checkAndChangeView: Reach consensus,org_view=1449,cur_changeCycle=1,curView=1449,view=1450
info|2020-12-13 01:00:33.580752|[g:1][CONSENSUS]addRawPrepare,height=69,reqIdx=2,hash=3a421a7f...,time=0
info|2020-12-13 01:00:33.580951|[g:1][CONSENSUS][PBFT]checkTimeout Succ,view=1450,toView=1451,nodeIdx=1,changeCycle=1,myNode=64406364...,timecost=0.174
info|2020-12-13 01:00:33.583328|[g:1][CONSENSUS][PBFT]checkAndChangeView: Reach consensus,org_view=1450,cur_changeCycle=1,curView=1450,view=1451
info|2020-12-13 01:00:34.586451|[g:1][CONSENSUS]addRawPrepare,height=69,reqIdx=3,hash=e693a2d4...,time=0
info|2020-12-13 01:00:34.586662|[g:1][CONSENSUS][PBFT]checkTimeout Succ,view=1451,toView=1452,nodeIdx=1,changeCycle=1,myNode=64406364...,timecost=0.177
info|2020-12-13 01:00:34.590517|[g:1][CONSENSUS][PBFT]checkAndChangeView: Reach consensus,org_view=1451,cur_changeCycle=1,curView=1451,view=1452
info|2020-12-13 01:00:35.590344|[g:1][CONSENSUS]addRawPrepare,height=69,reqIdx=0,hash=d3f494b2...,time=0
info|2020-12-13 01:00:35.590562|[g:1][CONSENSUS][PBFT]checkTimeout Succ,view=1452,toView=1453,nodeIdx=1,changeCycle=1,myNode=64406364...,timecost=0.185
info|2020-12-13 01:00:35.594475|[g:1][CONSENSUS][PBFT]checkAndChangeView: Reach consensus,org_view=1452,cur_changeCycle=1,curView=1452,view=1453
info|2020-12-13 01:00:36.594614|[g:1][CONSENSUS][SEALER]++++++++++++++++ Generating seal on,blkNum=69,tx=0,nodeIdx=1,hash=df476810...
info|2020-12-13 01:00:36.600247|[g:1][CONSENSUS][PBFT]checkTimeout Succ,view=1453,toView=1454,nodeIdx=1,changeCycle=1,myNode=64406364...,timecost=0.179
info|2020-12-13 01:00:36.601172|[g:1][CONSENSUS][PBFT]checkAndChangeView: Reach consensus,org_view=1453,cur_changeCycle=1,curView=1453,view=1454
info|2020-12-13 01:00:37.603285|[g:1][CONSENSUS]addRawPrepare,height=69,reqIdx=2,hash=fbf70da3...,time=0
info|2020-12-13 01:00:37.603484|[g:1][CONSENSUS][PBFT]checkTimeout Succ,view=1454,toView=1455,nodeIdx=1,changeCycle=1,myNode=64406364...,timecost=0.172
info|2020-12-13 01:00:37.604703|[g:1][CONSENSUS][PBFT]checkAndChangeView: Reach consensus,org_view=1454,cur_changeCycle=1,curView=1454,view=1455
info|2020-12-13 01:00:37.894447|[P2P][Service] heartBeat,connected count=3
info|2020-12-13 01:00:38.605800|[g:1][CONSENSUS]addRawPrepare,height=69,reqIdx=3,hash=c93a653f...,time=0
info|2020-12-13 01:00:38.606026|[g:1][CONSENSUS][PBFT]checkTimeout Succ,view=1455,toView=1456,nodeIdx=1,changeCycle=1,myNode=64406364...,timecost=0.192
info|2020-12-13 01:00:38.610033|[g:1][CONSENSUS][PBFT]checkAndChangeView: Reach consensus,org_view=1455,cur_changeCycle=1,curView=1455,view=1456
info|2020-12-13 01:00:39.611593|[g:1][CONSENSUS]addRawPrepare,height=69,reqIdx=0,hash=26f98096...,time=0
info|2020-12-13 01:00:39.611830|[g:1][CONSENSUS][PBFT]checkTimeout Succ,view=1456,toView=1457,nodeIdx=1,changeCycle=1,myNode=64406364...,timecost=0.209
info|2020-12-13 01:00:39.614590|[g:1][CONSENSUS][PBFT]checkAndChangeView: Reach consensus,org_view=1456,cur_changeCycle=1,curView=1456,view=1457
info|2020-12-13 01:00:40.614672|[g:1][CONSENSUS][SEALER]++++++++++++++++ Generating seal on,blkNum=69,tx=0,nodeIdx=1,hash=2ec4022f...
info|2020-12-13 01:00:40.620636|[g:1][CONSENSUS][PBFT]checkTimeout Succ,view=1457,toView=1458,nodeIdx=1,changeCycle=1,myNode=64406364...,timecost=0.296
info|2020-12-13 01:00:40.621901|[g:1][CONSENSUS][PBFT]checkAndChangeView: Reach consensus,org_view=1457,cur_changeCycle=1,curView=1457,view=1458
info|2020-12-13 01:00:41.621105|[g:1][CONSENSUS]addRawPrepare,height=69,reqIdx=2,hash=2343e16f...,time=0
info|2020-12-13 01:00:41.621301|[g:1][CONSENSUS][PBFT]checkTimeout Succ,view=1458,toView=1459,nodeIdx=1,changeCycle=1,myNode=64406364...,timecost=0.171
info|2020-12-13 01:00:41.623439|[g:1][CONSENSUS][PBFT]checkAndChangeView: Reach consensus,org_view=1458,cur_changeCycle=1,curView=1458,view=1459
info|2020-12-13 01:00:42.632302|[g:1][CONSENSUS]addRawPrepare,height=69,reqIdx=3,hash=48d81b34...,time=0
info|2020-12-13 01:00:42.632658|[g:1][CONSENSUS][PBFT]checkTimeout Succ,view=1459,toView=1460,nodeIdx=1,changeCycle=1,myNode=64406364...,timecost=0.3
info|2020-12-13 01:00:42.633417|[g:1][CONSENSUS][PBFT]checkAndChangeView: Reach consensus,org_view=1459,cur_changeCycle=1,curView=1459,view=1460
info|2020-12-13 01:00:43.638061|[g:1][CONSENSUS]addRawPrepare,height=69,reqIdx=0,hash=279585b4...,time=0
info|2020-12-13 01:00:43.638273|[g:1][CONSENSUS][PBFT]checkTimeout Succ,view=1460,toView=1461,nodeIdx=1,changeCycle=1,myNode=64406364...,timecost=0.182
info|2020-12-13 01:00:43.641982|[g:1][CONSENSUS][PBFT]checkAndChangeView: Reach consensus,org_view=1460,cur_changeCycle=1,curView=1460,view=1461
info|2020-12-13 01:00:44.642381|[g:1][CONSENSUS][SEALER]++++++++++++++++ Generating seal on,blkNum=69,tx=0,nodeIdx=1,hash=82dd7e9e...
info|2020-12-13 01:00:44.647649|[g:1][CONSENSUS][PBFT]checkTimeout Succ,view=1461,toView=1462,nodeIdx=1,changeCycle=1,myNode=64406364...,timecost=0.183
info|2020-12-13 01:00:44.648666|[g:1][CONSENSUS][PBFT]checkAndChangeView: Reach consensus,org_view=1461,cur_changeCycle=1,curView=1461,view=1462
info|2020-12-13 01:00:45.647451|[g:1][CONSENSUS]addRawPrepare,height=69,reqIdx=2,hash=f11a6198...,time=0
info|2020-12-13 01:00:45.647651|[g:1][CONSENSUS][PBFT]checkTimeout Succ,view=1462,toView=1463,nodeIdx=1,changeCycle=1,myNode=64406364...,timecost=0.174
info|2020-12-13 01:00:45.650285|[g:1][CONSENSUS][PBFT]checkAndChangeView: Reach consensus,org_view=1462,cur_changeCycle=1,curView=1462,view=1463
info|2020-12-13 01:00:46.651512|[g:1][CONSENSUS]addRawPrepare,height=69,reqIdx=3,hash=d695df47...,time=0
info|2020-12-13 01:00:46.651793|[g:1][CONSENSUS][PBFT]checkTimeout Succ,view=1463,toView=1464,nodeIdx=1,changeCycle=1,myNode=64406364...,timecost=0.249
info|2020-12-13 01:00:46.655695|[g:1][CONSENSUS][PBFT]checkAndChangeView: Reach consensus,org_view=1463,cur_changeCycle=1,curView=1463,view=1464
info|2020-12-13 01:00:47.658100|[g:1][CONSENSUS]addRawPrepare,height=69,reqIdx=0,hash=24a53309...,time=0
info|2020-12-13 01:00:47.658309|[g:1][CONSENSUS][PBFT]checkTimeout Succ,view=1464,toView=1465,nodeIdx=1,changeCycle=1,myNode=64406364...,timecost=0.179
info|2020-12-13 01:00:47.662798|[g:1][CONSENSUS][PBFT]checkAndChangeView: Reach consensus,org_view=1464,cur_changeCycle=1,curView=1464,view=1465
info|2020-12-13 01:00:47.894527|[P2P][Service] heartBeat,connected count=3
info|2020-12-13 01:00:48.664965|[g:1][CONSENSUS][SEALER]++++++++++++++++ Generating seal on,blkNum=69,tx=0,nodeIdx=1,hash=1f800aec...
info|2020-12-13 01:00:48.671398|[g:1][CONSENSUS][PBFT]checkTimeout Succ,view=1465,toView=1466,nodeIdx=1,changeCycle=1,myNode=64406364...,timecost=0.239
info|2020-12-13 01:00:48.672702|[g:1][CONSENSUS][PBFT]checkAndChangeView: Reach consensus,org_view=1465,cur_changeCycle=1,curView=1465,view=1466
info|2020-12-13 01:00:49.673240|[g:1][CONSENSUS]addRawPrepare,height=69,reqIdx=2,hash=85b08fa2...,time=0
info|2020-12-13 01:00:49.673482|[g:1][CONSENSUS][PBFT]checkTimeout Succ,view=1466,toView=1467,nodeIdx=1,changeCycle=1,myNode=64406364...,timecost=0.216
info|2020-12-13 01:00:49.676291|[g:1][CONSENSUS][PBFT]checkAndChangeView: Reach consensus,org_view=1466,cur_changeCycle=1,curView=1466,view=1467
info|2020-12-13 01:00:50.677789|[g:1][CONSENSUS]addRawPrepare,height=69,reqIdx=3,hash=b61611dd...,time=0
info|2020-12-13 01:00:50.678006|[g:1][CONSENSUS][PBFT]checkTimeout Succ,view=1467,toView=1468,nodeIdx=1,changeCycle=1,myNode=64406364...,timecost=0.178
info|2020-12-13 01:00:50.681857|[g:1][CONSENSUS][PBFT]checkAndChangeView: Reach consensus,org_view=1467,cur_changeCycle=1,curView=1467,view=1468
info|2020-12-13 01:00:51.682094|[g:1][CONSENSUS]addRawPrepare,height=69,reqIdx=0,hash=d89e7b90...,time=0
info|2020-12-13 01:00:51.682307|[g:1][CONSENSUS][PBFT]checkTimeout Succ,view=1468,toView=1469,nodeIdx=1,changeCycle=1,myNode=64406364...,timecost=0.181
info|2020-12-13 01:00:51.686382|[g:1][CONSENSUS][PBFT]checkAndChangeView: Reach consensus,org_view=1468,cur_changeCycle=1,curView=1468,view=1469
info|2020-12-13 01:00:52.685935|[g:1][CONSENSUS][SEALER]++++++++++++++++ Generating seal on,blkNum=69,tx=0,nodeIdx=1,hash=244ed3de...
info|2020-12-13 01:00:52.692510|[g:1][CONSENSUS][PBFT]checkTimeout Succ,view=1469,toView=1470,nodeIdx=1,changeCycle=1,myNode=64406364...,timecost=0.196
info|2020-12-13 01:00:52.693571|[g:1][CONSENSUS][PBFT]checkAndChangeView: Reach consensus,org_view=1469,cur_changeCycle=1,curView=1469,view=1470
info|2020-12-13 01:00:53.694189|[g:1][CONSENSUS]addRawPrepare,height=69,reqIdx=2,hash=194f2487...,time=0
info|2020-12-13 01:00:53.694385|[g:1][CONSENSUS][PBFT]checkTimeout Succ,view=1470,toView=1471,nodeIdx=1,changeCycle=1,myNode=64406364...,timecost=0.171
info|2020-12-13 01:00:53.698506|[g:1][CONSENSUS][PBFT]checkAndChangeView: Reach consensus,org_view=1470,cur_changeCycle=1,curView=1470,view=1471
info|2020-12-13 01:00:54.700046|[g:1][CONSENSUS]addRawPrepare,height=69,reqIdx=3,hash=bc242a08...,time=0
info|2020-12-13 01:00:54.700258|[g:1][CONSENSUS][PBFT]checkTimeout Succ,view=1471,toView=1472,nodeIdx=1,changeCycle=1,myNode=64406364...,timecost=0.218
info|2020-12-13 01:00:54.704812|[g:1][CONSENSUS][PBFT]checkAndChangeView: Reach consensus,org_view=1471,cur_changeCycle=1,curView=1471,view=1472
info|2020-12-13 01:00:55.704998|[g:1][CONSENSUS]addRawPrepare,height=69,reqIdx=0,hash=3da77f15...,time=1
info|2020-12-13 01:00:55.705239|[g:1][CONSENSUS][PBFT]checkTimeout Succ,view=1472,toView=1473,nodeIdx=1,changeCycle=1,myNode=64406364...,timecost=0.215
info|2020-12-13 01:00:55.708133|[g:1][CONSENSUS][PBFT]checkAndChangeView: Reach consensus,org_view=1472,cur_changeCycle=1,curView=1472,view=1473
info|2020-12-13 01:00:56.709893|[g:1][CONSENSUS][SEALER]++++++++++++++++ Generating seal on,blkNum=69,tx=0,nodeIdx=1,hash=d1359176...
info|2020-12-13 01:00:56.717708|[g:1][CONSENSUS][PBFT]checkTimeout Succ,view=1473,toView=1474,nodeIdx=1,changeCycle=1,myNode=64406364...,timecost=0.278
info|2020-12-13 01:00:56.719277|[g:1][CONSENSUS][PBFT]checkAndChangeView: Reach consensus,org_view=1473,cur_changeCycle=1,curView=1473,view=1474
info|2020-12-13 01:00:57.718327|[g:1][CONSENSUS]addRawPrepare,height=69,reqIdx=2,hash=35d6f911...,time=0
info|2020-12-13 01:00:57.718555|[g:1][CONSENSUS][PBFT]checkTimeout Succ,view=1474,toView=1475,nodeIdx=1,changeCycle=1,myNode=64406364...,timecost=0.203
info|2020-12-13 01:00:57.721971|[g:1][CONSENSUS][PBFT]checkAndChangeView: Reach consensus,org_view=1474,cur_changeCycle=1,curView=1474,view=1475
info|2020-12-13 01:00:57.894582|[P2P][Service] heartBeat,connected count=3
info|2020-12-13 01:00:58.721916|[g:1][CONSENSUS]addRawPrepare,height=69,reqIdx=3,hash=6374d245...,time=0
info|2020-12-13 01:00:58.722131|[g:1][CONSENSUS][PBFT]checkTimeout Succ,view=1475,toView=1476,nodeIdx=1,changeCycle=1,myNode=64406364...,timecost=0.184
info|2020-12-13 01:00:58.726195|[g:1][CONSENSUS][PBFT]checkAndChangeView: Reach consensus,org_view=1475,cur_changeCycle=1,curView=1475,view=1476
info|2020-12-13 01:00:59.726574|[g:1][CONSENSUS]addRawPrepare,height=69,reqIdx=0,hash=7b04b124...,time=0
info|2020-12-13 01:00:59.726783|[g:1][CONSENSUS][PBFT]checkTimeout Succ,view=1476,toView=1477,nodeIdx=1,changeCycle=1,myNode=64406364...,timecost=0.178
info|2020-12-13 01:00:59.730012|[g:1][CONSENSUS][PBFT]checkAndChangeView: Reach consensus,org_view=1476,cur_changeCycle=1,curView=1476,view=1477
info|2020-12-13 01:01:00.731290|[g:1][CONSENSUS][SEALER]++++++++++++++++ Generating seal on,blkNum=69,tx=0,nodeIdx=1,hash=623827b9...
info|2020-12-13 01:01:00.743880|[g:1][CONSENSUS][PBFT]checkTimeout Succ,view=1477,toView=1478,nodeIdx=1,changeCycle=1,myNode=64406364...,timecost=0.412
info|2020-12-13 01:01:00.746142|[g:1][CONSENSUS][PBFT]checkAndChangeView: Reach consensus,org_view=1477,cur_changeCycle=1,curView=1477,view=1478
info|2020-12-13 01:01:01.745254|[g:1][CONSENSUS]addRawPrepare,height=69,reqIdx=2,hash=92088cd0...,time=0
info|2020-12-13 01:01:01.745550|[g:1][CONSENSUS][PBFT]checkTimeout Succ,view=1478,toView=1479,nodeIdx=1,changeCycle=1,myNode=64406364...,timecost=0.261
info|2020-12-13 01:01:01.749244|[g:1][CONSENSUS][PBFT]checkAndChangeView: Reach consensus,org_view=1478,cur_changeCycle=1,curView=1478,view=1479
info|2020-12-13 01:01:02.753148|[g:1][CONSENSUS]addRawPrepare,height=69,reqIdx=3,hash=5e79c87e...,time=0
info|2020-12-13 01:01:02.753389|[g:1][CONSENSUS][PBFT]checkTimeout Succ,view=1479,toView=1480,nodeIdx=1,changeCycle=1,myNode=64406364...,timecost=0.215
info|2020-12-13 01:01:02.757093|[g:1][CONSENSUS][PBFT]checkAndChangeView: Reach consensus,org_view=1479,cur_changeCycle=1,curView=1479,view=1480
info|2020-12-13 01:01:03.761551|[g:1][CONSENSUS]addRawPrepare,height=69,reqIdx=0,hash=7e9cef3f...,time=0
info|2020-12-13 01:01:03.762428|[g:1][CONSENSUS][PBFT]checkTimeout Succ,view=1480,toView=1481,nodeIdx=1,changeCycle=1,myNode=64406364...,timecost=0.822
info|2020-12-13 01:01:03.763438|[g:1][CONSENSUS][PBFT]checkAndChangeView: Reach consensus,org_view=1480,cur_changeCycle=1,curView=1480,view=1481
info|2020-12-13 01:01:04.763143|[g:1][CONSENSUS][SEALER]++++++++++++++++ Generating seal on,blkNum=69,tx=0,nodeIdx=1,hash=3339be73...
info|2020-12-13 01:01:04.777591|[g:1][CONSENSUS][PBFT]checkTimeout Succ,view=1481,toView=1482,nodeIdx=1,changeCycle=1,myNode=64406364...,timecost=0.677
info|2020-12-13 01:01:04.780126|[g:1][CONSENSUS][PBFT]checkAndChangeView: Reach consensus,org_view=1481,cur_changeCycle=1,curView=1481,view=1482
info|2020-12-13 01:01:05.777691|[g:1][CONSENSUS]addRawPrepare,height=69,reqIdx=2,hash=e0145622...,time=0
info|2020-12-13 01:01:05.777887|[g:1][CONSENSUS][PBFT]checkTimeout Succ,view=1482,toView=1483,nodeIdx=1,changeCycle=1,myNode=64406364...,timecost=0.171
info|2020-12-13 01:01:05.779832|[g:1][CONSENSUS][PBFT]checkAndChangeView: Reach consensus,org_view=1482,cur_changeCycle=1,curView=1482,view=1483
info|2020-12-13 01:01:06.784288|[g:1][CONSENSUS]addRawPrepare,height=69,reqIdx=3,hash=cb2f7bb8...,time=0
info|2020-12-13 01:01:06.784507|[g:1][CONSENSUS][PBFT]checkTimeout Succ,view=1483,toView=1484,nodeIdx=1,changeCycle=1,myNode=64406364...,timecost=0.188
info|2020-12-13 01:01:06.788468|[g:1][CONSENSUS][PBFT]checkAndChangeView: Reach consensus,org_view=1483,cur_changeCycle=1,curView=1483,view=1484
info|2020-12-13 01:01:07.787961|[g:1][CONSENSUS]addRawPrepare,height=69,reqIdx=0,hash=46221ced...,time=0
info|2020-12-13 01:01:07.788175|[g:1][CONSENSUS][PBFT]checkTimeout Succ,view=1484,toView=1485,nodeIdx=1,changeCycle=1,myNode=64406364...,timecost=0.183
info|2020-12-13 01:01:07.792000|[g:1][CONSENSUS][PBFT]checkAndChangeView: Reach consensus,org_view=1484,cur_changeCycle=1,curView=1484,view=1485
info|2020-12-13 01:01:07.894728|[P2P][Service] heartBeat,connected count=3
info|2020-12-13 01:01:08.792425|[g:1][CONSENSUS][SEALER]++++++++++++++++ Generating seal on,blkNum=69,tx=0,nodeIdx=1,hash=7a470c26...
info|2020-12-13 01:01:08.797820|[g:1][CONSENSUS][PBFT]checkTimeout Succ,view=1485,toView=1486,nodeIdx=1,changeCycle=1,myNode=64406364...,timecost=0.201
info|2020-12-13 01:01:08.798812|[g:1][CONSENSUS][PBFT]checkAndChangeView: Reach consensus,org_view=1485,cur_changeCycle=1,curView=1485,view=1486
info|2020-12-13 01:01:09.798344|[g:1][CONSENSUS]addRawPrepare,height=69,reqIdx=2,hash=35502d90...,time=0
info|2020-12-13 01:01:09.798543|[g:1][CONSENSUS][PBFT]checkTimeout Succ,view=1486,toView=1487,nodeIdx=1,changeCycle=1,myNode=64406364...,timecost=0.174
info|2020-12-13 01:01:09.800777|[g:1][CONSENSUS][PBFT]checkAndChangeView: Reach consensus,org_view=1486,cur_changeCycle=1,curView=1486,view=1487
info|2020-12-13 01:01:10.803559|[g:1][CONSENSUS]addRawPrepare,height=69,reqIdx=3,hash=a6fa0faf...,time=0
info|2020-12-13 01:01:10.803765|[g:1][CONSENSUS][PBFT]checkTimeout Succ,view=1487,toView=1488,nodeIdx=1,changeCycle=1,myNode=64406364...,timecost=0.176
info|2020-12-13 01:01:10.806983|[g:1][CONSENSUS][PBFT]checkAndChangeView: Reach consensus,org_view=1487,cur_changeCycle=1,curView=1487,view=1488
info|2020-12-13 01:01:11.808262|[g:1][CONSENSUS]addRawPrepare,height=69,reqIdx=0,hash=b6b8b259...,time=0
info|2020-12-13 01:01:11.808558|[g:1][CONSENSUS][PBFT]checkTimeout Succ,view=1488,toView=1489,nodeIdx=1,changeCycle=1,myNode=64406364...,timecost=0.259
info|2020-12-13 01:01:11.813322|[g:1][CONSENSUS][PBFT]checkAndChangeView: Reach consensus,org_view=1488,cur_changeCycle=1,curView=1488,view=1489
info|2020-12-13 01:01:12.815240|[g:1][CONSENSUS][SEALER]++++++++++++++++ Generating seal on,blkNum=69,tx=0,nodeIdx=1,hash=9370dd04...
info|2020-12-13 01:01:12.825851|[g:1][CONSENSUS][PBFT]checkTimeout Succ,view=1489,toView=1490,nodeIdx=1,changeCycle=1,myNode=64406364...,timecost=0.198
info|2020-12-13 01:01:12.826877|[g:1][CONSENSUS][PBFT]checkAndChangeView: Reach consensus,org_view=1489,cur_changeCycle=1,curView=1489,view=1490
info|2020-12-13 01:01:13.823301|[g:1][CONSENSUS]addRawPrepare,height=69,reqIdx=2,hash=e236d22b...,time=0
info|2020-12-13 01:01:13.823545|[g:1][CONSENSUS][PBFT]checkTimeout Succ,view=1490,toView=1491,nodeIdx=1,changeCycle=1,myNode=64406364...,timecost=0.18
info|2020-12-13 01:01:13.830670|[g:1][CONSENSUS][PBFT]checkAndChangeView: Reach consensus,org_view=1490,cur_changeCycle=1,curView=1490,view=1491
info|2020-12-13 01:01:14.829630|[g:1][CONSENSUS]addRawPrepare,height=69,reqIdx=3,hash=9c391fc6...,time=0
info|2020-12-13 01:01:14.829835|[g:1][CONSENSUS][PBFT]checkTimeout Succ,view=1491,toView=1492,nodeIdx=1,changeCycle=1,myNode=64406364...,timecost=0.177
info|2020-12-13 01:01:14.836604|[g:1][CONSENSUS][PBFT]checkAndChangeView: Reach consensus,org_view=1491,cur_changeCycle=1,curView=1491,view=1492
info|2020-12-13 01:01:15.833927|[g:1][CONSENSUS]addRawPrepare,height=69,reqIdx=0,hash=b06d8a17...,time=1
info|2020-12-13 01:01:15.834303|[g:1][CONSENSUS][PBFT]checkTimeout Succ,view=1492,toView=1493,nodeIdx=1,changeCycle=1,myNode=64406364...,timecost=0.243
info|2020-12-13 01:01:15.841806|[g:1][CONSENSUS][PBFT]checkAndChangeView: Reach consensus,org_view=1492,cur_changeCycle=1,curView=1492,view=1493
info|2020-12-13 01:01:16.842737|[g:1][CONSENSUS][SEALER]++++++++++++++++ Generating seal on,blkNum=69,tx=0,nodeIdx=1,hash=f9b869b3...
info|2020-12-13 01:01:16.853895|[g:1][CONSENSUS][PBFT]checkTimeout Succ,view=1493,toView=1494,nodeIdx=1,changeCycle=1,myNode=64406364...,timecost=0.211
info|2020-12-13 01:01:16.858856|[g:1][CONSENSUS][PBFT]checkAndChangeView: Reach consensus,org_view=1493,cur_changeCycle=1,curView=1493,view=1494
info|2020-12-13 01:01:17.854609|[g:1][CONSENSUS]addRawPrepare,height=69,reqIdx=2,hash=571412a9...,time=0
info|2020-12-13 01:01:17.854807|[g:1][CONSENSUS][PBFT]checkTimeout Succ,view=1494,toView=1495,nodeIdx=1,changeCycle=1,myNode=64406364...,timecost=0.173
info|2020-12-13 01:01:17.860474|[g:1][CONSENSUS][PBFT]checkAndChangeView: Reach consensus,org_view=1494,cur_changeCycle=1,curView=1494,view=1495
info|2020-12-13 01:01:17.894775|[P2P][Service] heartBeat,connected count=3
info|2020-12-13 01:01:18.862624|[g:1][CONSENSUS]addRawPrepare,height=69,reqIdx=3,hash=a7c21d11...,time=0
info|2020-12-13 01:01:18.862941|[g:1][CONSENSUS][PBFT]checkTimeout Succ,view=1495,toView=1496,nodeIdx=1,changeCycle=1,myNode=64406364...,timecost=0.275
info|2020-12-13 01:01:18.867277|[g:1][CONSENSUS][PBFT]checkAndChangeView: Reach consensus,org_view=1495,cur_changeCycle=1,curView=1495,view=1496
info|2020-12-13 01:01:19.876624|[g:1][CONSENSUS]addRawPrepare,height=69,reqIdx=0,hash=a0a11e34...,time=0
info|2020-12-13 01:01:19.876932|[g:1][CONSENSUS][PBFT]checkTimeout Succ,view=1496,toView=1497,nodeIdx=1,changeCycle=1,myNode=64406364...,timecost=0.268
info|2020-12-13 01:01:19.884817|[g:1][CONSENSUS][PBFT]checkAndChangeView: Reach consensus,org_view=1496,cur_changeCycle=1,curView=1496,view=1497
info|2020-12-13 01:01:20.887592|[g:1][CONSENSUS][SEALER]++++++++++++++++ Generating seal on,blkNum=69,tx=0,nodeIdx=1,hash=daf9c8bf...
info|2020-12-13 01:01:20.892667|[g:1][CONSENSUS][PBFT]checkTimeout Succ,view=1497,toView=1498,nodeIdx=1,changeCycle=1,myNode=64406364...,timecost=0.177
info|2020-12-13 01:01:20.893432|[g:1][CONSENSUS][PBFT]checkAndChangeView: Reach consensus,org_view=1497,cur_changeCycle=1,curView=1497,view=1498
info|2020-12-13 01:01:21.894434|[g:1][CONSENSUS]addRawPrepare,height=69,reqIdx=2,hash=74bf29ae...,time=0
info|2020-12-13 01:01:21.894662|[g:1][CONSENSUS][PBFT]checkTimeout Succ,view=1498,toView=1499,nodeIdx=1,changeCycle=1,myNode=64406364...,timecost=0.204
info|2020-12-13 01:01:21.897588|[g:1][CONSENSUS][PBFT]checkAndChangeView: Reach consensus,org_view=1498,cur_changeCycle=1,curView=1498,view=1499
info|2020-12-13 01:01:22.897997|[g:1][CONSENSUS]addRawPrepare,height=69,reqIdx=3,hash=e8a24de1...,time=1
info|2020-12-13 01:01:22.898207|[g:1][CONSENSUS][PBFT]checkTimeout Succ,view=1499,toView=1500,nodeIdx=1,changeCycle=1,myNode=64406364...,timecost=0.179
info|2020-12-13 01:01:22.906460|[g:1][CONSENSUS][PBFT]checkAndChangeView: Reach consensus,org_view=1499,cur_changeCycle=1,curView=1499,view=1500
info|2020-12-13 01:01:23.911057|[g:1][CONSENSUS]addRawPrepare,height=69,reqIdx=0,hash=f60f16ec...,time=0
info|2020-12-13 01:01:23.911257|[g:1][CONSENSUS][PBFT]checkTimeout Succ,view=1500,toView=1501,nodeIdx=1,changeCycle=1,myNode=64406364...,timecost=0.173
info|2020-12-13 01:01:23.911761|[g:1][CONSENSUS][PBFT]checkAndChangeView: Reach consensus,org_view=1500,cur_changeCycle=1,curView=1500,view=1501
info|2020-12-13 01:01:24.912560|[g:1][CONSENSUS][SEALER]++++++++++++++++ Generating seal on,blkNum=69,tx=0,nodeIdx=1,hash=a3c55085...
info|2020-12-13 01:01:24.920889|[g:1][CONSENSUS][PBFT]checkTimeout Succ,view=1501,toView=1502,nodeIdx=1,changeCycle=1,myNode=64406364...,timecost=0.204
info|2020-12-13 01:01:24.921951|[g:1][CONSENSUS][PBFT]checkAndChangeView: Reach consensus,org_view=1501,cur_changeCycle=1,curView=1501,view=1502
info|2020-12-13 01:01:25.923051|[g:1][CONSENSUS]addRawPrepare,height=69,reqIdx=2,hash=fb2590d9...,time=0
info|2020-12-13 01:01:25.923251|[g:1][CONSENSUS][PBFT]checkTimeout Succ,view=1502,toView=1503,nodeIdx=1,changeCycle=1,myNode=64406364...,timecost=0.175
info|2020-12-13 01:01:25.926996|[g:1][CONSENSUS][PBFT]checkAndChangeView: Reach consensus,org_view=1502,cur_changeCycle=1,curView=1502,view=1503
info|2020-12-13 01:01:26.931749|[g:1][CONSENSUS]addRawPrepare,height=69,reqIdx=3,hash=acd3487e...,time=0
info|2020-12-13 01:01:26.931963|[g:1][CONSENSUS][PBFT]checkTimeout Succ,view=1503,toView=1504,nodeIdx=1,changeCycle=1,myNode=64406364...,timecost=0.182
info|2020-12-13 01:01:26.935665|[g:1][CONSENSUS][PBFT]checkAndChangeView: Reach consensus,org_view=1503,cur_changeCycle=1,curView=1503,view=1504
info|2020-12-13 01:01:27.895159|[P2P][Service] heartBeat,connected count=3
info|2020-12-13 01:01:27.936156|[g:1][CONSENSUS]addRawPrepare,height=69,reqIdx=0,hash=1558ea9e...,time=0
info|2020-12-13 01:01:27.936365|[g:1][CONSENSUS][PBFT]checkTimeout Succ,view=1504,toView=1505,nodeIdx=1,changeCycle=1,myNode=64406364...,timecost=0.18
info|2020-12-13 01:01:27.943362|[g:1][CONSENSUS][PBFT]checkAndChangeView: Reach consensus,org_view=1504,cur_changeCycle=1,curView=1504,view=1505
info|2020-12-13 01:01:28.946495|[g:1][CONSENSUS][SEALER]++++++++++++++++ Generating seal on,blkNum=69,tx=0,nodeIdx=1,hash=b987ada9...
info|2020-12-13 01:01:28.952016|[g:1][CONSENSUS][PBFT]checkTimeout Succ,view=1505,toView=1506,nodeIdx=1,changeCycle=1,myNode=64406364...,timecost=0.227
info|2020-12-13 01:01:28.953333|[g:1][CONSENSUS][PBFT]checkAndChangeView: Reach consensus,org_view=1505,cur_changeCycle=1,curView=1505,view=1506
info|2020-12-13 01:01:29.954673|[g:1][CONSENSUS]addRawPrepare,height=69,reqIdx=2,hash=be985fc2...,time=0
info|2020-12-13 01:01:29.954981|[g:1][CONSENSUS][PBFT]checkTimeout Succ,view=1506,toView=1507,nodeIdx=1,changeCycle=1,myNode=64406364...,timecost=0.27
info|2020-12-13 01:01:29.962950|[g:1][CONSENSUS][PBFT]checkAndChangeView: Reach consensus,org_view=1506,cur_changeCycle=1,curView=1506,view=1507
info|2020-12-13 01:01:30.968477|[g:1][CONSENSUS]addRawPrepare,height=69,reqIdx=3,hash=8652ca93...,time=0
info|2020-12-13 01:01:30.968685|[g:1][CONSENSUS][PBFT]checkTimeout Succ,view=1507,toView=1508,nodeIdx=1,changeCycle=1,myNode=64406364...,timecost=0.177
info|2020-12-13 01:01:30.977431|[g:1][CONSENSUS][PBFT]checkAndChangeView: Reach consensus,org_view=1507,cur_changeCycle=1,curView=1507,view=1508
info|2020-12-13 01:01:31.980735|[g:1][CONSENSUS]addRawPrepare,height=69,reqIdx=0,hash=3e65760b...,time=0
info|2020-12-13 01:01:31.980942|[g:1][CONSENSUS][PBFT]checkTimeout Succ,view=1508,toView=1509,nodeIdx=1,changeCycle=1,myNode=64406364...,timecost=0.178
info|2020-12-13 01:01:31.984995|[g:1][CONSENSUS][PBFT]checkAndChangeView: Reach consensus,org_view=1508,cur_changeCycle=1,curView=1508,view=1509
info|2020-12-13 01:01:32.986365|[g:1][CONSENSUS][SEALER]++++++++++++++++ Generating seal on,blkNum=69,tx=0,nodeIdx=1,hash=c4c19dfd...
info|2020-12-13 01:01:32.992007|[g:1][CONSENSUS][PBFT]checkTimeout Succ,view=1509,toView=1510,nodeIdx=1,changeCycle=1,myNode=64406364...,timecost=0.204
info|2020-12-13 01:01:32.993119|[g:1][CONSENSUS][PBFT]checkAndChangeView: Reach consensus,org_view=1509,cur_changeCycle=1,curView=1509,view=1510
info|2020-12-13 01:01:33.993426|[g:1][CONSENSUS]addRawPrepare,height=69,reqIdx=2,hash=132b9dd3...,time=0
info|2020-12-13 01:01:33.993623|[g:1][CONSENSUS][PBFT]checkTimeout Succ,view=1510,toView=1511,nodeIdx=1,changeCycle=1,myNode=64406364...,timecost=0.173
info|2020-12-13 01:01:33.995745|[g:1][CONSENSUS][PBFT]checkAndChangeView: Reach consensus,org_view=1510,cur_changeCycle=1,curView=1510,view=1511
info|2020-12-13 01:01:34.997139|[g:1][CONSENSUS]addRawPrepare,height=69,reqIdx=3,hash=dcb73238...,time=0
info|2020-12-13 01:01:34.997533|[g:1][CONSENSUS][PBFT]checkTimeout Succ,view=1511,toView=1512,nodeIdx=1,changeCycle=1,myNode=64406364...,timecost=0.363
info|2020-12-13 01:01:35.008642|[g:1][CONSENSUS][PBFT]checkAndChangeView: Reach consensus,org_view=1511,cur_changeCycle=1,curView=1511,view=1512
info|2020-12-13 01:01:36.011870|[g:1][CONSENSUS]addRawPrepare,height=69,reqIdx=0,hash=7d2295fa...,time=0
info|2020-12-13 01:01:36.012220|[g:1][CONSENSUS][PBFT]checkTimeout Succ,view=1512,toView=1513,nodeIdx=1,changeCycle=1,myNode=64406364...,timecost=0.312
info|2020-12-13 01:01:36.017499|[g:1][CONSENSUS][PBFT]checkAndChangeView: Reach consensus,org_view=1512,cur_changeCycle=1,curView=1512,view=1513
info|2020-12-13 01:01:37.017420|[g:1][CONSENSUS][SEALER]++++++++++++++++ Generating seal on,blkNum=69,tx=0,nodeIdx=1,hash=7b076b3f...
info|2020-12-13 01:01:37.025864|[g:1][CONSENSUS][PBFT]checkTimeout Succ,view=1513,toView=1514,nodeIdx=1,changeCycle=1,myNode=64406364...,timecost=0.482
info|2020-12-13 01:01:37.029246|[g:1][CONSENSUS][PBFT]checkAndChangeView: Reach consensus,org_view=1513,cur_changeCycle=1,curView=1513,view=1514
info|2020-12-13 01:01:37.896139|[P2P][Service] heartBeat,connected count=3
info|2020-12-13 01:01:38.030230|[g:1][CONSENSUS]addRawPrepare,height=69,reqIdx=2,hash=8c0ab197...,time=0
info|2020-12-13 01:01:38.030437|[g:1][CONSENSUS][PBFT]checkTimeout Succ,view=1514,toView=1515,nodeIdx=1,changeCycle=1,myNode=64406364...,timecost=0.178
info|2020-12-13 01:01:38.037903|[g:1][CONSENSUS][PBFT]checkAndChangeView: Reach consensus,org_view=1514,cur_changeCycle=1,curView=1514,view=1515
info|2020-12-13 01:01:39.038833|[g:1][CONSENSUS]addRawPrepare,height=69,reqIdx=3,hash=efc574cc...,time=0
info|2020-12-13 01:01:39.039095|[g:1][CONSENSUS][PBFT]checkTimeout Succ,view=1515,toView=1516,nodeIdx=1,changeCycle=1,myNode=64406364...,timecost=0.234
info|2020-12-13 01:01:39.044916|[g:1][CONSENSUS][PBFT]checkAndChangeView: Reach consensus,org_view=1515,cur_changeCycle=1,curView=1515,view=1516
info|2020-12-13 01:01:40.043321|[g:1][CONSENSUS]addRawPrepare,height=69,reqIdx=0,hash=ac679971...,time=0
info|2020-12-13 01:01:40.043532|[g:1][CONSENSUS][PBFT]checkTimeout Succ,view=1516,toView=1517,nodeIdx=1,changeCycle=1,myNode=64406364...,timecost=0.178
info|2020-12-13 01:01:40.048560|[g:1][CONSENSUS][PBFT]checkAndChangeView: Reach consensus,org_view=1516,cur_changeCycle=1,curView=1516,view=1517
info|2020-12-13 01:01:41.050831|[g:1][CONSENSUS][SEALER]++++++++++++++++ Generating seal on,blkNum=69,tx=0,nodeIdx=1,hash=80aaeaa0...
info|2020-12-13 01:01:41.060155|[g:1][CONSENSUS][PBFT]checkTimeout Succ,view=1517,toView=1518,nodeIdx=1,changeCycle=1,myNode=64406364...,timecost=0.19
info|2020-12-13 01:01:41.061005|[g:1][CONSENSUS][PBFT]checkAndChangeView: Reach consensus,org_view=1517,cur_changeCycle=1,curView=1517,view=1518
info|2020-12-13 01:01:42.060452|[g:1][CONSENSUS]addRawPrepare,height=69,reqIdx=2,hash=69ef2cac...,time=0
info|2020-12-13 01:01:42.060704|[g:1][CONSENSUS][PBFT]checkTimeout Succ,view=1518,toView=1519,nodeIdx=1,changeCycle=1,myNode=64406364...,timecost=0.217
info|2020-12-13 01:01:42.064869|[g:1][CONSENSUS][PBFT]checkAndChangeView: Reach consensus,org_view=1518,cur_changeCycle=1,curView=1518,view=1519
info|2020-12-13 01:01:43.064162|[g:1][CONSENSUS]addRawPrepare,height=69,reqIdx=3,hash=7321358e...,time=0
info|2020-12-13 01:01:43.064372|[g:1][CONSENSUS][PBFT]checkTimeout Succ,view=1519,toView=1520,nodeIdx=1,changeCycle=1,myNode=64406364...,timecost=0.179
info|2020-12-13 01:01:43.071663|[g:1][CONSENSUS][PBFT]checkAndChangeView: Reach consensus,org_view=1519,cur_changeCycle=1,curView=1519,view=1520
info|2020-12-13 01:01:44.072016|[g:1][CONSENSUS]addRawPrepare,height=69,reqIdx=0,hash=7bc38d61...,time=0
info|2020-12-13 01:01:44.077214|[g:1][CONSENSUS][PBFT]checkTimeout Succ,view=1520,toView=1521,nodeIdx=1,changeCycle=1,myNode=64406364...,timecost=5.169
info|2020-12-13 01:01:44.078747|[g:1][CONSENSUS][PBFT]checkAndChangeView: Reach consensus,org_view=1520,cur_changeCycle=1,curView=1520,view=1521
info|2020-12-13 01:01:45.080803|[g:1][CONSENSUS][SEALER]++++++++++++++++ Generating seal on,blkNum=69,tx=0,nodeIdx=1,hash=1ea2a50f...
info|2020-12-13 01:01:45.086555|[g:1][CONSENSUS][PBFT]checkTimeout Succ,view=1521,toView=1522,nodeIdx=1,changeCycle=1,myNode=64406364...,timecost=0.183
info|2020-12-13 01:01:45.087611|[g:1][CONSENSUS][PBFT]checkAndChangeView: Reach consensus,org_view=1521,cur_changeCycle=1,curView=1521,view=1522
info|2020-12-13 01:01:46.087295|[g:1][CONSENSUS]addRawPrepare,height=69,reqIdx=2,hash=b1a6e8d0...,time=0
info|2020-12-13 01:01:46.087493|[g:1][CONSENSUS][PBFT]checkTimeout Succ,view=1522,toView=1523,nodeIdx=1,changeCycle=1,myNode=64406364...,timecost=0.173
info|2020-12-13 01:01:46.090427|[g:1][CONSENSUS][PBFT]checkAndChangeView: Reach consensus,org_view=1522,cur_changeCycle=1,curView=1522,view=1523
info|2020-12-13 01:01:47.092831|[g:1][CONSENSUS]addRawPrepare,height=69,reqIdx=3,hash=d27ac4bc...,time=0
info|2020-12-13 01:01:47.093065|[g:1][CONSENSUS][PBFT]checkTimeout Succ,view=1523,toView=1524,nodeIdx=1,changeCycle=1,myNode=64406364...,timecost=0.207
info|2020-12-13 01:01:47.099820|[g:1][CONSENSUS][PBFT]checkAndChangeView: Reach consensus,org_view=1523,cur_changeCycle=1,curView=1523,view=1524
info|2020-12-13 01:01:47.896191|[P2P][Service] heartBeat,connected count=3
info|2020-12-13 01:01:48.102214|[g:1][CONSENSUS]addRawPrepare,height=69,reqIdx=0,hash=43385b0a...,time=0
info|2020-12-13 01:01:48.102419|[g:1][CONSENSUS][PBFT]checkTimeout Succ,view=1524,toView=1525,nodeIdx=1,changeCycle=1,myNode=64406364...,timecost=0.176
info|2020-12-13 01:01:48.114087|[g:1][CONSENSUS][PBFT]checkAndChangeView: Reach consensus,org_view=1524,cur_changeCycle=1,curView=1524,view=1525
info|2020-12-13 01:01:49.115708|[g:1][CONSENSUS][SEALER]++++++++++++++++ Generating seal on,blkNum=69,tx=0,nodeIdx=1,hash=8c655048...
info|2020-12-13 01:01:49.123944|[g:1][CONSENSUS][PBFT]checkTimeout Succ,view=1525,toView=1526,nodeIdx=1,changeCycle=1,myNode=64406364...,timecost=0.211
info|2020-12-13 01:01:49.127811|[g:1][CONSENSUS][PBFT]checkAndChangeView: Reach consensus,org_view=1525,cur_changeCycle=1,curView=1525,view=1526
info|2020-12-13 01:01:50.122173|[g:1][CONSENSUS]addRawPrepare,height=69,reqIdx=2,hash=0e38cadf...,time=0
info|2020-12-13 01:01:50.122375|[g:1][CONSENSUS][PBFT]checkTimeout Succ,view=1526,toView=1527,nodeIdx=1,changeCycle=1,myNode=64406364...,timecost=0.175
info|2020-12-13 01:01:50.126163|[g:1][CONSENSUS][PBFT]checkAndChangeView: Reach consensus,org_view=1526,cur_changeCycle=1,curView=1526,view=1527
info|2020-12-13 01:01:51.128329|[g:1][CONSENSUS]addRawPrepare,height=69,reqIdx=3,hash=3985dc38...,time=0
info|2020-12-13 01:01:51.128533|[g:1][CONSENSUS][PBFT]checkTimeout Succ,view=1527,toView=1528,nodeIdx=1,changeCycle=1,myNode=64406364...,timecost=0.175
info|2020-12-13 01:01:51.134454|[g:1][CONSENSUS][PBFT]checkAndChangeView: Reach consensus,org_view=1527,cur_changeCycle=1,curView=1527,view=1528
info|2020-12-13 01:01:52.135880|[g:1][CONSENSUS]addRawPrepare,height=69,reqIdx=0,hash=42885da1...,time=0
info|2020-12-13 01:01:52.136117|[g:1][CONSENSUS][PBFT]checkTimeout Succ,view=1528,toView=1529,nodeIdx=1,changeCycle=1,myNode=64406364...,timecost=0.178
info|2020-12-13 01:01:52.143658|[g:1][CONSENSUS][PBFT]checkAndChangeView: Reach consensus,org_view=1528,cur_changeCycle=1,curView=1528,view=1529
info|2020-12-13 01:01:53.143836|[g:1][CONSENSUS][SEALER]++++++++++++++++ Generating seal on,blkNum=69,tx=0,nodeIdx=1,hash=24ceb0a0...
info|2020-12-13 01:01:53.154744|[g:1][CONSENSUS][PBFT]checkTimeout Succ,view=1529,toView=1530,nodeIdx=1,changeCycle=1,myNode=64406364...,timecost=0.399
info|2020-12-13 01:01:53.159780|[g:1][CONSENSUS][PBFT]checkAndChangeView: Reach consensus,org_view=1529,cur_changeCycle=1,curView=1529,view=1530
info|2020-12-13 01:01:54.194717|[g:1][CONSENSUS]addRawPrepare,height=69,reqIdx=2,hash=ab13f72f...,time=0
info|2020-12-13 01:01:54.194928|[g:1][CONSENSUS][PBFT]checkTimeout Succ,view=1530,toView=1531,nodeIdx=1,changeCycle=1,myNode=64406364...,timecost=0.184
info|2020-12-13 01:01:54.197231|[g:1][CONSENSUS][PBFT]checkAndChangeView: Reach consensus,org_view=1530,cur_changeCycle=1,curView=1530,view=1531
info|2020-12-13 01:01:55.201603|[g:1][CONSENSUS]addRawPrepare,height=69,reqIdx=3,hash=4c807705...,time=0
info|2020-12-13 01:01:55.201810|[g:1][CONSENSUS][PBFT]checkTimeout Succ,view=1531,toView=1532,nodeIdx=1,changeCycle=1,myNode=64406364...,timecost=0.177
info|2020-12-13 01:01:55.205759|[g:1][CONSENSUS][PBFT]checkAndChangeView: Reach consensus,org_view=1531,cur_changeCycle=1,curView=1531,view=1532
info|2020-12-13 01:01:56.206712|[g:1][CONSENSUS]addRawPrepare,height=69,reqIdx=0,hash=690ed688...,time=0
info|2020-12-13 01:01:56.207061|[g:1][CONSENSUS][PBFT]checkTimeout Succ,view=1532,toView=1533,nodeIdx=1,changeCycle=1,myNode=64406364...,timecost=0.319
info|2020-12-13 01:01:56.213373|[g:1][CONSENSUS][PBFT]checkAndChangeView: Reach consensus,org_view=1532,cur_changeCycle=1,curView=1532,view=1533
info|2020-12-13 01:01:57.214742|[g:1][CONSENSUS][SEALER]++++++++++++++++ Generating seal on,blkNum=69,tx=0,nodeIdx=1,hash=c8433e2c...
info|2020-12-13 01:01:57.230249|[g:1][CONSENSUS][PBFT]checkTimeout Succ,view=1533,toView=1534,nodeIdx=1,changeCycle=1,myNode=64406364...,timecost=0.317
info|2020-12-13 01:01:57.233912|[g:1][CONSENSUS][PBFT]checkAndChangeView: Reach consensus,org_view=1533,cur_changeCycle=1,curView=1533,view=1534
info|2020-12-13 01:01:57.896328|[P2P][Service] heartBeat,connected count=3
info|2020-12-13 01:01:58.231236|[g:1][CONSENSUS]addRawPrepare,height=69,reqIdx=2,hash=42e8f779...,time=0
info|2020-12-13 01:01:58.233840|[g:1][CONSENSUS][PBFT]checkTimeout Succ,view=1534,toView=1535,nodeIdx=1,changeCycle=1,myNode=64406364...,timecost=0.195
info|2020-12-13 01:01:58.234399|[g:1][CONSENSUS][PBFT]checkAndChangeView: Reach consensus,org_view=1534,cur_changeCycle=1,curView=1534,view=1535
info|2020-12-13 01:01:59.242317|[g:1][CONSENSUS]addRawPrepare,height=69,reqIdx=3,hash=a927275d...,time=0
info|2020-12-13 01:01:59.242531|[g:1][CONSENSUS][PBFT]checkTimeout Succ,view=1535,toView=1536,nodeIdx=1,changeCycle=1,myNode=64406364...,timecost=0.182
info|2020-12-13 01:01:59.248802|[g:1][CONSENSUS][PBFT]checkAndChangeView: Reach consensus,org_view=1535,cur_changeCycle=1,curView=1535,view=1536
info|2020-12-13 01:02:00.246394|[g:1][CONSENSUS]addRawPrepare,height=69,reqIdx=0,hash=be0b8010...,time=0
info|2020-12-13 01:02:00.246632|[g:1][CONSENSUS][PBFT]checkTimeout Succ,view=1536,toView=1537,nodeIdx=1,changeCycle=1,myNode=64406364...,timecost=0.181
info|2020-12-13 01:02:00.250921|[g:1][CONSENSUS][PBFT]checkAndChangeView: Reach consensus,org_view=1536,cur_changeCycle=1,curView=1536,view=1537
info|2020-12-13 01:02:01.251106|[g:1][CONSENSUS][SEALER]++++++++++++++++ Generating seal on,blkNum=69,tx=0,nodeIdx=1,hash=dc1f7fb6...
info|2020-12-13 01:02:01.256274|[g:1][CONSENSUS][PBFT]checkTimeout Succ,view=1537,toView=1538,nodeIdx=1,changeCycle=1,myNode=64406364...,timecost=0.208
info|2020-12-13 01:02:01.257667|[g:1][CONSENSUS][PBFT]checkAndChangeView: Reach consensus,org_view=1537,cur_changeCycle=1,curView=1537,view=1538
info|2020-12-13 01:02:02.257252|[g:1][CONSENSUS]addRawPrepare,height=69,reqIdx=2,hash=9dc9701e...,time=0
info|2020-12-13 01:02:02.257453|[g:1][CONSENSUS][PBFT]checkTimeout Succ,view=1538,toView=1539,nodeIdx=1,changeCycle=1,myNode=64406364...,timecost=0.176
info|2020-12-13 01:02:02.261116|[g:1][CONSENSUS][PBFT]checkAndChangeView: Reach consensus,org_view=1538,cur_changeCycle=1,curView=1538,view=1539
info|2020-12-13 01:02:03.263681|[g:1][CONSENSUS]addRawPrepare,height=69,reqIdx=3,hash=4cf87d24...,time=0
info|2020-12-13 01:02:03.263882|[g:1][CONSENSUS][PBFT]checkTimeout Succ,view=1539,toView=1540,nodeIdx=1,changeCycle=1,myNode=64406364...,timecost=0.175
info|2020-12-13 01:02:03.267575|[g:1][CONSENSUS][PBFT]checkAndChangeView: Reach consensus,org_view=1539,cur_changeCycle=1,curView=1539,view=1540
info|2020-12-13 01:02:04.268728|[g:1][CONSENSUS]addRawPrepare,height=69,reqIdx=0,hash=47ca0d92...,time=0
info|2020-12-13 01:02:04.268935|[g:1][CONSENSUS][PBFT]checkTimeout Succ,view=1540,toView=1541,nodeIdx=1,changeCycle=1,myNode=64406364...,timecost=0.177
info|2020-12-13 01:02:04.272769|[g:1][CONSENSUS][PBFT]checkAndChangeView: Reach consensus,org_view=1540,cur_changeCycle=1,curView=1540,view=1541
info|2020-12-13 01:02:05.279022|[g:1][CONSENSUS][SEALER]++++++++++++++++ Generating seal on,blkNum=69,tx=0,nodeIdx=1,hash=c5c3895d...
info|2020-12-13 01:02:05.286653|[g:1][CONSENSUS][PBFT]checkTimeout Succ,view=1541,toView=1542,nodeIdx=1,changeCycle=1,myNode=64406364...,timecost=0.244
info|2020-12-13 01:02:05.287681|[g:1][CONSENSUS][PBFT]checkAndChangeView: Reach consensus,org_view=1541,cur_changeCycle=1,curView=1541,view=1542
info|2020-12-13 01:02:06.287384|[g:1][CONSENSUS]addRawPrepare,height=69,reqIdx=2,hash=8da20eac...,time=0
info|2020-12-13 01:02:06.287610|[g:1][CONSENSUS][PBFT]checkTimeout Succ,view=1542,toView=1543,nodeIdx=1,changeCycle=1,myNode=64406364...,timecost=0.173
info|2020-12-13 01:02:06.290249|[g:1][CONSENSUS][PBFT]checkAndChangeView: Reach consensus,org_view=1542,cur_changeCycle=1,curView=1542,view=1543
info|2020-12-13 01:02:07.291788|[g:1][CONSENSUS]addRawPrepare,height=69,reqIdx=3,hash=df4328e2...,time=0
info|2020-12-13 01:02:07.291992|[g:1][CONSENSUS][PBFT]checkTimeout Succ,view=1543,toView=1544,nodeIdx=1,changeCycle=1,myNode=64406364...,timecost=0.176
info|2020-12-13 01:02:07.295829|[g:1][CONSENSUS][PBFT]checkAndChangeView: Reach consensus,org_view=1543,cur_changeCycle=1,curView=1543,view=1544
info|2020-12-13 01:02:07.896377|[P2P][Service] heartBeat,connected count=3
info|2020-12-13 01:02:08.296519|[g:1][CONSENSUS]addRawPrepare,height=69,reqIdx=0,hash=fdbf4aa3...,time=0
info|2020-12-13 01:02:08.296732|[g:1][CONSENSUS][PBFT]checkTimeout Succ,view=1544,toView=1545,nodeIdx=1,changeCycle=1,myNode=64406364...,timecost=0.18
info|2020-12-13 01:02:08.300918|[g:1][CONSENSUS][PBFT]checkAndChangeView: Reach consensus,org_view=1544,cur_changeCycle=1,curView=1544,view=1545
info|2020-12-13 01:02:09.301049|[g:1][CONSENSUS][SEALER]++++++++++++++++ Generating seal on,blkNum=69,tx=0,nodeIdx=1,hash=ad53ec59...
info|2020-12-13 01:02:09.306730|[g:1][CONSENSUS][PBFT]checkTimeout Succ,view=1545,toView=1546,nodeIdx=1,changeCycle=1,myNode=64406364...,timecost=0.212
info|2020-12-13 01:02:09.307774|[g:1][CONSENSUS][PBFT]checkAndChangeView: Reach consensus,org_view=1545,cur_changeCycle=1,curView=1545,view=1546
info|2020-12-13 01:02:10.305901|[g:1][CONSENSUS]addRawPrepare,height=69,reqIdx=2,hash=af12f094...,time=0
info|2020-12-13 01:02:10.308412|[g:1][CONSENSUS][PBFT]checkTimeout Succ,view=1546,toView=1547,nodeIdx=1,changeCycle=1,myNode=64406364...,timecost=2.487
info|2020-12-13 01:02:10.310428|[g:1][CONSENSUS][PBFT]checkAndChangeView: Reach consensus,org_view=1546,cur_changeCycle=1,curView=1546,view=1547
info|2020-12-13 01:02:11.311255|[g:1][CONSENSUS]addRawPrepare,height=69,reqIdx=3,hash=912de95b...,time=0
info|2020-12-13 01:02:11.311483|[g:1][CONSENSUS][PBFT]checkTimeout Succ,view=1547,toView=1548,nodeIdx=1,changeCycle=1,myNode=64406364...,timecost=0.201
info|2020-12-13 01:02:11.315406|[g:1][CONSENSUS][PBFT]checkAndChangeView: Reach consensus,org_view=1547,cur_changeCycle=1,curView=1547,view=1548
info|2020-12-13 01:02:12.316462|[g:1][CONSENSUS]addRawPrepare,height=69,reqIdx=0,hash=61ca7d02...,time=0
info|2020-12-13 01:02:12.316812|[g:1][CONSENSUS][PBFT]checkTimeout Succ,view=1548,toView=1549,nodeIdx=1,changeCycle=1,myNode=64406364...,timecost=0.311
info|2020-12-13 01:02:12.322390|[g:1][CONSENSUS][PBFT]checkAndChangeView: Reach consensus,org_view=1548,cur_changeCycle=1,curView=1548,view=1549
info|2020-12-13 01:02:13.323481|[g:1][CONSENSUS][SEALER]++++++++++++++++ Generating seal on,blkNum=69,tx=0,nodeIdx=1,hash=fed8d026...
info|2020-12-13 01:02:13.329277|[g:1][CONSENSUS][PBFT]checkTimeout Succ,view=1549,toView=1550,nodeIdx=1,changeCycle=1,myNode=64406364...,timecost=0.183
info|2020-12-13 01:02:13.330727|[g:1][CONSENSUS][PBFT]checkAndChangeView: Reach consensus,org_view=1549,cur_changeCycle=1,curView=1549,view=1550
info|2020-12-13 01:02:14.331693|[g:1][CONSENSUS]addRawPrepare,height=69,reqIdx=2,hash=3850ff0f...,time=0
info|2020-12-13 01:02:14.331997|[g:1][CONSENSUS][PBFT]checkTimeout Succ,view=1550,toView=1551,nodeIdx=1,changeCycle=1,myNode=64406364...,timecost=0.276
info|2020-12-13 01:02:14.335295|[g:1][CONSENSUS][PBFT]checkAndChangeView: Reach consensus,org_view=1550,cur_changeCycle=1,curView=1550,view=1551
info|2020-12-13 01:02:15.336729|[g:1][CONSENSUS]addRawPrepare,height=69,reqIdx=3,hash=1bf1fe6e...,time=0
info|2020-12-13 01:02:15.338761|[g:1][CONSENSUS][PBFT]checkTimeout Succ,view=1551,toView=1552,nodeIdx=1,changeCycle=1,myNode=64406364...,timecost=2.005
info|2020-12-13 01:02:15.341267|[g:1][CONSENSUS][PBFT]checkAndChangeView: Reach consensus,org_view=1551,cur_changeCycle=1,curView=1551,view=1552
info|2020-12-13 01:02:16.342234|[g:1][CONSENSUS]addRawPrepare,height=69,reqIdx=0,hash=ecc0a04b...,time=0
info|2020-12-13 01:02:16.342439|[g:1][CONSENSUS][PBFT]checkTimeout Succ,view=1552,toView=1553,nodeIdx=1,changeCycle=1,myNode=64406364...,timecost=0.177
info|2020-12-13 01:02:16.346140|[g:1][CONSENSUS][PBFT]checkAndChangeView: Reach consensus,org_view=1552,cur_changeCycle=1,curView=1552,view=1553
info|2020-12-13 01:02:17.345977|[g:1][CONSENSUS][SEALER]++++++++++++++++ Generating seal on,blkNum=69,tx=0,nodeIdx=1,hash=34b1197b...
info|2020-12-13 01:02:17.353503|[g:1][CONSENSUS][PBFT]checkTimeout Succ,view=1553,toView=1554,nodeIdx=1,changeCycle=1,myNode=64406364...,timecost=0.307
info|2020-12-13 01:02:17.355142|[g:1][CONSENSUS][PBFT]checkAndChangeView: Reach consensus,org_view=1553,cur_changeCycle=1,curView=1553,view=1554
info|2020-12-13 01:02:17.896426|[P2P][Service] heartBeat,connected count=3
info|2020-12-13 01:02:18.354190|[g:1][CONSENSUS]addRawPrepare,height=69,reqIdx=2,hash=be8dcb93...,time=0
info|2020-12-13 01:02:18.354410|[g:1][CONSENSUS][PBFT]checkTimeout Succ,view=1554,toView=1555,nodeIdx=1,changeCycle=1,myNode=64406364...,timecost=0.177
info|2020-12-13 01:02:18.358046|[g:1][CONSENSUS][PBFT]checkAndChangeView: Reach consensus,org_view=1554,cur_changeCycle=1,curView=1554,view=1555
info|2020-12-13 01:02:19.357745|[g:1][CONSENSUS]addRawPrepare,height=69,reqIdx=3,hash=df4c4a7b...,time=0
info|2020-12-13 01:02:19.357947|[g:1][CONSENSUS][PBFT]checkTimeout Succ,view=1555,toView=1556,nodeIdx=1,changeCycle=1,myNode=64406364...,timecost=0.174
info|2020-12-13 01:02:19.361223|[g:1][CONSENSUS][PBFT]checkAndChangeView: Reach consensus,org_view=1555,cur_changeCycle=1,curView=1555,view=1556
info|2020-12-13 01:02:20.363481|[g:1][CONSENSUS]addRawPrepare,height=69,reqIdx=0,hash=f21fea5e...,time=0
info|2020-12-13 01:02:20.363756|[g:1][CONSENSUS][PBFT]checkTimeout Succ,view=1556,toView=1557,nodeIdx=1,changeCycle=1,myNode=64406364...,timecost=0.25
info|2020-12-13 01:02:20.367212|[g:1][CONSENSUS][PBFT]checkAndChangeView: Reach consensus,org_view=1556,cur_changeCycle=1,curView=1556,view=1557
info|2020-12-13 01:02:21.368753|[g:1][CONSENSUS][SEALER]++++++++++++++++ Generating seal on,blkNum=69,tx=0,nodeIdx=1,hash=46481705...
info|2020-12-13 01:02:21.374343|[g:1][CONSENSUS][PBFT]checkTimeout Succ,view=1557,toView=1558,nodeIdx=1,changeCycle=1,myNode=64406364...,timecost=0.678
info|2020-12-13 01:02:21.375236|[g:1][CONSENSUS][PBFT]checkAndChangeView: Reach consensus,org_view=1557,cur_changeCycle=1,curView=1557,view=1558
info|2020-12-13 01:02:22.374545|[g:1][CONSENSUS]addRawPrepare,height=69,reqIdx=2,hash=d495d388...,time=0
info|2020-12-13 01:02:22.374740|[g:1][CONSENSUS][PBFT]checkTimeout Succ,view=1558,toView=1559,nodeIdx=1,changeCycle=1,myNode=64406364...,timecost=0.171
info|2020-12-13 01:02:22.376796|[g:1][CONSENSUS][PBFT]checkAndChangeView: Reach consensus,org_view=1558,cur_changeCycle=1,curView=1558,view=1559
info|2020-12-13 01:02:23.379804|[g:1][CONSENSUS]addRawPrepare,height=69,reqIdx=3,hash=6a96fb11...,time=0
info|2020-12-13 01:02:23.379991|[g:1][CONSENSUS][PBFT]checkTimeout Succ,view=1559,toView=1560,nodeIdx=1,changeCycle=1,myNode=64406364...,timecost=0.162
info|2020-12-13 01:02:23.381688|[g:1][CONSENSUS][PBFT]checkAndChangeView: Reach consensus,org_view=1559,cur_changeCycle=1,curView=1559,view=1560
info|2020-12-13 01:02:24.385129|[g:1][CONSENSUS]addRawPrepare,height=69,reqIdx=0,hash=09a4d462...,time=0
info|2020-12-13 01:02:24.385325|[g:1][CONSENSUS][PBFT]checkTimeout Succ,view=1560,toView=1561,nodeIdx=1,changeCycle=1,myNode=64406364...,timecost=0.169
info|2020-12-13 01:02:24.388294|[g:1][CONSENSUS][PBFT]checkAndChangeView: Reach consensus,org_view=1560,cur_changeCycle=1,curView=1560,view=1561
info|2020-12-13 01:02:25.388641|[g:1][CONSENSUS][SEALER]++++++++++++++++ Generating seal on,blkNum=69,tx=0,nodeIdx=1,hash=36934a97...
info|2020-12-13 01:02:25.394668|[g:1][CONSENSUS][PBFT]checkTimeout Succ,view=1561,toView=1562,nodeIdx=1,changeCycle=1,myNode=64406364...,timecost=0.179
info|2020-12-13 01:02:25.395644|[g:1][CONSENSUS][PBFT]checkAndChangeView: Reach consensus,org_view=1561,cur_changeCycle=1,curView=1561,view=1562
info|2020-12-13 01:02:26.394791|[g:1][CONSENSUS]addRawPrepare,height=69,reqIdx=2,hash=ad428b3a...,time=0
info|2020-12-13 01:02:26.395002|[g:1][CONSENSUS][PBFT]checkTimeout Succ,view=1562,toView=1563,nodeIdx=1,changeCycle=1,myNode=64406364...,timecost=0.179
info|2020-12-13 01:02:26.398220|[g:1][CONSENSUS][PBFT]checkAndChangeView: Reach consensus,org_view=1562,cur_changeCycle=1,curView=1562,view=1563
info|2020-12-13 01:02:27.398963|[g:1][CONSENSUS]addRawPrepare,height=69,reqIdx=3,hash=573f7ba8...,time=0
info|2020-12-13 01:02:27.399158|[g:1][CONSENSUS][PBFT]checkTimeout Succ,view=1563,toView=1564,nodeIdx=1,changeCycle=1,myNode=64406364...,timecost=0.169
info|2020-12-13 01:02:27.402247|[g:1][CONSENSUS][PBFT]checkAndChangeView: Reach consensus,org_view=1563,cur_changeCycle=1,curView=1563,view=1564
info|2020-12-13 01:02:27.896475|[P2P][Service] heartBeat,connected count=3
info|2020-12-13 01:02:28.403503|[g:1][CONSENSUS]addRawPrepare,height=69,reqIdx=0,hash=11e599af...,time=0
info|2020-12-13 01:02:28.403695|[g:1][CONSENSUS][PBFT]checkTimeout Succ,view=1564,toView=1565,nodeIdx=1,changeCycle=1,myNode=64406364...,timecost=0.166
info|2020-12-13 01:02:28.408700|[g:1][CONSENSUS][PBFT]checkAndChangeView: Reach consensus,org_view=1564,cur_changeCycle=1,curView=1564,view=1565
info|2020-12-13 01:02:29.409323|[g:1][CONSENSUS][SEALER]++++++++++++++++ Generating seal on,blkNum=69,tx=0,nodeIdx=1,hash=a196e18a...
info|2020-12-13 01:02:29.414774|[g:1][CONSENSUS][PBFT]checkTimeout Succ,view=1565,toView=1566,nodeIdx=1,changeCycle=1,myNode=64406364...,timecost=0.237
info|2020-12-13 01:02:29.415620|[g:1][CONSENSUS][PBFT]checkAndChangeView: Reach consensus,org_view=1565,cur_changeCycle=1,curView=1565,view=1566
info|2020-12-13 01:02:30.414824|[g:1][CONSENSUS]addRawPrepare,height=69,reqIdx=2,hash=948ab3c8...,time=0
info|2020-12-13 01:02:30.415060|[g:1][CONSENSUS][PBFT]checkTimeout Succ,view=1566,toView=1567,nodeIdx=1,changeCycle=1,myNode=64406364...,timecost=0.21
info|2020-12-13 01:02:30.417817|[g:1][CONSENSUS][PBFT]checkAndChangeView: Reach consensus,org_view=1566,cur_changeCycle=1,curView=1566,view=1567
info|2020-12-13 01:02:31.419214|[g:1][CONSENSUS]addRawPrepare,height=69,reqIdx=3,hash=46030eba...,time=0
info|2020-12-13 01:02:31.419409|[g:1][CONSENSUS][PBFT]checkTimeout Succ,view=1567,toView=1568,nodeIdx=1,changeCycle=1,myNode=64406364...,timecost=0.17
info|2020-12-13 01:02:31.421122|[g:1][CONSENSUS][PBFT]checkAndChangeView: Reach consensus,org_view=1567,cur_changeCycle=1,curView=1567,view=1568
info|2020-12-13 01:02:32.422933|[g:1][CONSENSUS]addRawPrepare,height=69,reqIdx=0,hash=8201f84f...,time=0
info|2020-12-13 01:02:32.423144|[g:1][CONSENSUS][PBFT]checkTimeout Succ,view=1568,toView=1569,nodeIdx=1,changeCycle=1,myNode=64406364...,timecost=0.178
info|2020-12-13 01:02:32.427461|[g:1][CONSENSUS][PBFT]checkAndChangeView: Reach consensus,org_view=1568,cur_changeCycle=1,curView=1568,view=1569
info|2020-12-13 01:02:33.428128|[g:1][CONSENSUS][SEALER]++++++++++++++++ Generating seal on,blkNum=69,tx=0,nodeIdx=1,hash=6c4c6880...
info|2020-12-13 01:02:33.433917|[g:1][CONSENSUS][PBFT]checkTimeout Succ,view=1569,toView=1570,nodeIdx=1,changeCycle=1,myNode=64406364...,timecost=0.175
info|2020-12-13 01:02:33.435059|[g:1][CONSENSUS][PBFT]checkAndChangeView: Reach consensus,org_view=1569,cur_changeCycle=1,curView=1569,view=1570
info|2020-12-13 01:02:34.435790|[g:1][CONSENSUS]addRawPrepare,height=69,reqIdx=2,hash=1ed8e5f4...,time=0
info|2020-12-13 01:02:34.435985|[g:1][CONSENSUS][PBFT]checkTimeout Succ,view=1570,toView=1571,nodeIdx=1,changeCycle=1,myNode=64406364...,timecost=0.17
info|2020-12-13 01:02:34.438574|[g:1][CONSENSUS][PBFT]checkAndChangeView: Reach consensus,org_view=1570,cur_changeCycle=1,curView=1570,view=1571
info|2020-12-13 01:02:35.439661|[g:1][CONSENSUS]addRawPrepare,height=69,reqIdx=3,hash=257e0000...,time=0
info|2020-12-13 01:02:35.439861|[g:1][CONSENSUS][PBFT]checkTimeout Succ,view=1571,toView=1572,nodeIdx=1,changeCycle=1,myNode=64406364...,timecost=0.17
info|2020-12-13 01:02:35.443858|[g:1][CONSENSUS][PBFT]checkAndChangeView: Reach consensus,org_view=1571,cur_changeCycle=1,curView=1571,view=1572
info|2020-12-13 01:02:36.444559|[g:1][CONSENSUS]addRawPrepare,height=69,reqIdx=0,hash=294a8889...,time=0
info|2020-12-13 01:02:36.444772|[g:1][CONSENSUS][PBFT]checkTimeout Succ,view=1572,toView=1573,nodeIdx=1,changeCycle=1,myNode=64406364...,timecost=0.181
info|2020-12-13 01:02:36.448176|[g:1][CONSENSUS][PBFT]checkAndChangeView: Reach consensus,org_view=1572,cur_changeCycle=1,curView=1572,view=1573
info|2020-12-13 01:02:37.448856|[g:1][CONSENSUS][SEALER]++++++++++++++++ Generating seal on,blkNum=69,tx=0,nodeIdx=1,hash=0f49dbec...
info|2020-12-13 01:02:37.454207|[g:1][CONSENSUS][PBFT]checkTimeout Succ,view=1573,toView=1574,nodeIdx=1,changeCycle=1,myNode=64406364...,timecost=0.196
info|2020-12-13 01:02:37.455152|[g:1][CONSENSUS][PBFT]checkAndChangeView: Reach consensus,org_view=1573,cur_changeCycle=1,curView=1573,view=1574
info|2020-12-13 01:02:37.896519|[P2P][Service] heartBeat,connected count=3
info|2020-12-13 01:02:38.454650|[g:1][CONSENSUS]addRawPrepare,height=69,reqIdx=2,hash=8fbbc39d...,time=0
info|2020-12-13 01:02:38.454850|[g:1][CONSENSUS][PBFT]checkTimeout Succ,view=1574,toView=1575,nodeIdx=1,changeCycle=1,myNode=64406364...,timecost=0.174
info|2020-12-13 01:02:38.462158|[g:1][CONSENSUS][PBFT]checkAndChangeView: Reach consensus,org_view=1574,cur_changeCycle=1,curView=1574,view=1575
info|2020-12-13 01:02:39.462301|[g:1][CONSENSUS]addRawPrepare,height=69,reqIdx=3,hash=0f799afe...,time=0
info|2020-12-13 01:02:39.462531|[g:1][CONSENSUS][PBFT]checkTimeout Succ,view=1575,toView=1576,nodeIdx=1,changeCycle=1,myNode=64406364...,timecost=0.178
info|2020-12-13 01:02:39.466452|[g:1][CONSENSUS][PBFT]checkAndChangeView: Reach consensus,org_view=1575,cur_changeCycle=1,curView=1575,view=1576
info|2020-12-13 01:02:40.468805|[g:1][CONSENSUS]addRawPrepare,height=69,reqIdx=0,hash=a9020b7c...,time=0
info|2020-12-13 01:02:40.469007|[g:1][CONSENSUS][PBFT]checkTimeout Succ,view=1576,toView=1577,nodeIdx=1,changeCycle=1,myNode=64406364...,timecost=0.174
info|2020-12-13 01:02:40.472647|[g:1][CONSENSUS][PBFT]checkAndChangeView: Reach consensus,org_view=1576,cur_changeCycle=1,curView=1576,view=1577
info|2020-12-13 01:02:41.472041|[g:1][CONSENSUS][SEALER]++++++++++++++++ Generating seal on,blkNum=69,tx=0,nodeIdx=1,hash=9a72cfb0...
info|2020-12-13 01:02:41.480034|[g:1][CONSENSUS][PBFT]checkTimeout Succ,view=1577,toView=1578,nodeIdx=1,changeCycle=1,myNode=64406364...,timecost=0.191
info|2020-12-13 01:02:41.481459|[g:1][CONSENSUS][PBFT]checkAndChangeView: Reach consensus,org_view=1577,cur_changeCycle=1,curView=1577,view=1578
info|2020-12-13 01:02:42.481963|[g:1][CONSENSUS]addRawPrepare,height=69,reqIdx=2,hash=fad248df...,time=0
info|2020-12-13 01:02:42.482169|[g:1][CONSENSUS][PBFT]checkTimeout Succ,view=1578,toView=1579,nodeIdx=1,changeCycle=1,myNode=64406364...,timecost=0.178
info|2020-12-13 01:02:42.484328|[g:1][CONSENSUS][PBFT]checkAndChangeView: Reach consensus,org_view=1578,cur_changeCycle=1,curView=1578,view=1579
info|2020-12-13 01:02:43.488434|[g:1][CONSENSUS]addRawPrepare,height=69,reqIdx=3,hash=4fe2bcc0...,time=0
info|2020-12-13 01:02:43.488636|[g:1][CONSENSUS][PBFT]checkTimeout Succ,view=1579,toView=1580,nodeIdx=1,changeCycle=1,myNode=64406364...,timecost=0.174
info|2020-12-13 01:02:43.492221|[g:1][CONSENSUS][PBFT]checkAndChangeView: Reach consensus,org_view=1579,cur_changeCycle=1,curView=1579,view=1580
info|2020-12-13 01:02:44.491632|[g:1][CONSENSUS]addRawPrepare,height=69,reqIdx=0,hash=f5290da6...,time=0
info|2020-12-13 01:02:44.491858|[g:1][CONSENSUS][PBFT]checkTimeout Succ,view=1580,toView=1581,nodeIdx=1,changeCycle=1,myNode=64406364...,timecost=0.201
info|2020-12-13 01:02:44.495821|[g:1][CONSENSUS][PBFT]checkAndChangeView: Reach consensus,org_view=1580,cur_changeCycle=1,curView=1580,view=1581
info|2020-12-13 01:02:45.496091|[g:1][CONSENSUS][SEALER]++++++++++++++++ Generating seal on,blkNum=69,tx=0,nodeIdx=1,hash=0eced722...
info|2020-12-13 01:02:45.501729|[g:1][CONSENSUS][PBFT]checkTimeout Succ,view=1581,toView=1582,nodeIdx=1,changeCycle=1,myNode=64406364...,timecost=0.177
info|2020-12-13 01:02:45.502696|[g:1][CONSENSUS][PBFT]checkAndChangeView: Reach consensus,org_view=1581,cur_changeCycle=1,curView=1581,view=1582
info|2020-12-13 01:02:46.504190|[g:1][CONSENSUS]addRawPrepare,height=69,reqIdx=2,hash=88e128b4...,time=0
info|2020-12-13 01:02:46.504384|[g:1][CONSENSUS][PBFT]checkTimeout Succ,view=1582,toView=1583,nodeIdx=1,changeCycle=1,myNode=64406364...,timecost=0.17
info|2020-12-13 01:02:46.506329|[g:1][CONSENSUS][PBFT]checkAndChangeView: Reach consensus,org_view=1582,cur_changeCycle=1,curView=1582,view=1583
info|2020-12-13 01:02:47.508906|[g:1][CONSENSUS]addRawPrepare,height=69,reqIdx=3,hash=125786ca...,time=0
info|2020-12-13 01:02:47.509148|[g:1][CONSENSUS][PBFT]checkTimeout Succ,view=1583,toView=1584,nodeIdx=1,changeCycle=1,myNode=64406364...,timecost=0.176
info|2020-12-13 01:02:47.512893|[g:1][CONSENSUS][PBFT]checkAndChangeView: Reach consensus,org_view=1583,cur_changeCycle=1,curView=1583,view=1584
info|2020-12-13 01:02:47.896570|[P2P][Service] heartBeat,connected count=3
info|2020-12-13 01:02:48.512965|[g:1][CONSENSUS]addRawPrepare,height=69,reqIdx=0,hash=6995879e...,time=0
info|2020-12-13 01:02:48.513164|[g:1][CONSENSUS][PBFT]checkTimeout Succ,view=1584,toView=1585,nodeIdx=1,changeCycle=1,myNode=64406364...,timecost=0.17
info|2020-12-13 01:02:48.516738|[g:1][CONSENSUS][PBFT]checkAndChangeView: Reach consensus,org_view=1584,cur_changeCycle=1,curView=1584,view=1585
info|2020-12-13 01:02:49.517700|[g:1][CONSENSUS][SEALER]++++++++++++++++ Generating seal on,blkNum=69,tx=0,nodeIdx=1,hash=32a4d0f8...
info|2020-12-13 01:02:49.522703|[g:1][CONSENSUS][PBFT]checkTimeout Succ,view=1585,toView=1586,nodeIdx=1,changeCycle=1,myNode=64406364...,timecost=0.175
info|2020-12-13 01:02:49.524172|[g:1][CONSENSUS][PBFT]checkAndChangeView: Reach consensus,org_view=1585,cur_changeCycle=1,curView=1585,view=1586
info|2020-12-13 01:02:50.523471|[g:1][CONSENSUS]addRawPrepare,height=69,reqIdx=2,hash=f9652b18...,time=0
info|2020-12-13 01:02:50.523680|[g:1][CONSENSUS][PBFT]checkTimeout Succ,view=1586,toView=1587,nodeIdx=1,changeCycle=1,myNode=64406364...,timecost=0.175
info|2020-12-13 01:02:50.527481|[g:1][CONSENSUS][PBFT]checkAndChangeView: Reach consensus,org_view=1586,cur_changeCycle=1,curView=1586,view=1587
info|2020-12-13 01:02:51.527577|[g:1][CONSENSUS]addRawPrepare,height=69,reqIdx=3,hash=74394b9a...,time=0
info|2020-12-13 01:02:51.527807|[g:1][CONSENSUS][PBFT]checkTimeout Succ,view=1587,toView=1588,nodeIdx=1,changeCycle=1,myNode=64406364...,timecost=0.204
info|2020-12-13 01:02:51.531688|[g:1][CONSENSUS][PBFT]checkAndChangeView: Reach consensus,org_view=1587,cur_changeCycle=1,curView=1587,view=1588
info|2020-12-13 01:02:52.532156|[g:1][CONSENSUS]addRawPrepare,height=69,reqIdx=0,hash=1e3c86f0...,time=0
info|2020-12-13 01:02:52.532357|[g:1][CONSENSUS][PBFT]checkTimeout Succ,view=1588,toView=1589,nodeIdx=1,changeCycle=1,myNode=64406364...,timecost=0.172
info|2020-12-13 01:02:52.536399|[g:1][CONSENSUS][PBFT]checkAndChangeView: Reach consensus,org_view=1588,cur_changeCycle=1,curView=1588,view=1589
info|2020-12-13 01:02:53.536123|[g:1][CONSENSUS][SEALER]++++++++++++++++ Generating seal on,blkNum=69,tx=0,nodeIdx=1,hash=c2d8a772...
info|2020-12-13 01:02:53.542429|[g:1][CONSENSUS][PBFT]checkTimeout Succ,view=1589,toView=1590,nodeIdx=1,changeCycle=1,myNode=64406364...,timecost=0.178
info|2020-12-13 01:02:53.543426|[g:1][CONSENSUS][PBFT]checkAndChangeView: Reach consensus,org_view=1589,cur_changeCycle=1,curView=1589,view=1590
info|2020-12-13 01:02:54.542769|[g:1][CONSENSUS]addRawPrepare,height=69,reqIdx=2,hash=f246b345...,time=0
info|2020-12-13 01:02:54.542966|[g:1][CONSENSUS][PBFT]checkTimeout Succ,view=1590,toView=1591,nodeIdx=1,changeCycle=1,myNode=64406364...,timecost=0.171
info|2020-12-13 01:02:54.545605|[g:1][CONSENSUS][PBFT]checkAndChangeView: Reach consensus,org_view=1590,cur_changeCycle=1,curView=1590,view=1591
info|2020-12-13 01:02:55.546442|[g:1][CONSENSUS]addRawPrepare,height=69,reqIdx=3,hash=a5698ce5...,time=0
info|2020-12-13 01:02:55.546648|[g:1][CONSENSUS][PBFT]checkTimeout Succ,view=1591,toView=1592,nodeIdx=1,changeCycle=1,myNode=64406364...,timecost=0.196
info|2020-12-13 01:02:55.550460|[g:1][CONSENSUS][PBFT]checkAndChangeView: Reach consensus,org_view=1591,cur_changeCycle=1,curView=1591,view=1592
info|2020-12-13 01:02:56.568129|[g:1][CONSENSUS][PBFT]Trigger fast-viewchange,view=1592,toView=1592,minView=1593,INFO=,reqNum=68,curNum=68,GenIdx=2,Cview=1593,view=1592,fromIdx=2,fromNode=c800cb2b...,fromIp=127.0.0.1:30300,hash=ebf34959...,nodeIdx=1,myNode=64406364...
info|2020-12-13 01:02:56.568308|[g:1][CONSENSUS][PBFT]checkAndChangeView: Reach consensus,org_view=1592,cur_changeCycle=2,curView=1592,view=1593
info|2020-12-13 01:02:56.568317|[g:1][CONSENSUS][PBFT]checkTimeout Succ,view=1593,toView=1593,nodeIdx=1,changeCycle=2,myNode=64406364...,timecost=0.178
info|2020-12-13 01:02:57.568782|[g:1][CONSENSUS][SEALER]++++++++++++++++ Generating seal on,blkNum=69,tx=0,nodeIdx=1,hash=5b9a044a...
info|2020-12-13 01:02:57.573769|[g:1][CONSENSUS][PBFT]checkTimeout Succ,view=1593,toView=1594,nodeIdx=1,changeCycle=1,myNode=64406364...,timecost=0.176
info|2020-12-13 01:02:57.575150|[g:1][CONSENSUS][PBFT]checkAndChangeView: Reach consensus,org_view=1593,cur_changeCycle=1,curView=1593,view=1594
info|2020-12-13 01:02:57.896659|[P2P][Service] heartBeat,connected count=3
info|2020-12-13 01:02:58.576910|[g:1][CONSENSUS][PBFT]Trigger fast-viewchange,view=1594,toView=1594,minView=1595,INFO=,reqNum=68,curNum=68,GenIdx=0,Cview=1595,view=1594,fromIdx=0,fromNode=510f8991...,fromIp=127.0.0.1:30301,hash=ebf34959...,nodeIdx=1,myNode=64406364...
info|2020-12-13 01:02:58.577086|[g:1][CONSENSUS][PBFT]checkAndChangeView: Reach consensus,org_view=1594,cur_changeCycle=2,curView=1594,view=1595
info|2020-12-13 01:02:58.577095|[g:1][CONSENSUS][PBFT]checkTimeout Succ,view=1595,toView=1595,nodeIdx=1,changeCycle=2,myNode=64406364...,timecost=0.176
info|2020-12-13 01:02:59.579060|[g:1][CONSENSUS]addRawPrepare,height=69,reqIdx=3,hash=aaf9ce0e...,time=0
info|2020-12-13 01:02:59.579267|[g:1][CONSENSUS][PBFT]checkTimeout Succ,view=1595,toView=1596,nodeIdx=1,changeCycle=1,myNode=64406364...,timecost=0.177
info|2020-12-13 01:02:59.582119|[g:1][CONSENSUS][PBFT]checkAndChangeView: Reach consensus,org_view=1595,cur_changeCycle=1,curView=1595,view=1596
info|2020-12-13 01:03:00.584912|[g:1][CONSENSUS]addRawPrepare,height=69,reqIdx=0,hash=00d8976c...,time=0
info|2020-12-13 01:03:00.585120|[g:1][CONSENSUS][PBFT]checkTimeout Succ,view=1596,toView=1597,nodeIdx=1,changeCycle=1,myNode=64406364...,timecost=0.176
info|2020-12-13 01:03:00.588752|[g:1][CONSENSUS][PBFT]checkAndChangeView: Reach consensus,org_view=1596,cur_changeCycle=1,curView=1596,view=1597
info|2020-12-13 01:03:01.589730|[g:1][CONSENSUS][SEALER]++++++++++++++++ Generating seal on,blkNum=69,tx=0,nodeIdx=1,hash=655bb050...
info|2020-12-13 01:03:01.595032|[g:1][CONSENSUS][PBFT]checkTimeout Succ,view=1597,toView=1598,nodeIdx=1,changeCycle=1,myNode=64406364...,timecost=0.198
info|2020-12-13 01:03:01.596018|[g:1][CONSENSUS][PBFT]checkAndChangeView: Reach consensus,org_view=1597,cur_changeCycle=1,curView=1597,view=1598
info|2020-12-13 01:03:02.597028|[g:1][CONSENSUS][PBFT]Trigger fast-viewchange,view=1598,toView=1598,minView=1599,INFO=,reqNum=68,curNum=68,GenIdx=0,Cview=1599,view=1598,fromIdx=0,fromNode=510f8991...,fromIp=127.0.0.1:30301,hash=ebf34959...,nodeIdx=1,myNode=64406364...
info|2020-12-13 01:03:02.597213|[g:1][CONSENSUS][PBFT]checkAndChangeView: Reach consensus,org_view=1598,cur_changeCycle=2,curView=1598,view=1599
info|2020-12-13 01:03:02.597221|[g:1][CONSENSUS][PBFT]checkTimeout Succ,view=1599,toView=1599,nodeIdx=1,changeCycle=2,myNode=64406364...,timecost=0.184
info|2020-12-13 01:03:03.598633|[g:1][CONSENSUS]addRawPrepare,height=69,reqIdx=3,hash=fc567eb4...,time=0
info|2020-12-13 01:03:03.598876|[g:1][CONSENSUS][PBFT]checkTimeout Succ,view=1599,toView=1600,nodeIdx=1,changeCycle=1,myNode=64406364...,timecost=0.18
info|2020-12-13 01:03:03.603153|[g:1][CONSENSUS][PBFT]checkAndChangeView: Reach consensus,org_view=1599,cur_changeCycle=1,curView=1599,view=1600
info|2020-12-13 01:03:04.603063|[g:1][CONSENSUS]addRawPrepare,height=69,reqIdx=0,hash=7071ea26...,time=0
info|2020-12-13 01:03:04.603290|[g:1][CONSENSUS][PBFT]checkTimeout Succ,view=1600,toView=1601,nodeIdx=1,changeCycle=1,myNode=64406364...,timecost=0.179
info|2020-12-13 01:03:04.607463|[g:1][CONSENSUS][PBFT]checkAndChangeView: Reach consensus,org_view=1600,cur_changeCycle=1,curView=1600,view=1601
info|2020-12-13 01:03:05.607139|[g:1][CONSENSUS][SEALER]++++++++++++++++ Generating seal on,blkNum=69,tx=0,nodeIdx=1,hash=8c7d8115...
info|2020-12-13 01:03:05.613130|[g:1][CONSENSUS][PBFT]checkTimeout Succ,view=1601,toView=1602,nodeIdx=1,changeCycle=1,myNode=64406364...,timecost=0.197
info|2020-12-13 01:03:05.614165|[g:1][CONSENSUS][PBFT]checkAndChangeView: Reach consensus,org_view=1601,cur_changeCycle=1,curView=1601,view=1602
info|2020-12-13 01:03:06.613218|[g:1][CONSENSUS]addRawPrepare,height=69,reqIdx=2,hash=76b785ec...,time=0
info|2020-12-13 01:03:06.613422|[g:1][CONSENSUS][PBFT]checkTimeout Succ,view=1602,toView=1603,nodeIdx=1,changeCycle=1,myNode=64406364...,timecost=0.176
info|2020-12-13 01:03:06.615686|[g:1][CONSENSUS][PBFT]checkAndChangeView: Reach consensus,org_view=1602,cur_changeCycle=1,curView=1602,view=1603
info|2020-12-13 01:03:07.617607|[g:1][CONSENSUS]addRawPrepare,height=69,reqIdx=3,hash=993828f9...,time=0
info|2020-12-13 01:03:07.617807|[g:1][CONSENSUS][PBFT]checkTimeout Succ,view=1603,toView=1604,nodeIdx=1,changeCycle=1,myNode=64406364...,timecost=0.173
info|2020-12-13 01:03:07.620956|[g:1][CONSENSUS][PBFT]checkAndChangeView: Reach consensus,org_view=1603,cur_changeCycle=1,curView=1603,view=1604
info|2020-12-13 01:03:07.896721|[P2P][Service] heartBeat,connected count=3
info|2020-12-13 01:03:08.621770|[g:1][CONSENSUS]addRawPrepare,height=69,reqIdx=0,hash=02ebb782...,time=0
info|2020-12-13 01:03:08.621979|[g:1][CONSENSUS][PBFT]checkTimeout Succ,view=1604,toView=1605,nodeIdx=1,changeCycle=1,myNode=64406364...,timecost=0.18
info|2020-12-13 01:03:08.626260|[g:1][CONSENSUS][PBFT]checkAndChangeView: Reach consensus,org_view=1604,cur_changeCycle=1,curView=1604,view=1605
info|2020-12-13 01:03:09.626788|[g:1][CONSENSUS][SEALER]++++++++++++++++ Generating seal on,blkNum=69,tx=0,nodeIdx=1,hash=ec5ea9d3...
info|2020-12-13 01:03:09.636019|[g:1][CONSENSUS][PBFT]checkTimeout Succ,view=1605,toView=1606,nodeIdx=1,changeCycle=1,myNode=64406364...,timecost=0.221
info|2020-12-13 01:03:09.639633|[g:1][CONSENSUS][PBFT]checkAndChangeView: Reach consensus,org_view=1605,cur_changeCycle=1,curView=1605,view=1606
info|2020-12-13 01:03:10.637934|[g:1][CONSENSUS]addRawPrepare,height=69,reqIdx=2,hash=07e70d2f...,time=0
info|2020-12-13 01:03:10.639955|[g:1][CONSENSUS][PBFT]checkTimeout Succ,view=1606,toView=1607,nodeIdx=1,changeCycle=1,myNode=64406364...,timecost=1.993
info|2020-12-13 01:03:10.640584|[g:1][CONSENSUS][PBFT]checkAndChangeView: Reach consensus,org_view=1606,cur_changeCycle=1,curView=1606,view=1607
info|2020-12-13 01:03:11.645727|[g:1][CONSENSUS]addRawPrepare,height=69,reqIdx=3,hash=d5dd318a...,time=0
info|2020-12-13 01:03:11.645949|[g:1][CONSENSUS][PBFT]checkTimeout Succ,view=1607,toView=1608,nodeIdx=1,changeCycle=1,myNode=64406364...,timecost=0.187
info|2020-12-13 01:03:11.649777|[g:1][CONSENSUS][PBFT]checkAndChangeView: Reach consensus,org_view=1607,cur_changeCycle=1,curView=1607,view=1608
info|2020-12-13 01:03:12.650339|[g:1][CONSENSUS]addRawPrepare,height=69,reqIdx=0,hash=34411790...,time=0
info|2020-12-13 01:03:12.650586|[g:1][CONSENSUS][PBFT]checkTimeout Succ,view=1608,toView=1609,nodeIdx=1,changeCycle=1,myNode=64406364...,timecost=0.216
info|2020-12-13 01:03:12.654361|[g:1][CONSENSUS][PBFT]checkAndChangeView: Reach consensus,org_view=1608,cur_changeCycle=1,curView=1608,view=1609
info|2020-12-13 01:03:13.654787|[g:1][CONSENSUS][SEALER]++++++++++++++++ Generating seal on,blkNum=69,tx=0,nodeIdx=1,hash=88951d86...
info|2020-12-13 01:03:13.660798|[g:1][CONSENSUS][PBFT]checkTimeout Succ,view=1609,toView=1610,nodeIdx=1,changeCycle=1,myNode=64406364...,timecost=0.179
info|2020-12-13 01:03:13.661599|[g:1][CONSENSUS][PBFT]checkAndChangeView: Reach consensus,org_view=1609,cur_changeCycle=1,curView=1609,view=1610
info|2020-12-13 01:03:14.662623|[g:1][CONSENSUS]addRawPrepare,height=69,reqIdx=2,hash=fb417b06...,time=0
info|2020-12-13 01:03:14.662844|[g:1][CONSENSUS][PBFT]checkTimeout Succ,view=1610,toView=1611,nodeIdx=1,changeCycle=1,myNode=64406364...,timecost=0.192
info|2020-12-13 01:03:14.669223|[g:1][CONSENSUS][PBFT]checkAndChangeView: Reach consensus,org_view=1610,cur_changeCycle=1,curView=1610,view=1611
info|2020-12-13 01:03:15.670632|[g:1][CONSENSUS]addRawPrepare,height=69,reqIdx=3,hash=5a8b8a20...,time=0
info|2020-12-13 01:03:15.670830|[g:1][CONSENSUS][PBFT]checkTimeout Succ,view=1611,toView=1612,nodeIdx=1,changeCycle=1,myNode=64406364...,timecost=0.167
info|2020-12-13 01:03:15.674547|[g:1][CONSENSUS][PBFT]checkAndChangeView: Reach consensus,org_view=1611,cur_changeCycle=1,curView=1611,view=1612
info|2020-12-13 01:03:16.675729|[g:1][CONSENSUS]addRawPrepare,height=69,reqIdx=0,hash=dcb792f5...,time=0
info|2020-12-13 01:03:16.675958|[g:1][CONSENSUS][PBFT]checkTimeout Succ,view=1612,toView=1613,nodeIdx=1,changeCycle=1,myNode=64406364...,timecost=0.203
info|2020-12-13 01:03:16.679227|[g:1][CONSENSUS][PBFT]checkAndChangeView: Reach consensus,org_view=1612,cur_changeCycle=1,curView=1612,view=1613
info|2020-12-13 01:03:17.681039|[g:1][CONSENSUS][SEALER]++++++++++++++++ Generating seal on,blkNum=69,tx=0,nodeIdx=1,hash=3dd39fca...
info|2020-12-13 01:03:17.686565|[g:1][CONSENSUS][PBFT]checkTimeout Succ,view=1613,toView=1614,nodeIdx=1,changeCycle=1,myNode=64406364...,timecost=0.166
info|2020-12-13 01:03:17.687278|[g:1][CONSENSUS][PBFT]checkAndChangeView: Reach consensus,org_view=1613,cur_changeCycle=1,curView=1613,view=1614
info|2020-12-13 01:03:17.896782|[P2P][Service] heartBeat,connected count=3
info|2020-12-13 01:03:18.686927|[g:1][CONSENSUS]addRawPrepare,height=69,reqIdx=2,hash=45b85c1e...,time=0
info|2020-12-13 01:03:18.687126|[g:1][CONSENSUS][PBFT]checkTimeout Succ,view=1614,toView=1615,nodeIdx=1,changeCycle=1,myNode=64406364...,timecost=0.172
info|2020-12-13 01:03:18.690571|[g:1][CONSENSUS][PBFT]checkAndChangeView: Reach consensus,org_view=1614,cur_changeCycle=1,curView=1614,view=1615
info|2020-12-13 01:03:19.691706|[g:1][CONSENSUS]addRawPrepare,height=69,reqIdx=3,hash=a1683302...,time=0
info|2020-12-13 01:03:19.691913|[g:1][CONSENSUS][PBFT]checkTimeout Succ,view=1615,toView=1616,nodeIdx=1,changeCycle=1,myNode=64406364...,timecost=0.178
info|2020-12-13 01:03:19.695113|[g:1][CONSENSUS][PBFT]checkAndChangeView: Reach consensus,org_view=1615,cur_changeCycle=1,curView=1615,view=1616
info|2020-12-13 01:03:20.699900|[g:1][CONSENSUS]addRawPrepare,height=69,reqIdx=0,hash=01a5a2f2...,time=0
info|2020-12-13 01:03:20.700096|[g:1][CONSENSUS][PBFT]checkTimeout Succ,view=1616,toView=1617,nodeIdx=1,changeCycle=1,myNode=64406364...,timecost=0.171
info|2020-12-13 01:03:20.704208|[g:1][CONSENSUS][PBFT]checkAndChangeView: Reach consensus,org_view=1616,cur_changeCycle=1,curView=1616,view=1617
info|2020-12-13 01:03:21.705971|[g:1][CONSENSUS][SEALER]++++++++++++++++ Generating seal on,blkNum=69,tx=0,nodeIdx=1,hash=ef8a0883...
info|2020-12-13 01:03:21.711054|[g:1][CONSENSUS][PBFT]checkTimeout Succ,view=1617,toView=1618,nodeIdx=1,changeCycle=1,myNode=64406364...,timecost=0.175
info|2020-12-13 01:03:21.712145|[g:1][CONSENSUS][PBFT]checkAndChangeView: Reach consensus,org_view=1617,cur_changeCycle=1,curView=1617,view=1618
info|2020-12-13 01:03:22.710898|[g:1][CONSENSUS]addRawPrepare,height=69,reqIdx=2,hash=fdc607c6...,time=0
info|2020-12-13 01:03:22.711098|[g:1][CONSENSUS][PBFT]checkTimeout Succ,view=1618,toView=1619,nodeIdx=1,changeCycle=1,myNode=64406364...,timecost=0.172
info|2020-12-13 01:03:22.715121|[g:1][CONSENSUS][PBFT]checkAndChangeView: Reach consensus,org_view=1618,cur_changeCycle=1,curView=1618,view=1619
info|2020-12-13 01:03:23.716374|[g:1][CONSENSUS]addRawPrepare,height=69,reqIdx=3,hash=f5a8723f...,time=0
info|2020-12-13 01:03:23.716570|[g:1][CONSENSUS][PBFT]checkTimeout Succ,view=1619,toView=1620,nodeIdx=1,changeCycle=1,myNode=64406364...,timecost=0.17
info|2020-12-13 01:03:23.720542|[g:1][CONSENSUS][PBFT]checkAndChangeView: Reach consensus,org_view=1619,cur_changeCycle=1,curView=1619,view=1620
info|2020-12-13 01:03:24.720984|[g:1][CONSENSUS]addRawPrepare,height=69,reqIdx=0,hash=8e692e43...,time=0
info|2020-12-13 01:03:24.721187|[g:1][CONSENSUS][PBFT]checkTimeout Succ,view=1620,toView=1621,nodeIdx=1,changeCycle=1,myNode=64406364...,timecost=0.176
info|2020-12-13 01:03:24.724406|[g:1][CONSENSUS][PBFT]checkAndChangeView: Reach consensus,org_view=1620,cur_changeCycle=1,curView=1620,view=1621
info|2020-12-13 01:03:25.724379|[g:1][CONSENSUS][SEALER]++++++++++++++++ Generating seal on,blkNum=69,tx=0,nodeIdx=1,hash=be4ee140...
info|2020-12-13 01:03:25.729850|[g:1][CONSENSUS][PBFT]checkTimeout Succ,view=1621,toView=1622,nodeIdx=1,changeCycle=1,myNode=64406364...,timecost=0.18
info|2020-12-13 01:03:25.730627|[g:1][CONSENSUS][PBFT]checkAndChangeView: Reach consensus,org_view=1621,cur_changeCycle=1,curView=1621,view=1622
info|2020-12-13 01:03:26.730361|[g:1][CONSENSUS]addRawPrepare,height=69,reqIdx=2,hash=441d430f...,time=0
info|2020-12-13 01:03:26.730557|[g:1][CONSENSUS][PBFT]checkTimeout Succ,view=1622,toView=1623,nodeIdx=1,changeCycle=1,myNode=64406364...,timecost=0.171
info|2020-12-13 01:03:26.732494|[g:1][CONSENSUS][PBFT]checkAndChangeView: Reach consensus,org_view=1622,cur_changeCycle=1,curView=1622,view=1623
info|2020-12-13 01:03:27.734656|[g:1][CONSENSUS]addRawPrepare,height=69,reqIdx=3,hash=2784df35...,time=0
info|2020-12-13 01:03:27.734928|[g:1][CONSENSUS][PBFT]checkTimeout Succ,view=1623,toView=1624,nodeIdx=1,changeCycle=1,myNode=64406364...,timecost=0.234
info|2020-12-13 01:03:27.738681|[g:1][CONSENSUS][PBFT]checkAndChangeView: Reach consensus,org_view=1623,cur_changeCycle=1,curView=1623,view=1624
info|2020-12-13 01:03:27.896827|[P2P][Service] heartBeat,connected count=3
info|2020-12-13 01:03:28.741390|[g:1][CONSENSUS]addRawPrepare,height=69,reqIdx=0,hash=5d220dab...,time=0
info|2020-12-13 01:03:28.741623|[g:1][CONSENSUS][PBFT]checkTimeout Succ,view=1624,toView=1625,nodeIdx=1,changeCycle=1,myNode=64406364...,timecost=0.206
info|2020-12-13 01:03:28.749456|[g:1][CONSENSUS][PBFT]checkAndChangeView: Reach consensus,org_view=1624,cur_changeCycle=1,curView=1624,view=1625
info|2020-12-13 01:03:29.750445|[g:1][CONSENSUS][SEALER]++++++++++++++++ Generating seal on,blkNum=69,tx=0,nodeIdx=1,hash=f2e54119...
info|2020-12-13 01:03:29.755829|[g:1][CONSENSUS][PBFT]checkTimeout Succ,view=1625,toView=1626,nodeIdx=1,changeCycle=1,myNode=64406364...,timecost=0.176
info|2020-12-13 01:03:29.756829|[g:1][CONSENSUS][PBFT]checkAndChangeView: Reach consensus,org_view=1625,cur_changeCycle=1,curView=1625,view=1626
info|2020-12-13 01:03:30.756960|[g:1][CONSENSUS]addRawPrepare,height=69,reqIdx=2,hash=38bbfba1...,time=0
info|2020-12-13 01:03:30.757157|[g:1][CONSENSUS][PBFT]checkTimeout Succ,view=1626,toView=1627,nodeIdx=1,changeCycle=1,myNode=64406364...,timecost=0.171
info|2020-12-13 01:03:30.759770|[g:1][CONSENSUS][PBFT]checkAndChangeView: Reach consensus,org_view=1626,cur_changeCycle=1,curView=1626,view=1627
info|2020-12-13 01:03:31.759853|[g:1][CONSENSUS]addRawPrepare,height=69,reqIdx=3,hash=25301701...,time=0
info|2020-12-13 01:03:31.760057|[g:1][CONSENSUS][PBFT]checkTimeout Succ,view=1627,toView=1628,nodeIdx=1,changeCycle=1,myNode=64406364...,timecost=0.177
info|2020-12-13 01:03:31.763715|[g:1][CONSENSUS][PBFT]checkAndChangeView: Reach consensus,org_view=1627,cur_changeCycle=1,curView=1627,view=1628
info|2020-12-13 01:03:32.765488|[g:1][CONSENSUS]addRawPrepare,height=69,reqIdx=0,hash=4b33c11f...,time=0
info|2020-12-13 01:03:32.765717|[g:1][CONSENSUS][PBFT]checkTimeout Succ,view=1628,toView=1629,nodeIdx=1,changeCycle=1,myNode=64406364...,timecost=0.202
info|2020-12-13 01:03:32.773584|[g:1][CONSENSUS][PBFT]checkAndChangeView: Reach consensus,org_view=1628,cur_changeCycle=1,curView=1628,view=1629
info|2020-12-13 01:03:33.774221|[g:1][CONSENSUS][SEALER]++++++++++++++++ Generating seal on,blkNum=69,tx=0,nodeIdx=1,hash=5e8c8a8a...
info|2020-12-13 01:03:33.780194|[g:1][CONSENSUS][PBFT]checkTimeout Succ,view=1629,toView=1630,nodeIdx=1,changeCycle=1,myNode=64406364...,timecost=0.219
info|2020-12-13 01:03:33.781138|[g:1][CONSENSUS][PBFT]checkAndChangeView: Reach consensus,org_view=1629,cur_changeCycle=1,curView=1629,view=1630
info|2020-12-13 01:03:34.782203|[g:1][CONSENSUS]addRawPrepare,height=69,reqIdx=2,hash=889a36d0...,time=0
info|2020-12-13 01:03:34.782397|[g:1][CONSENSUS][PBFT]checkTimeout Succ,view=1630,toView=1631,nodeIdx=1,changeCycle=1,myNode=64406364...,timecost=0.169
info|2020-12-13 01:03:34.784295|[g:1][CONSENSUS][PBFT]checkAndChangeView: Reach consensus,org_view=1630,cur_changeCycle=1,curView=1630,view=1631
info|2020-12-13 01:03:35.786577|[g:1][CONSENSUS]addRawPrepare,height=69,reqIdx=3,hash=5a073c9b...,time=0
info|2020-12-13 01:03:35.786772|[g:1][CONSENSUS][PBFT]checkTimeout Succ,view=1631,toView=1632,nodeIdx=1,changeCycle=1,myNode=64406364...,timecost=0.17
info|2020-12-13 01:03:35.788542|[g:1][CONSENSUS][PBFT]checkAndChangeView: Reach consensus,org_view=1631,cur_changeCycle=1,curView=1631,view=1632
info|2020-12-13 01:03:36.790363|[g:1][CONSENSUS]addRawPrepare,height=69,reqIdx=0,hash=c885e762...,time=0
info|2020-12-13 01:03:36.790601|[g:1][CONSENSUS][PBFT]checkTimeout Succ,view=1632,toView=1633,nodeIdx=1,changeCycle=1,myNode=64406364...,timecost=0.208
info|2020-12-13 01:03:36.794319|[g:1][CONSENSUS][PBFT]checkAndChangeView: Reach consensus,org_view=1632,cur_changeCycle=1,curView=1632,view=1633
info|2020-12-13 01:03:37.796101|[g:1][CONSENSUS][SEALER]++++++++++++++++ Generating seal on,blkNum=69,tx=0,nodeIdx=1,hash=ad26845f...
info|2020-12-13 01:03:37.801231|[g:1][CONSENSUS][PBFT]checkTimeout Succ,view=1633,toView=1634,nodeIdx=1,changeCycle=1,myNode=64406364...,timecost=0.179
info|2020-12-13 01:03:37.802221|[g:1][CONSENSUS][PBFT]checkAndChangeView: Reach consensus,org_view=1633,cur_changeCycle=1,curView=1633,view=1634
info|2020-12-13 01:03:37.896864|[P2P][Service] heartBeat,connected count=3
info|2020-12-13 01:03:38.805927|[g:1][CONSENSUS]addRawPrepare,height=69,reqIdx=2,hash=5deadc57...,time=0
info|2020-12-13 01:03:38.806151|[g:1][CONSENSUS][PBFT]checkTimeout Succ,view=1634,toView=1635,nodeIdx=1,changeCycle=1,myNode=64406364...,timecost=0.174
info|2020-12-13 01:03:38.809196|[g:1][CONSENSUS][PBFT]checkAndChangeView: Reach consensus,org_view=1634,cur_changeCycle=1,curView=1634,view=1635
info|2020-12-13 01:03:39.809822|[g:1][CONSENSUS]addRawPrepare,height=69,reqIdx=3,hash=2e8dcba1...,time=0
info|2020-12-13 01:03:39.810025|[g:1][CONSENSUS][PBFT]checkTimeout Succ,view=1635,toView=1636,nodeIdx=1,changeCycle=1,myNode=64406364...,timecost=0.176
info|2020-12-13 01:03:39.813223|[g:1][CONSENSUS][PBFT]checkAndChangeView: Reach consensus,org_view=1635,cur_changeCycle=1,curView=1635,view=1636
info|2020-12-13 01:03:40.815520|[g:1][CONSENSUS]addRawPrepare,height=69,reqIdx=0,hash=8aca9ad4...,time=0
info|2020-12-13 01:03:40.815756|[g:1][CONSENSUS][PBFT]checkTimeout Succ,view=1636,toView=1637,nodeIdx=1,changeCycle=1,myNode=64406364...,timecost=0.179
info|2020-12-13 01:03:40.819345|[g:1][CONSENSUS][PBFT]checkAndChangeView: Reach consensus,org_view=1636,cur_changeCycle=1,curView=1636,view=1637
info|2020-12-13 01:03:41.819612|[g:1][CONSENSUS][SEALER]++++++++++++++++ Generating seal on,blkNum=69,tx=0,nodeIdx=1,hash=65320fa3...
info|2020-12-13 01:03:41.825748|[g:1][CONSENSUS][PBFT]checkTimeout Succ,view=1637,toView=1638,nodeIdx=1,changeCycle=1,myNode=64406364...,timecost=0.237
info|2020-12-13 01:03:41.826895|[g:1][CONSENSUS][PBFT]checkAndChangeView: Reach consensus,org_view=1637,cur_changeCycle=1,curView=1637,view=1638
info|2020-12-13 01:03:42.826553|[g:1][CONSENSUS]addRawPrepare,height=69,reqIdx=2,hash=2db02d45...,time=0
info|2020-12-13 01:03:42.826750|[g:1][CONSENSUS][PBFT]checkTimeout Succ,view=1638,toView=1639,nodeIdx=1,changeCycle=1,myNode=64406364...,timecost=0.172
info|2020-12-13 01:03:42.828940|[g:1][CONSENSUS][PBFT]checkAndChangeView: Reach consensus,org_view=1638,cur_changeCycle=1,curView=1638,view=1639
info|2020-12-13 01:03:43.834376|[g:1][CONSENSUS]addRawPrepare,height=69,reqIdx=3,hash=3ee0999a...,time=0
info|2020-12-13 01:03:43.834581|[g:1][CONSENSUS][PBFT]checkTimeout Succ,view=1639,toView=1640,nodeIdx=1,changeCycle=1,myNode=64406364...,timecost=0.175
info|2020-12-13 01:03:43.838771|[g:1][CONSENSUS][PBFT]checkAndChangeView: Reach consensus,org_view=1639,cur_changeCycle=1,curView=1639,view=1640
info|2020-12-13 01:03:44.840497|[g:1][CONSENSUS]addRawPrepare,height=69,reqIdx=0,hash=dff5049f...,time=0
info|2020-12-13 01:03:44.840746|[g:1][CONSENSUS][PBFT]checkTimeout Succ,view=1640,toView=1641,nodeIdx=1,changeCycle=1,myNode=64406364...,timecost=0.219
info|2020-12-13 01:03:44.844367|[g:1][CONSENSUS][PBFT]checkAndChangeView: Reach consensus,org_view=1640,cur_changeCycle=1,curView=1640,view=1641
info|2020-12-13 01:03:45.844288|[g:1][CONSENSUS][SEALER]++++++++++++++++ Generating seal on,blkNum=69,tx=0,nodeIdx=1,hash=e904ddda...
info|2020-12-13 01:03:45.849906|[g:1][CONSENSUS][PBFT]checkTimeout Succ,view=1641,toView=1642,nodeIdx=1,changeCycle=1,myNode=64406364...,timecost=0.194
info|2020-12-13 01:03:45.850883|[g:1][CONSENSUS][PBFT]checkAndChangeView: Reach consensus,org_view=1641,cur_changeCycle=1,curView=1641,view=1642
info|2020-12-13 01:03:46.851665|[g:1][CONSENSUS]addRawPrepare,height=69,reqIdx=2,hash=09a616ac...,time=0
info|2020-12-13 01:03:46.851870|[g:1][CONSENSUS][PBFT]checkTimeout Succ,view=1642,toView=1643,nodeIdx=1,changeCycle=1,myNode=64406364...,timecost=0.176
info|2020-12-13 01:03:46.857034|[g:1][CONSENSUS][PBFT]checkAndChangeView: Reach consensus,org_view=1642,cur_changeCycle=1,curView=1642,view=1643
info|2020-12-13 01:03:47.859185|[g:1][CONSENSUS]addRawPrepare,height=69,reqIdx=3,hash=6f5e17d8...,time=0
info|2020-12-13 01:03:47.859456|[g:1][CONSENSUS][PBFT]checkTimeout Succ,view=1643,toView=1644,nodeIdx=1,changeCycle=1,myNode=64406364...,timecost=0.243
info|2020-12-13 01:03:47.865612|[g:1][CONSENSUS][PBFT]checkAndChangeView: Reach consensus,org_view=1643,cur_changeCycle=1,curView=1643,view=1644
info|2020-12-13 01:03:47.896932|[P2P][Service] heartBeat,connected count=3
info|2020-12-13 01:03:48.870703|[g:1][CONSENSUS]addRawPrepare,height=69,reqIdx=0,hash=1dc60593...,time=0
info|2020-12-13 01:03:48.870896|[g:1][CONSENSUS][PBFT]checkTimeout Succ,view=1644,toView=1645,nodeIdx=1,changeCycle=1,myNode=64406364...,timecost=0.166
info|2020-12-13 01:03:48.873863|[g:1][CONSENSUS][PBFT]checkAndChangeView: Reach consensus,org_view=1644,cur_changeCycle=1,curView=1644,view=1645
info|2020-12-13 01:03:49.875609|[g:1][CONSENSUS][SEALER]++++++++++++++++ Generating seal on,blkNum=69,tx=0,nodeIdx=1,hash=b3371666...
info|2020-12-13 01:03:49.880884|[g:1][CONSENSUS][PBFT]checkTimeout Succ,view=1645,toView=1646,nodeIdx=1,changeCycle=1,myNode=64406364...,timecost=0.178
info|2020-12-13 01:03:49.881888|[g:1][CONSENSUS][PBFT]checkAndChangeView: Reach consensus,org_view=1645,cur_changeCycle=1,curView=1645,view=1646
info|2020-12-13 01:03:50.880927|[g:1][CONSENSUS]addRawPrepare,height=69,reqIdx=2,hash=d4367854...,time=0
info|2020-12-13 01:03:50.881152|[g:1][CONSENSUS][PBFT]checkTimeout Succ,view=1646,toView=1647,nodeIdx=1,changeCycle=1,myNode=64406364...,timecost=0.202
info|2020-12-13 01:03:50.884395|[g:1][CONSENSUS][PBFT]checkAndChangeView: Reach consensus,org_view=1646,cur_changeCycle=1,curView=1646,view=1647
info|2020-12-13 01:03:51.884043|[g:1][CONSENSUS]addRawPrepare,height=69,reqIdx=3,hash=2703eda6...,time=0
info|2020-12-13 01:03:51.884258|[g:1][CONSENSUS][PBFT]checkTimeout Succ,view=1647,toView=1648,nodeIdx=1,changeCycle=1,myNode=64406364...,timecost=0.179
info|2020-12-13 01:03:51.888058|[g:1][CONSENSUS][PBFT]checkAndChangeView: Reach consensus,org_view=1647,cur_changeCycle=1,curView=1647,view=1648
info|2020-12-13 01:03:52.888663|[g:1][CONSENSUS]addRawPrepare,height=69,reqIdx=0,hash=59df190f...,time=0
info|2020-12-13 01:03:52.888902|[g:1][CONSENSUS][PBFT]checkTimeout Succ,view=1648,toView=1649,nodeIdx=1,changeCycle=1,myNode=64406364...,timecost=0.212
info|2020-12-13 01:03:52.895050|[g:1][CONSENSUS][PBFT]checkAndChangeView: Reach consensus,org_view=1648,cur_changeCycle=1,curView=1648,view=1649
info|2020-12-13 01:03:53.895083|[g:1][CONSENSUS][SEALER]++++++++++++++++ Generating seal on,blkNum=69,tx=0,nodeIdx=1,hash=5b9488ac...
info|2020-12-13 01:03:53.903716|[g:1][CONSENSUS][PBFT]checkTimeout Succ,view=1649,toView=1650,nodeIdx=1,changeCycle=1,myNode=64406364...,timecost=0.8
info|2020-12-13 01:03:53.905134|[g:1][CONSENSUS][PBFT]checkAndChangeView: Reach consensus,org_view=1649,cur_changeCycle=1,curView=1649,view=1650
info|2020-12-13 01:03:54.903266|[g:1][CONSENSUS]addRawPrepare,height=69,reqIdx=2,hash=5840e112...,time=0
info|2020-12-13 01:03:54.903465|[g:1][CONSENSUS][PBFT]checkTimeout Succ,view=1650,toView=1651,nodeIdx=1,changeCycle=1,myNode=64406364...,timecost=0.172
info|2020-12-13 01:03:54.906684|[g:1][CONSENSUS][PBFT]checkAndChangeView: Reach consensus,org_view=1650,cur_changeCycle=1,curView=1650,view=1651
info|2020-12-13 01:03:55.907744|[g:1][CONSENSUS]addRawPrepare,height=69,reqIdx=3,hash=3c6a1693...,time=0
info|2020-12-13 01:03:55.907947|[g:1][CONSENSUS][PBFT]checkTimeout Succ,view=1651,toView=1652,nodeIdx=1,changeCycle=1,myNode=64406364...,timecost=0.174
info|2020-12-13 01:03:55.917173|[g:1][CONSENSUS][PBFT]checkAndChangeView: Reach consensus,org_view=1651,cur_changeCycle=1,curView=1651,view=1652
info|2020-12-13 01:03:56.912147|[g:1][CONSENSUS]addRawPrepare,height=69,reqIdx=0,hash=12ab8ab9...,time=0
info|2020-12-13 01:03:56.914254|[g:1][CONSENSUS][PBFT]checkTimeout Succ,view=1652,toView=1653,nodeIdx=1,changeCycle=1,myNode=64406364...,timecost=2.077
info|2020-12-13 01:03:56.914788|[g:1][CONSENSUS][PBFT]checkAndChangeView: Reach consensus,org_view=1652,cur_changeCycle=1,curView=1652,view=1653
info|2020-12-13 01:03:57.897003|[P2P][Service] heartBeat,connected count=3
info|2020-12-13 01:03:57.914842|[g:1][CONSENSUS][SEALER]++++++++++++++++ Generating seal on,blkNum=69,tx=0,nodeIdx=1,hash=bfa80cd9...
info|2020-12-13 01:03:57.921341|[g:1][CONSENSUS][PBFT]checkTimeout Succ,view=1653,toView=1654,nodeIdx=1,changeCycle=1,myNode=64406364...,timecost=0.193
info|2020-12-13 01:03:57.922374|[g:1][CONSENSUS][PBFT]checkAndChangeView: Reach consensus,org_view=1653,cur_changeCycle=1,curView=1653,view=1654
info|2020-12-13 01:03:58.963263|[g:1][CONSENSUS]addRawPrepare,height=69,reqIdx=2,hash=07741784...,time=0
info|2020-12-13 01:03:58.963457|[g:1][CONSENSUS][PBFT]checkTimeout Succ,view=1654,toView=1655,nodeIdx=1,changeCycle=1,myNode=64406364...,timecost=0.17
info|2020-12-13 01:03:59.014811|[g:1][CONSENSUS][PBFT]checkAndChangeView: Reach consensus,org_view=1654,cur_changeCycle=1,curView=1654,view=1655
