2021-01-27 18:23:49.506 [main] ERROR SpringApplication() - Application startup failed
org.springframework.beans.factory.UnsatisfiedDependencyException: Error creating bean with name 'contractService': Unsatisfied dependency expressed through field 'transService'; nested exception is org.springframework.beans.factory.UnsatisfiedDependencyException: Error creating bean with name 'transService': Unsatisfied dependency expressed through field 'web3ApiService'; nested exception is org.springframework.beans.factory.UnsatisfiedDependencyException: Error creating bean with name 'web3ApiService': Unsatisfied dependency expressed through field 'web3jMap'; nested exception is org.springframework.beans.factory.UnsatisfiedDependencyException: Error creating bean with name 'web3jMap' defined in class path resource [com/webank/webase/front/base/config/Web3Config.class]: Unsatisfied dependency expressed through method 'web3jMap' parameter 0; nested exception is org.springframework.beans.factory.UnsatisfiedDependencyException: Error creating bean with name 'serviceMap' defined in class path resource [com/webank/webase/front/base/config/Web3Config.class]: Unsatisfied dependency expressed through method 'serviceMap' parameter 0; nested exception is org.springframework.beans.factory.BeanCreationException: Error creating bean with name 'getWeb3j' defined in class path resource [com/webank/webase/front/base/config/Web3Config.class]: Bean instantiation via factory method failed; nested exception is org.springframework.beans.BeanInstantiationException: Failed to instantiate [org.fisco.bcos.web3j.protocol.Web3j]: Factory method 'getWeb3j' threw exception; nested exception is java.lang.RuntimeException:  Failed to connect to nodes: [Connection refused: /127.0.0.1:20200]The reasons for failure may be: 
	1. the configured certificate is not the same set of certificates as the node's certificate; 
	2. the configured certificate is not issued by the same authority as the node's certificate. 
	Please refer to https://fisco-bcos-documentation.readthedocs.io/zh_CN/latest/docs/sdk/java_sdk.html#id24 

	at org.springframework.beans.factory.annotation.AutowiredAnnotationBeanPostProcessor$AutowiredFieldElement.inject(AutowiredAnnotationBeanPostProcessor.java:588) ~[spring-beans-4.3.27.RELEASE.jar:4.3.27.RELEASE]
	at org.springframework.beans.factory.annotation.InjectionMetadata.inject(InjectionMetadata.java:87) ~[spring-beans-4.3.27.RELEASE.jar:4.3.27.RELEASE]
	at org.springframework.beans.factory.annotation.AutowiredAnnotationBeanPostProcessor.postProcessPropertyValues(AutowiredAnnotationBeanPostProcessor.java:366) ~[spring-beans-4.3.27.RELEASE.jar:4.3.27.RELEASE]
	at org.springframework.beans.factory.support.AbstractAutowireCapableBeanFactory.populateBean(AbstractAutowireCapableBeanFactory.java:1257) ~[spring-beans-4.3.27.RELEASE.jar:4.3.27.RELEASE]
	at org.springframework.beans.factory.support.AbstractAutowireCapableBeanFactory.doCreateBean(AbstractAutowireCapableBeanFactory.java:551) ~[spring-beans-4.3.27.RELEASE.jar:4.3.27.RELEASE]
	at org.springframework.beans.factory.support.AbstractAutowireCapableBeanFactory.createBean(AbstractAutowireCapableBeanFactory.java:481) ~[spring-beans-4.3.27.RELEASE.jar:4.3.27.RELEASE]
	at org.springframework.beans.factory.support.AbstractBeanFactory$1.getObject(AbstractBeanFactory.java:312) ~[spring-beans-4.3.27.RELEASE.jar:4.3.27.RELEASE]
	at org.springframework.beans.factory.support.DefaultSingletonBeanRegistry.getSingleton(DefaultSingletonBeanRegistry.java:230) ~[spring-beans-4.3.27.RELEASE.jar:4.3.27.RELEASE]
	at org.springframework.beans.factory.support.AbstractBeanFactory.doGetBean(AbstractBeanFactory.java:308) ~[spring-beans-4.3.27.RELEASE.jar:4.3.27.RELEASE]
	at org.springframework.beans.factory.support.AbstractBeanFactory.getBean(AbstractBeanFactory.java:197) ~[spring-beans-4.3.27.RELEASE.jar:4.3.27.RELEASE]
	at org.springframework.beans.factory.support.DefaultListableBeanFactory.preInstantiateSingletons(DefaultListableBeanFactory.java:757) ~[spring-beans-4.3.27.RELEASE.jar:4.3.27.RELEASE]
	at org.springframework.context.support.AbstractApplicationContext.finishBeanFactoryInitialization(AbstractApplicationContext.java:867) ~[spring-context-4.3.27.RELEASE.jar:4.3.27.RELEASE]
	at org.springframework.context.support.AbstractApplicationContext.refresh(AbstractApplicationContext.java:542) ~[spring-context-4.3.27.RELEASE.jar:4.3.27.RELEASE]
	at org.springframework.boot.context.embedded.EmbeddedWebApplicationContext.refresh(EmbeddedWebApplicationContext.java:123) ~[spring-boot-1.5.22.RELEASE.jar:1.5.22.RELEASE]
	at org.springframework.boot.SpringApplication.refresh(SpringApplication.java:666) [spring-boot-1.5.22.RELEASE.jar:1.5.22.RELEASE]
	at org.springframework.boot.SpringApplication.refreshContext(SpringApplication.java:353) [spring-boot-1.5.22.RELEASE.jar:1.5.22.RELEASE]
	at org.springframework.boot.SpringApplication.run(SpringApplication.java:300) [spring-boot-1.5.22.RELEASE.jar:1.5.22.RELEASE]
	at org.springframework.boot.SpringApplication.run(SpringApplication.java:1082) [spring-boot-1.5.22.RELEASE.jar:1.5.22.RELEASE]
	at org.springframework.boot.SpringApplication.run(SpringApplication.java:1071) [spring-boot-1.5.22.RELEASE.jar:1.5.22.RELEASE]
	at com.webank.webase.front.Application.main(Application.java:47) [WeBASE-Front.jar:?]
Caused by: org.springframework.beans.factory.UnsatisfiedDependencyException: Error creating bean with name 'transService': Unsatisfied dependency expressed through field 'web3ApiService'; nested exception is org.springframework.beans.factory.UnsatisfiedDependencyException: Error creating bean with name 'web3ApiService': Unsatisfied dependency expressed through field 'web3jMap'; nested exception is org.springframework.beans.factory.UnsatisfiedDependencyException: Error creating bean with name 'web3jMap' defined in class path resource [com/webank/webase/front/base/config/Web3Config.class]: Unsatisfied dependency expressed through method 'web3jMap' parameter 0; nested exception is org.springframework.beans.factory.UnsatisfiedDependencyException: Error creating bean with name 'serviceMap' defined in class path resource [com/webank/webase/front/base/config/Web3Config.class]: Unsatisfied dependency expressed through method 'serviceMap' parameter 0; nested exception is org.springframework.beans.factory.BeanCreationException: Error creating bean with name 'getWeb3j' defined in class path resource [com/webank/webase/front/base/config/Web3Config.class]: Bean instantiation via factory method failed; nested exception is org.springframework.beans.BeanInstantiationException: Failed to instantiate [org.fisco.bcos.web3j.protocol.Web3j]: Factory method 'getWeb3j' threw exception; nested exception is java.lang.RuntimeException:  Failed to connect to nodes: [Connection refused: /127.0.0.1:20200]The reasons for failure may be: 
	1. the configured certificate is not the same set of certificates as the node's certificate; 
	2. the configured certificate is not issued by the same authority as the node's certificate. 
	Please refer to https://fisco-bcos-documentation.readthedocs.io/zh_CN/latest/docs/sdk/java_sdk.html#id24 

	at org.springframework.beans.factory.annotation.AutowiredAnnotationBeanPostProcessor$AutowiredFieldElement.inject(AutowiredAnnotationBeanPostProcessor.java:588) ~[spring-beans-4.3.27.RELEASE.jar:4.3.27.RELEASE]
	at org.springframework.beans.factory.annotation.InjectionMetadata.inject(InjectionMetadata.java:87) ~[spring-beans-4.3.27.RELEASE.jar:4.3.27.RELEASE]
	at org.springframework.beans.factory.annotation.AutowiredAnnotationBeanPostProcessor.postProcessPropertyValues(AutowiredAnnotationBeanPostProcessor.java:366) ~[spring-beans-4.3.27.RELEASE.jar:4.3.27.RELEASE]
	at org.springframework.beans.factory.support.AbstractAutowireCapableBeanFactory.populateBean(AbstractAutowireCapableBeanFactory.java:1257) ~[spring-beans-4.3.27.RELEASE.jar:4.3.27.RELEASE]
	at org.springframework.beans.factory.support.AbstractAutowireCapableBeanFactory.doCreateBean(AbstractAutowireCapableBeanFactory.java:551) ~[spring-beans-4.3.27.RELEASE.jar:4.3.27.RELEASE]
	at org.springframework.beans.factory.support.AbstractAutowireCapableBeanFactory.createBean(AbstractAutowireCapableBeanFactory.java:481) ~[spring-beans-4.3.27.RELEASE.jar:4.3.27.RELEASE]
	at org.springframework.beans.factory.support.AbstractBeanFactory$1.getObject(AbstractBeanFactory.java:312) ~[spring-beans-4.3.27.RELEASE.jar:4.3.27.RELEASE]
	at org.springframework.beans.factory.support.DefaultSingletonBeanRegistry.getSingleton(DefaultSingletonBeanRegistry.java:230) ~[spring-beans-4.3.27.RELEASE.jar:4.3.27.RELEASE]
	at org.springframework.beans.factory.support.AbstractBeanFactory.doGetBean(AbstractBeanFactory.java:308) ~[spring-beans-4.3.27.RELEASE.jar:4.3.27.RELEASE]
	at org.springframework.beans.factory.support.AbstractBeanFactory.getBean(AbstractBeanFactory.java:202) ~[spring-beans-4.3.27.RELEASE.jar:4.3.27.RELEASE]
	at org.springframework.beans.factory.config.DependencyDescriptor.resolveCandidate(DependencyDescriptor.java:211) ~[spring-beans-4.3.27.RELEASE.jar:4.3.27.RELEASE]
	at org.springframework.beans.factory.support.DefaultListableBeanFactory.doResolveDependency(DefaultListableBeanFactory.java:1135) ~[spring-beans-4.3.27.RELEASE.jar:4.3.27.RELEASE]
	at org.springframework.beans.factory.support.DefaultListableBeanFactory.resolveDependency(DefaultListableBeanFactory.java:1063) ~[spring-beans-4.3.27.RELEASE.jar:4.3.27.RELEASE]
	at org.springframework.beans.factory.annotation.AutowiredAnnotationBeanPostProcessor$AutowiredFieldElement.inject(AutowiredAnnotationBeanPostProcessor.java:585) ~[spring-beans-4.3.27.RELEASE.jar:4.3.27.RELEASE]
	... 19 more
Caused by: org.springframework.beans.factory.UnsatisfiedDependencyException: Error creating bean with name 'web3ApiService': Unsatisfied dependency expressed through field 'web3jMap'; nested exception is org.springframework.beans.factory.UnsatisfiedDependencyException: Error creating bean with name 'web3jMap' defined in class path resource [com/webank/webase/front/base/config/Web3Config.class]: Unsatisfied dependency expressed through method 'web3jMap' parameter 0; nested exception is org.springframework.beans.factory.UnsatisfiedDependencyException: Error creating bean with name 'serviceMap' defined in class path resource [com/webank/webase/front/base/config/Web3Config.class]: Unsatisfied dependency expressed through method 'serviceMap' parameter 0; nested exception is org.springframework.beans.factory.BeanCreationException: Error creating bean with name 'getWeb3j' defined in class path resource [com/webank/webase/front/base/config/Web3Config.class]: Bean instantiation via factory method failed; nested exception is org.springframework.beans.BeanInstantiationException: Failed to instantiate [org.fisco.bcos.web3j.protocol.Web3j]: Factory method 'getWeb3j' threw exception; nested exception is java.lang.RuntimeException:  Failed to connect to nodes: [Connection refused: /127.0.0.1:20200]The reasons for failure may be: 
	1. the configured certificate is not the same set of certificates as the node's certificate; 
	2. the configured certificate is not issued by the same authority as the node's certificate. 
	Please refer to https://fisco-bcos-documentation.readthedocs.io/zh_CN/latest/docs/sdk/java_sdk.html#id24 

	at org.springframework.beans.factory.annotation.AutowiredAnnotationBeanPostProcessor$AutowiredFieldElement.inject(AutowiredAnnotationBeanPostProcessor.java:588) ~[spring-beans-4.3.27.RELEASE.jar:4.3.27.RELEASE]
	at org.springframework.beans.factory.annotation.InjectionMetadata.inject(InjectionMetadata.java:87) ~[spring-beans-4.3.27.RELEASE.jar:4.3.27.RELEASE]
	at org.springframework.beans.factory.annotation.AutowiredAnnotationBeanPostProcessor.postProcessPropertyValues(AutowiredAnnotationBeanPostProcessor.java:366) ~[spring-beans-4.3.27.RELEASE.jar:4.3.27.RELEASE]
	at org.springframework.beans.factory.support.AbstractAutowireCapableBeanFactory.populateBean(AbstractAutowireCapableBeanFactory.java:1257) ~[spring-beans-4.3.27.RELEASE.jar:4.3.27.RELEASE]
	at org.springframework.beans.factory.support.AbstractAutowireCapableBeanFactory.doCreateBean(AbstractAutowireCapableBeanFactory.java:551) ~[spring-beans-4.3.27.RELEASE.jar:4.3.27.RELEASE]
	at org.springframework.beans.factory.support.AbstractAutowireCapableBeanFactory.createBean(AbstractAutowireCapableBeanFactory.java:481) ~[spring-beans-4.3.27.RELEASE.jar:4.3.27.RELEASE]
	at org.springframework.beans.factory.support.AbstractBeanFactory$1.getObject(AbstractBeanFactory.java:312) ~[spring-beans-4.3.27.RELEASE.jar:4.3.27.RELEASE]
	at org.springframework.beans.factory.support.DefaultSingletonBeanRegistry.getSingleton(DefaultSingletonBeanRegistry.java:230) ~[spring-beans-4.3.27.RELEASE.jar:4.3.27.RELEASE]
	at org.springframework.beans.factory.support.AbstractBeanFactory.doGetBean(AbstractBeanFactory.java:308) ~[spring-beans-4.3.27.RELEASE.jar:4.3.27.RELEASE]
	at org.springframework.beans.factory.support.AbstractBeanFactory.getBean(AbstractBeanFactory.java:202) ~[spring-beans-4.3.27.RELEASE.jar:4.3.27.RELEASE]
	at org.springframework.beans.factory.config.DependencyDescriptor.resolveCandidate(DependencyDescriptor.java:211) ~[spring-beans-4.3.27.RELEASE.jar:4.3.27.RELEASE]
	at org.springframework.beans.factory.support.DefaultListableBeanFactory.doResolveDependency(DefaultListableBeanFactory.java:1135) ~[spring-beans-4.3.27.RELEASE.jar:4.3.27.RELEASE]
	at org.springframework.beans.factory.support.DefaultListableBeanFactory.resolveDependency(DefaultListableBeanFactory.java:1063) ~[spring-beans-4.3.27.RELEASE.jar:4.3.27.RELEASE]
	at org.springframework.beans.factory.annotation.AutowiredAnnotationBeanPostProcessor$AutowiredFieldElement.inject(AutowiredAnnotationBeanPostProcessor.java:585) ~[spring-beans-4.3.27.RELEASE.jar:4.3.27.RELEASE]
	at org.springframework.beans.factory.annotation.InjectionMetadata.inject(InjectionMetadata.java:87) ~[spring-beans-4.3.27.RELEASE.jar:4.3.27.RELEASE]
	at org.springframework.beans.factory.annotation.AutowiredAnnotationBeanPostProcessor.postProcessPropertyValues(AutowiredAnnotationBeanPostProcessor.java:366) ~[spring-beans-4.3.27.RELEASE.jar:4.3.27.RELEASE]
	at org.springframework.beans.factory.support.AbstractAutowireCapableBeanFactory.populateBean(AbstractAutowireCapableBeanFactory.java:1257) ~[spring-beans-4.3.27.RELEASE.jar:4.3.27.RELEASE]
	at org.springframework.beans.factory.support.AbstractAutowireCapableBeanFactory.doCreateBean(AbstractAutowireCapableBeanFactory.java:551) ~[spring-beans-4.3.27.RELEASE.jar:4.3.27.RELEASE]
	at org.springframework.beans.factory.support.AbstractAutowireCapableBeanFactory.createBean(AbstractAutowireCapableBeanFactory.java:481) ~[spring-beans-4.3.27.RELEASE.jar:4.3.27.RELEASE]
	at org.springframework.beans.factory.support.AbstractBeanFactory$1.getObject(AbstractBeanFactory.java:312) ~[spring-beans-4.3.27.RELEASE.jar:4.3.27.RELEASE]
	at org.springframework.beans.factory.support.DefaultSingletonBeanRegistry.getSingleton(DefaultSingletonBeanRegistry.java:230) ~[spring-beans-4.3.27.RELEASE.jar:4.3.27.RELEASE]
	at org.springframework.beans.factory.support.AbstractBeanFactory.doGetBean(AbstractBeanFactory.java:308) ~[spring-beans-4.3.27.RELEASE.jar:4.3.27.RELEASE]
	at org.springframework.beans.factory.support.AbstractBeanFactory.getBean(AbstractBeanFactory.java:202) ~[spring-beans-4.3.27.RELEASE.jar:4.3.27.RELEASE]
	at org.springframework.beans.factory.config.DependencyDescriptor.resolveCandidate(DependencyDescriptor.java:211) ~[spring-beans-4.3.27.RELEASE.jar:4.3.27.RELEASE]
	at org.springframework.beans.factory.support.DefaultListableBeanFactory.doResolveDependency(DefaultListableBeanFactory.java:1135) ~[spring-beans-4.3.27.RELEASE.jar:4.3.27.RELEASE]
	at org.springframework.beans.factory.support.DefaultListableBeanFactory.resolveDependency(DefaultListableBeanFactory.java:1063) ~[spring-beans-4.3.27.RELEASE.jar:4.3.27.RELEASE]
	at org.springframework.beans.factory.annotation.AutowiredAnnotationBeanPostProcessor$AutowiredFieldElement.inject(AutowiredAnnotationBeanPostProcessor.java:585) ~[spring-beans-4.3.27.RELEASE.jar:4.3.27.RELEASE]
	... 19 more
Caused by: org.springframework.beans.factory.UnsatisfiedDependencyException: Error creating bean with name 'web3jMap' defined in class path resource [com/webank/webase/front/base/config/Web3Config.class]: Unsatisfied dependency expressed through method 'web3jMap' parameter 0; nested exception is org.springframework.beans.factory.UnsatisfiedDependencyException: Error creating bean with name 'serviceMap' defined in class path resource [com/webank/webase/front/base/config/Web3Config.class]: Unsatisfied dependency expressed through method 'serviceMap' parameter 0; nested exception is org.springframework.beans.factory.BeanCreationException: Error creating bean with name 'getWeb3j' defined in class path resource [com/webank/webase/front/base/config/Web3Config.class]: Bean instantiation via factory method failed; nested exception is org.springframework.beans.BeanInstantiationException: Failed to instantiate [org.fisco.bcos.web3j.protocol.Web3j]: Factory method 'getWeb3j' threw exception; nested exception is java.lang.RuntimeException:  Failed to connect to nodes: [Connection refused: /127.0.0.1:20200]The reasons for failure may be: 
	1. the configured certificate is not the same set of certificates as the node's certificate; 
	2. the configured certificate is not issued by the same authority as the node's certificate. 
	Please refer to https://fisco-bcos-documentation.readthedocs.io/zh_CN/latest/docs/sdk/java_sdk.html#id24 

	at org.springframework.beans.factory.support.ConstructorResolver.createArgumentArray(ConstructorResolver.java:749) ~[spring-beans-4.3.27.RELEASE.jar:4.3.27.RELEASE]
	at org.springframework.beans.factory.support.ConstructorResolver.instantiateUsingFactoryMethod(ConstructorResolver.java:467) ~[spring-beans-4.3.27.RELEASE.jar:4.3.27.RELEASE]
	at org.springframework.beans.factory.support.AbstractAutowireCapableBeanFactory.instantiateUsingFactoryMethod(AbstractAutowireCapableBeanFactory.java:1176) ~[spring-beans-4.3.27.RELEASE.jar:4.3.27.RELEASE]
	at org.springframework.beans.factory.support.AbstractAutowireCapableBeanFactory.createBeanInstance(AbstractAutowireCapableBeanFactory.java:1071) ~[spring-beans-4.3.27.RELEASE.jar:4.3.27.RELEASE]
	at org.springframework.beans.factory.support.AbstractAutowireCapableBeanFactory.doCreateBean(AbstractAutowireCapableBeanFactory.java:511) ~[spring-beans-4.3.27.RELEASE.jar:4.3.27.RELEASE]
	at org.springframework.beans.factory.support.AbstractAutowireCapableBeanFactory.createBean(AbstractAutowireCapableBeanFactory.java:481) ~[spring-beans-4.3.27.RELEASE.jar:4.3.27.RELEASE]
	at org.springframework.beans.factory.support.AbstractBeanFactory$1.getObject(AbstractBeanFactory.java:312) ~[spring-beans-4.3.27.RELEASE.jar:4.3.27.RELEASE]
	at org.springframework.beans.factory.support.DefaultSingletonBeanRegistry.getSingleton(DefaultSingletonBeanRegistry.java:230) ~[spring-beans-4.3.27.RELEASE.jar:4.3.27.RELEASE]
	at org.springframework.beans.factory.support.AbstractBeanFactory.doGetBean(AbstractBeanFactory.java:308) ~[spring-beans-4.3.27.RELEASE.jar:4.3.27.RELEASE]
	at org.springframework.beans.factory.support.AbstractBeanFactory.getBean(AbstractBeanFactory.java:202) ~[spring-beans-4.3.27.RELEASE.jar:4.3.27.RELEASE]
	at org.springframework.beans.factory.config.DependencyDescriptor.resolveCandidate(DependencyDescriptor.java:211) ~[spring-beans-4.3.27.RELEASE.jar:4.3.27.RELEASE]
	at org.springframework.beans.factory.support.DefaultListableBeanFactory.doResolveDependency(DefaultListableBeanFactory.java:1135) ~[spring-beans-4.3.27.RELEASE.jar:4.3.27.RELEASE]
	at org.springframework.beans.factory.support.DefaultListableBeanFactory.resolveDependency(DefaultListableBeanFactory.java:1063) ~[spring-beans-4.3.27.RELEASE.jar:4.3.27.RELEASE]
	at org.springframework.beans.factory.annotation.AutowiredAnnotationBeanPostProcessor$AutowiredFieldElement.inject(AutowiredAnnotationBeanPostProcessor.java:585) ~[spring-beans-4.3.27.RELEASE.jar:4.3.27.RELEASE]
	at org.springframework.beans.factory.annotation.InjectionMetadata.inject(InjectionMetadata.java:87) ~[spring-beans-4.3.27.RELEASE.jar:4.3.27.RELEASE]
	at org.springframework.beans.factory.annotation.AutowiredAnnotationBeanPostProcessor.postProcessPropertyValues(AutowiredAnnotationBeanPostProcessor.java:366) ~[spring-beans-4.3.27.RELEASE.jar:4.3.27.RELEASE]
	at org.springframework.beans.factory.support.AbstractAutowireCapableBeanFactory.populateBean(AbstractAutowireCapableBeanFactory.java:1257) ~[spring-beans-4.3.27.RELEASE.jar:4.3.27.RELEASE]
	at org.springframework.beans.factory.support.AbstractAutowireCapableBeanFactory.doCreateBean(AbstractAutowireCapableBeanFactory.java:551) ~[spring-beans-4.3.27.RELEASE.jar:4.3.27.RELEASE]
	at org.springframework.beans.factory.support.AbstractAutowireCapableBeanFactory.createBean(AbstractAutowireCapableBeanFactory.java:481) ~[spring-beans-4.3.27.RELEASE.jar:4.3.27.RELEASE]
	at org.springframework.beans.factory.support.AbstractBeanFactory$1.getObject(AbstractBeanFactory.java:312) ~[spring-beans-4.3.27.RELEASE.jar:4.3.27.RELEASE]
	at org.springframework.beans.factory.support.DefaultSingletonBeanRegistry.getSingleton(DefaultSingletonBeanRegistry.java:230) ~[spring-beans-4.3.27.RELEASE.jar:4.3.27.RELEASE]
	at org.springframework.beans.factory.support.AbstractBeanFactory.doGetBean(AbstractBeanFactory.java:308) ~[spring-beans-4.3.27.RELEASE.jar:4.3.27.RELEASE]
	at org.springframework.beans.factory.support.AbstractBeanFactory.getBean(AbstractBeanFactory.java:202) ~[spring-beans-4.3.27.RELEASE.jar:4.3.27.RELEASE]
	at org.springframework.beans.factory.config.DependencyDescriptor.resolveCandidate(DependencyDescriptor.java:211) ~[spring-beans-4.3.27.RELEASE.jar:4.3.27.RELEASE]
	at org.springframework.beans.factory.support.DefaultListableBeanFactory.doResolveDependency(DefaultListableBeanFactory.java:1135) ~[spring-beans-4.3.27.RELEASE.jar:4.3.27.RELEASE]
	at org.springframework.beans.factory.support.DefaultListableBeanFactory.resolveDependency(DefaultListableBeanFactory.java:1063) ~[spring-beans-4.3.27.RELEASE.jar:4.3.27.RELEASE]
	at org.springframework.beans.factory.annotation.AutowiredAnnotationBeanPostProcessor$AutowiredFieldElement.inject(AutowiredAnnotationBeanPostProcessor.java:585) ~[spring-beans-4.3.27.RELEASE.jar:4.3.27.RELEASE]
	at org.springframework.beans.factory.annotation.InjectionMetadata.inject(InjectionMetadata.java:87) ~[spring-beans-4.3.27.RELEASE.jar:4.3.27.RELEASE]
	at org.springframework.beans.factory.annotation.AutowiredAnnotationBeanPostProcessor.postProcessPropertyValues(AutowiredAnnotationBeanPostProcessor.java:366) ~[spring-beans-4.3.27.RELEASE.jar:4.3.27.RELEASE]
	at org.springframework.beans.factory.support.AbstractAutowireCapableBeanFactory.populateBean(AbstractAutowireCapableBeanFactory.java:1257) ~[spring-beans-4.3.27.RELEASE.jar:4.3.27.RELEASE]
	at org.springframework.beans.factory.support.AbstractAutowireCapableBeanFactory.doCreateBean(AbstractAutowireCapableBeanFactory.java:551) ~[spring-beans-4.3.27.RELEASE.jar:4.3.27.RELEASE]
	at org.springframework.beans.factory.support.AbstractAutowireCapableBeanFactory.createBean(AbstractAutowireCapableBeanFactory.java:481) ~[spring-beans-4.3.27.RELEASE.jar:4.3.27.RELEASE]
	at org.springframework.beans.factory.support.AbstractBeanFactory$1.getObject(AbstractBeanFactory.java:312) ~[spring-beans-4.3.27.RELEASE.jar:4.3.27.RELEASE]
	at org.springframework.beans.factory.support.DefaultSingletonBeanRegistry.getSingleton(DefaultSingletonBeanRegistry.java:230) ~[spring-beans-4.3.27.RELEASE.jar:4.3.27.RELEASE]
	at org.springframework.beans.factory.support.AbstractBeanFactory.doGetBean(AbstractBeanFactory.java:308) ~[spring-beans-4.3.27.RELEASE.jar:4.3.27.RELEASE]
	at org.springframework.beans.factory.support.AbstractBeanFactory.getBean(AbstractBeanFactory.java:202) ~[spring-beans-4.3.27.RELEASE.jar:4.3.27.RELEASE]
	at org.springframework.beans.factory.config.DependencyDescriptor.resolveCandidate(DependencyDescriptor.java:211) ~[spring-beans-4.3.27.RELEASE.jar:4.3.27.RELEASE]
	at org.springframework.beans.factory.support.DefaultListableBeanFactory.doResolveDependency(DefaultListableBeanFactory.java:1135) ~[spring-beans-4.3.27.RELEASE.jar:4.3.27.RELEASE]
	at org.springframework.beans.factory.support.DefaultListableBeanFactory.resolveDependency(DefaultListableBeanFactory.java:1063) ~[spring-beans-4.3.27.RELEASE.jar:4.3.27.RELEASE]
	at org.springframework.beans.factory.annotation.AutowiredAnnotationBeanPostProcessor$AutowiredFieldElement.inject(AutowiredAnnotationBeanPostProcessor.java:585) ~[spring-beans-4.3.27.RELEASE.jar:4.3.27.RELEASE]
	... 19 more
Caused by: org.springframework.beans.factory.UnsatisfiedDependencyException: Error creating bean with name 'serviceMap' defined in class path resource [com/webank/webase/front/base/config/Web3Config.class]: Unsatisfied dependency expressed through method 'serviceMap' parameter 0; nested exception is org.springframework.beans.factory.BeanCreationException: Error creating bean with name 'getWeb3j' defined in class path resource [com/webank/webase/front/base/config/Web3Config.class]: Bean instantiation via factory method failed; nested exception is org.springframework.beans.BeanInstantiationException: Failed to instantiate [org.fisco.bcos.web3j.protocol.Web3j]: Factory method 'getWeb3j' threw exception; nested exception is java.lang.RuntimeException:  Failed to connect to nodes: [Connection refused: /127.0.0.1:20200]The reasons for failure may be: 
	1. the configured certificate is not the same set of certificates as the node's certificate; 
	2. the configured certificate is not issued by the same authority as the node's certificate. 
	Please refer to https://fisco-bcos-documentation.readthedocs.io/zh_CN/latest/docs/sdk/java_sdk.html#id24 

	at org.springframework.beans.factory.support.ConstructorResolver.createArgumentArray(ConstructorResolver.java:749) ~[spring-beans-4.3.27.RELEASE.jar:4.3.27.RELEASE]
	at org.springframework.beans.factory.support.ConstructorResolver.instantiateUsingFactoryMethod(ConstructorResolver.java:467) ~[spring-beans-4.3.27.RELEASE.jar:4.3.27.RELEASE]
	at org.springframework.beans.factory.support.AbstractAutowireCapableBeanFactory.instantiateUsingFactoryMethod(AbstractAutowireCapableBeanFactory.java:1176) ~[spring-beans-4.3.27.RELEASE.jar:4.3.27.RELEASE]
	at org.springframework.beans.factory.support.AbstractAutowireCapableBeanFactory.createBeanInstance(AbstractAutowireCapableBeanFactory.java:1071) ~[spring-beans-4.3.27.RELEASE.jar:4.3.27.RELEASE]
	at org.springframework.beans.factory.support.AbstractAutowireCapableBeanFactory.doCreateBean(AbstractAutowireCapableBeanFactory.java:511) ~[spring-beans-4.3.27.RELEASE.jar:4.3.27.RELEASE]
	at org.springframework.beans.factory.support.AbstractAutowireCapableBeanFactory.createBean(AbstractAutowireCapableBeanFactory.java:481) ~[spring-beans-4.3.27.RELEASE.jar:4.3.27.RELEASE]
	at org.springframework.beans.factory.support.AbstractBeanFactory$1.getObject(AbstractBeanFactory.java:312) ~[spring-beans-4.3.27.RELEASE.jar:4.3.27.RELEASE]
	at org.springframework.beans.factory.support.DefaultSingletonBeanRegistry.getSingleton(DefaultSingletonBeanRegistry.java:230) ~[spring-beans-4.3.27.RELEASE.jar:4.3.27.RELEASE]
	at org.springframework.beans.factory.support.AbstractBeanFactory.doGetBean(AbstractBeanFactory.java:308) ~[spring-beans-4.3.27.RELEASE.jar:4.3.27.RELEASE]
	at org.springframework.beans.factory.support.AbstractBeanFactory.getBean(AbstractBeanFactory.java:202) ~[spring-beans-4.3.27.RELEASE.jar:4.3.27.RELEASE]
	at org.springframework.beans.factory.config.DependencyDescriptor.resolveCandidate(DependencyDescriptor.java:211) ~[spring-beans-4.3.27.RELEASE.jar:4.3.27.RELEASE]
	at org.springframework.beans.factory.support.DefaultListableBeanFactory.doResolveDependency(DefaultListableBeanFactory.java:1135) ~[spring-beans-4.3.27.RELEASE.jar:4.3.27.RELEASE]
	at org.springframework.beans.factory.support.DefaultListableBeanFactory.resolveDependency(DefaultListableBeanFactory.java:1063) ~[spring-beans-4.3.27.RELEASE.jar:4.3.27.RELEASE]
	at org.springframework.beans.factory.support.ConstructorResolver.resolveAutowiredArgument(ConstructorResolver.java:835) ~[spring-beans-4.3.27.RELEASE.jar:4.3.27.RELEASE]
	at org.springframework.beans.factory.support.ConstructorResolver.createArgumentArray(ConstructorResolver.java:741) ~[spring-beans-4.3.27.RELEASE.jar:4.3.27.RELEASE]
	at org.springframework.beans.factory.support.ConstructorResolver.instantiateUsingFactoryMethod(ConstructorResolver.java:467) ~[spring-beans-4.3.27.RELEASE.jar:4.3.27.RELEASE]
	at org.springframework.beans.factory.support.AbstractAutowireCapableBeanFactory.instantiateUsingFactoryMethod(AbstractAutowireCapableBeanFactory.java:1176) ~[spring-beans-4.3.27.RELEASE.jar:4.3.27.RELEASE]
	at org.springframework.beans.factory.support.AbstractAutowireCapableBeanFactory.createBeanInstance(AbstractAutowireCapableBeanFactory.java:1071) ~[spring-beans-4.3.27.RELEASE.jar:4.3.27.RELEASE]
	at org.springframework.beans.factory.support.AbstractAutowireCapableBeanFactory.doCreateBean(AbstractAutowireCapableBeanFactory.java:511) ~[spring-beans-4.3.27.RELEASE.jar:4.3.27.RELEASE]
	at org.springframework.beans.factory.support.AbstractAutowireCapableBeanFactory.createBean(AbstractAutowireCapableBeanFactory.java:481) ~[spring-beans-4.3.27.RELEASE.jar:4.3.27.RELEASE]
	at org.springframework.beans.factory.support.AbstractBeanFactory$1.getObject(AbstractBeanFactory.java:312) ~[spring-beans-4.3.27.RELEASE.jar:4.3.27.RELEASE]
	at org.springframework.beans.factory.support.DefaultSingletonBeanRegistry.getSingleton(DefaultSingletonBeanRegistry.java:230) ~[spring-beans-4.3.27.RELEASE.jar:4.3.27.RELEASE]
	at org.springframework.beans.factory.support.AbstractBeanFactory.doGetBean(AbstractBeanFactory.java:308) ~[spring-beans-4.3.27.RELEASE.jar:4.3.27.RELEASE]
	at org.springframework.beans.factory.support.AbstractBeanFactory.getBean(AbstractBeanFactory.java:202) ~[spring-beans-4.3.27.RELEASE.jar:4.3.27.RELEASE]
	at org.springframework.beans.factory.config.DependencyDescriptor.resolveCandidate(DependencyDescriptor.java:211) ~[spring-beans-4.3.27.RELEASE.jar:4.3.27.RELEASE]
	at org.springframework.beans.factory.support.DefaultListableBeanFactory.doResolveDependency(DefaultListableBeanFactory.java:1135) ~[spring-beans-4.3.27.RELEASE.jar:4.3.27.RELEASE]
	at org.springframework.beans.factory.support.DefaultListableBeanFactory.resolveDependency(DefaultListableBeanFactory.java:1063) ~[spring-beans-4.3.27.RELEASE.jar:4.3.27.RELEASE]
	at org.springframework.beans.factory.annotation.AutowiredAnnotationBeanPostProcessor$AutowiredFieldElement.inject(AutowiredAnnotationBeanPostProcessor.java:585) ~[spring-beans-4.3.27.RELEASE.jar:4.3.27.RELEASE]
	at org.springframework.beans.factory.annotation.InjectionMetadata.inject(InjectionMetadata.java:87) ~[spring-beans-4.3.27.RELEASE.jar:4.3.27.RELEASE]
	at org.springframework.beans.factory.annotation.AutowiredAnnotationBeanPostProcessor.postProcessPropertyValues(AutowiredAnnotationBeanPostProcessor.java:366) ~[spring-beans-4.3.27.RELEASE.jar:4.3.27.RELEASE]
	at org.springframework.beans.factory.support.AbstractAutowireCapableBeanFactory.populateBean(AbstractAutowireCapableBeanFactory.java:1257) ~[spring-beans-4.3.27.RELEASE.jar:4.3.27.RELEASE]
	at org.springframework.beans.factory.support.AbstractAutowireCapableBeanFactory.doCreateBean(AbstractAutowireCapableBeanFactory.java:551) ~[spring-beans-4.3.27.RELEASE.jar:4.3.27.RELEASE]
	at org.springframework.beans.factory.support.AbstractAutowireCapableBeanFactory.createBean(AbstractAutowireCapableBeanFactory.java:481) ~[spring-beans-4.3.27.RELEASE.jar:4.3.27.RELEASE]
	at org.springframework.beans.factory.support.AbstractBeanFactory$1.getObject(AbstractBeanFactory.java:312) ~[spring-beans-4.3.27.RELEASE.jar:4.3.27.RELEASE]
	at org.springframework.beans.factory.support.DefaultSingletonBeanRegistry.getSingleton(DefaultSingletonBeanRegistry.java:230) ~[spring-beans-4.3.27.RELEASE.jar:4.3.27.RELEASE]
	at org.springframework.beans.factory.support.AbstractBeanFactory.doGetBean(AbstractBeanFactory.java:308) ~[spring-beans-4.3.27.RELEASE.jar:4.3.27.RELEASE]
	at org.springframework.beans.factory.support.AbstractBeanFactory.getBean(AbstractBeanFactory.java:202) ~[spring-beans-4.3.27.RELEASE.jar:4.3.27.RELEASE]
	at org.springframework.beans.factory.config.DependencyDescriptor.resolveCandidate(DependencyDescriptor.java:211) ~[spring-beans-4.3.27.RELEASE.jar:4.3.27.RELEASE]
	at org.springframework.beans.factory.support.DefaultListableBeanFactory.doResolveDependency(DefaultListableBeanFactory.java:1135) ~[spring-beans-4.3.27.RELEASE.jar:4.3.27.RELEASE]
	at org.springframework.beans.factory.support.DefaultListableBeanFactory.resolveDependency(DefaultListableBeanFactory.java:1063) ~[spring-beans-4.3.27.RELEASE.jar:4.3.27.RELEASE]
	at org.springframework.beans.factory.annotation.AutowiredAnnotationBeanPostProcessor$AutowiredFieldElement.inject(AutowiredAnnotationBeanPostProcessor.java:585) ~[spring-beans-4.3.27.RELEASE.jar:4.3.27.RELEASE]
	at org.springframework.beans.factory.annotation.InjectionMetadata.inject(InjectionMetadata.java:87) ~[spring-beans-4.3.27.RELEASE.jar:4.3.27.RELEASE]
	at org.springframework.beans.factory.annotation.AutowiredAnnotationBeanPostProcessor.postProcessPropertyValues(AutowiredAnnotationBeanPostProcessor.java:366) ~[spring-beans-4.3.27.RELEASE.jar:4.3.27.RELEASE]
	at org.springframework.beans.factory.support.AbstractAutowireCapableBeanFactory.populateBean(AbstractAutowireCapableBeanFactory.java:1257) ~[spring-beans-4.3.27.RELEASE.jar:4.3.27.RELEASE]
	at org.springframework.beans.factory.support.AbstractAutowireCapableBeanFactory.doCreateBean(AbstractAutowireCapableBeanFactory.java:551) ~[spring-beans-4.3.27.RELEASE.jar:4.3.27.RELEASE]
	at org.springframework.beans.factory.support.AbstractAutowireCapableBeanFactory.createBean(AbstractAutowireCapableBeanFactory.java:481) ~[spring-beans-4.3.27.RELEASE.jar:4.3.27.RELEASE]
	at org.springframework.beans.factory.support.AbstractBeanFactory$1.getObject(AbstractBeanFactory.java:312) ~[spring-beans-4.3.27.RELEASE.jar:4.3.27.RELEASE]
	at org.springframework.beans.factory.support.DefaultSingletonBeanRegistry.getSingleton(DefaultSingletonBeanRegistry.java:230) ~[spring-beans-4.3.27.RELEASE.jar:4.3.27.RELEASE]
	at org.springframework.beans.factory.support.AbstractBeanFactory.doGetBean(AbstractBeanFactory.java:308) ~[spring-beans-4.3.27.RELEASE.jar:4.3.27.RELEASE]
	at org.springframework.beans.factory.support.AbstractBeanFactory.getBean(AbstractBeanFactory.java:202) ~[spring-beans-4.3.27.RELEASE.jar:4.3.27.RELEASE]
	at org.springframework.beans.factory.config.DependencyDescriptor.resolveCandidate(DependencyDescriptor.java:211) ~[spring-beans-4.3.27.RELEASE.jar:4.3.27.RELEASE]
	at org.springframework.beans.factory.support.DefaultListableBeanFactory.doResolveDependency(DefaultListableBeanFactory.java:1135) ~[spring-beans-4.3.27.RELEASE.jar:4.3.27.RELEASE]
	at org.springframework.beans.factory.support.DefaultListableBeanFactory.resolveDependency(DefaultListableBeanFactory.java:1063) ~[spring-beans-4.3.27.RELEASE.jar:4.3.27.RELEASE]
	at org.springframework.beans.factory.annotation.AutowiredAnnotationBeanPostProcessor$AutowiredFieldElement.inject(AutowiredAnnotationBeanPostProcessor.java:585) ~[spring-beans-4.3.27.RELEASE.jar:4.3.27.RELEASE]
	... 19 more
Caused by: org.springframework.beans.factory.BeanCreationException: Error creating bean with name 'getWeb3j' defined in class path resource [com/webank/webase/front/base/config/Web3Config.class]: Bean instantiation via factory method failed; nested exception is org.springframework.beans.BeanInstantiationException: Failed to instantiate [org.fisco.bcos.web3j.protocol.Web3j]: Factory method 'getWeb3j' threw exception; nested exception is java.lang.RuntimeException:  Failed to connect to nodes: [Connection refused: /127.0.0.1:20200]The reasons for failure may be: 
	1. the configured certificate is not the same set of certificates as the node's certificate; 
	2. the configured certificate is not issued by the same authority as the node's certificate. 
	Please refer to https://fisco-bcos-documentation.readthedocs.io/zh_CN/latest/docs/sdk/java_sdk.html#id24 

	at org.springframework.beans.factory.support.ConstructorResolver.instantiateUsingFactoryMethod(ConstructorResolver.java:599) ~[spring-beans-4.3.27.RELEASE.jar:4.3.27.RELEASE]
	at org.springframework.beans.factory.support.AbstractAutowireCapableBeanFactory.instantiateUsingFactoryMethod(AbstractAutowireCapableBeanFactory.java:1176) ~[spring-beans-4.3.27.RELEASE.jar:4.3.27.RELEASE]
	at org.springframework.beans.factory.support.AbstractAutowireCapableBeanFactory.createBeanInstance(AbstractAutowireCapableBeanFactory.java:1071) ~[spring-beans-4.3.27.RELEASE.jar:4.3.27.RELEASE]
	at org.springframework.beans.factory.support.AbstractAutowireCapableBeanFactory.doCreateBean(AbstractAutowireCapableBeanFactory.java:511) ~[spring-beans-4.3.27.RELEASE.jar:4.3.27.RELEASE]
	at org.springframework.beans.factory.support.AbstractAutowireCapableBeanFactory.createBean(AbstractAutowireCapableBeanFactory.java:481) ~[spring-beans-4.3.27.RELEASE.jar:4.3.27.RELEASE]
	at org.springframework.beans.factory.support.AbstractBeanFactory$1.getObject(AbstractBeanFactory.java:312) ~[spring-beans-4.3.27.RELEASE.jar:4.3.27.RELEASE]
	at org.springframework.beans.factory.support.DefaultSingletonBeanRegistry.getSingleton(DefaultSingletonBeanRegistry.java:230) ~[spring-beans-4.3.27.RELEASE.jar:4.3.27.RELEASE]
	at org.springframework.beans.factory.support.AbstractBeanFactory.doGetBean(AbstractBeanFactory.java:308) ~[spring-beans-4.3.27.RELEASE.jar:4.3.27.RELEASE]
	at org.springframework.beans.factory.support.AbstractBeanFactory.getBean(AbstractBeanFactory.java:202) ~[spring-beans-4.3.27.RELEASE.jar:4.3.27.RELEASE]
	at org.springframework.beans.factory.config.DependencyDescriptor.resolveCandidate(DependencyDescriptor.java:211) ~[spring-beans-4.3.27.RELEASE.jar:4.3.27.RELEASE]
	at org.springframework.beans.factory.support.DefaultListableBeanFactory.doResolveDependency(DefaultListableBeanFactory.java:1135) ~[spring-beans-4.3.27.RELEASE.jar:4.3.27.RELEASE]
	at org.springframework.beans.factory.support.DefaultListableBeanFactory.resolveDependency(DefaultListableBeanFactory.java:1063) ~[spring-beans-4.3.27.RELEASE.jar:4.3.27.RELEASE]
	at org.springframework.beans.factory.support.ConstructorResolver.resolveAutowiredArgument(ConstructorResolver.java:835) ~[spring-beans-4.3.27.RELEASE.jar:4.3.27.RELEASE]
	at org.springframework.beans.factory.support.ConstructorResolver.createArgumentArray(ConstructorResolver.java:741) ~[spring-beans-4.3.27.RELEASE.jar:4.3.27.RELEASE]
	at org.springframework.beans.factory.support.ConstructorResolver.instantiateUsingFactoryMethod(ConstructorResolver.java:467) ~[spring-beans-4.3.27.RELEASE.jar:4.3.27.RELEASE]
	at org.springframework.beans.factory.support.AbstractAutowireCapableBeanFactory.instantiateUsingFactoryMethod(AbstractAutowireCapableBeanFactory.java:1176) ~[spring-beans-4.3.27.RELEASE.jar:4.3.27.RELEASE]
	at org.springframework.beans.factory.support.AbstractAutowireCapableBeanFactory.createBeanInstance(AbstractAutowireCapableBeanFactory.java:1071) ~[spring-beans-4.3.27.RELEASE.jar:4.3.27.RELEASE]
	at org.springframework.beans.factory.support.AbstractAutowireCapableBeanFactory.doCreateBean(AbstractAutowireCapableBeanFactory.java:511) ~[spring-beans-4.3.27.RELEASE.jar:4.3.27.RELEASE]
	at org.springframework.beans.factory.support.AbstractAutowireCapableBeanFactory.createBean(AbstractAutowireCapableBeanFactory.java:481) ~[spring-beans-4.3.27.RELEASE.jar:4.3.27.RELEASE]
	at org.springframework.beans.factory.support.AbstractBeanFactory$1.getObject(AbstractBeanFactory.java:312) ~[spring-beans-4.3.27.RELEASE.jar:4.3.27.RELEASE]
	at org.springframework.beans.factory.support.DefaultSingletonBeanRegistry.getSingleton(DefaultSingletonBeanRegistry.java:230) ~[spring-beans-4.3.27.RELEASE.jar:4.3.27.RELEASE]
	at org.springframework.beans.factory.support.AbstractBeanFactory.doGetBean(AbstractBeanFactory.java:308) ~[spring-beans-4.3.27.RELEASE.jar:4.3.27.RELEASE]
	at org.springframework.beans.factory.support.AbstractBeanFactory.getBean(AbstractBeanFactory.java:202) ~[spring-beans-4.3.27.RELEASE.jar:4.3.27.RELEASE]
	at org.springframework.beans.factory.config.DependencyDescriptor.resolveCandidate(DependencyDescriptor.java:211) ~[spring-beans-4.3.27.RELEASE.jar:4.3.27.RELEASE]
	at org.springframework.beans.factory.support.DefaultListableBeanFactory.doResolveDependency(DefaultListableBeanFactory.java:1135) ~[spring-beans-4.3.27.RELEASE.jar:4.3.27.RELEASE]
	at org.springframework.beans.factory.support.DefaultListableBeanFactory.resolveDependency(DefaultListableBeanFactory.java:1063) ~[spring-beans-4.3.27.RELEASE.jar:4.3.27.RELEASE]
	at org.springframework.beans.factory.support.ConstructorResolver.resolveAutowiredArgument(ConstructorResolver.java:835) ~[spring-beans-4.3.27.RELEASE.jar:4.3.27.RELEASE]
	at org.springframework.beans.factory.support.ConstructorResolver.createArgumentArray(ConstructorResolver.java:741) ~[spring-beans-4.3.27.RELEASE.jar:4.3.27.RELEASE]
	at org.springframework.beans.factory.support.ConstructorResolver.instantiateUsingFactoryMethod(ConstructorResolver.java:467) ~[spring-beans-4.3.27.RELEASE.jar:4.3.27.RELEASE]
	at org.springframework.beans.factory.support.AbstractAutowireCapableBeanFactory.instantiateUsingFactoryMethod(AbstractAutowireCapableBeanFactory.java:1176) ~[spring-beans-4.3.27.RELEASE.jar:4.3.27.RELEASE]
	at org.springframework.beans.factory.support.AbstractAutowireCapableBeanFactory.createBeanInstance(AbstractAutowireCapableBeanFactory.java:1071) ~[spring-beans-4.3.27.RELEASE.jar:4.3.27.RELEASE]
	at org.springframework.beans.factory.support.AbstractAutowireCapableBeanFactory.doCreateBean(AbstractAutowireCapableBeanFactory.java:511) ~[spring-beans-4.3.27.RELEASE.jar:4.3.27.RELEASE]
	at org.springframework.beans.factory.support.AbstractAutowireCapableBeanFactory.createBean(AbstractAutowireCapableBeanFactory.java:481) ~[spring-beans-4.3.27.RELEASE.jar:4.3.27.RELEASE]
	at org.springframework.beans.factory.support.AbstractBeanFactory$1.getObject(AbstractBeanFactory.java:312) ~[spring-beans-4.3.27.RELEASE.jar:4.3.27.RELEASE]
	at org.springframework.beans.factory.support.DefaultSingletonBeanRegistry.getSingleton(DefaultSingletonBeanRegistry.java:230) ~[spring-beans-4.3.27.RELEASE.jar:4.3.27.RELEASE]
	at org.springframework.beans.factory.support.AbstractBeanFactory.doGetBean(AbstractBeanFactory.java:308) ~[spring-beans-4.3.27.RELEASE.jar:4.3.27.RELEASE]
	at org.springframework.beans.factory.support.AbstractBeanFactory.getBean(AbstractBeanFactory.java:202) ~[spring-beans-4.3.27.RELEASE.jar:4.3.27.RELEASE]
	at org.springframework.beans.factory.config.DependencyDescriptor.resolveCandidate(DependencyDescriptor.java:211) ~[spring-beans-4.3.27.RELEASE.jar:4.3.27.RELEASE]
	at org.springframework.beans.factory.support.DefaultListableBeanFactory.doResolveDependency(DefaultListableBeanFactory.java:1135) ~[spring-beans-4.3.27.RELEASE.jar:4.3.27.RELEASE]
	at org.springframework.beans.factory.support.DefaultListableBeanFactory.resolveDependency(DefaultListableBeanFactory.java:1063) ~[spring-beans-4.3.27.RELEASE.jar:4.3.27.RELEASE]
	at org.springframework.beans.factory.annotation.AutowiredAnnotationBeanPostProcessor$AutowiredFieldElement.inject(AutowiredAnnotationBeanPostProcessor.java:585) ~[spring-beans-4.3.27.RELEASE.jar:4.3.27.RELEASE]
	at org.springframework.beans.factory.annotation.InjectionMetadata.inject(InjectionMetadata.java:87) ~[spring-beans-4.3.27.RELEASE.jar:4.3.27.RELEASE]
	at org.springframework.beans.factory.annotation.AutowiredAnnotationBeanPostProcessor.postProcessPropertyValues(AutowiredAnnotationBeanPostProcessor.java:366) ~[spring-beans-4.3.27.RELEASE.jar:4.3.27.RELEASE]
	at org.springframework.beans.factory.support.AbstractAutowireCapableBeanFactory.populateBean(AbstractAutowireCapableBeanFactory.java:1257) ~[spring-beans-4.3.27.RELEASE.jar:4.3.27.RELEASE]
	at org.springframework.beans.factory.support.AbstractAutowireCapableBeanFactory.doCreateBean(AbstractAutowireCapableBeanFactory.java:551) ~[spring-beans-4.3.27.RELEASE.jar:4.3.27.RELEASE]
	at org.springframework.beans.factory.support.AbstractAutowireCapableBeanFactory.createBean(AbstractAutowireCapableBeanFactory.java:481) ~[spring-beans-4.3.27.RELEASE.jar:4.3.27.RELEASE]
	at org.springframework.beans.factory.support.AbstractBeanFactory$1.getObject(AbstractBeanFactory.java:312) ~[spring-beans-4.3.27.RELEASE.jar:4.3.27.RELEASE]
	at org.springframework.beans.factory.support.DefaultSingletonBeanRegistry.getSingleton(DefaultSingletonBeanRegistry.java:230) ~[spring-beans-4.3.27.RELEASE.jar:4.3.27.RELEASE]
	at org.springframework.beans.factory.support.AbstractBeanFactory.doGetBean(AbstractBeanFactory.java:308) ~[spring-beans-4.3.27.RELEASE.jar:4.3.27.RELEASE]
	at org.springframework.beans.factory.support.AbstractBeanFactory.getBean(AbstractBeanFactory.java:202) ~[spring-beans-4.3.27.RELEASE.jar:4.3.27.RELEASE]
	at org.springframework.beans.factory.config.DependencyDescriptor.resolveCandidate(DependencyDescriptor.java:211) ~[spring-beans-4.3.27.RELEASE.jar:4.3.27.RELEASE]
	at org.springframework.beans.factory.support.DefaultListableBeanFactory.doResolveDependency(DefaultListableBeanFactory.java:1135) ~[spring-beans-4.3.27.RELEASE.jar:4.3.27.RELEASE]
	at org.springframework.beans.factory.support.DefaultListableBeanFactory.resolveDependency(DefaultListableBeanFactory.java:1063) ~[spring-beans-4.3.27.RELEASE.jar:4.3.27.RELEASE]
	at org.springframework.beans.factory.annotation.AutowiredAnnotationBeanPostProcessor$AutowiredFieldElement.inject(AutowiredAnnotationBeanPostProcessor.java:585) ~[spring-beans-4.3.27.RELEASE.jar:4.3.27.RELEASE]
	at org.springframework.beans.factory.annotation.InjectionMetadata.inject(InjectionMetadata.java:87) ~[spring-beans-4.3.27.RELEASE.jar:4.3.27.RELEASE]
	at org.springframework.beans.factory.annotation.AutowiredAnnotationBeanPostProcessor.postProcessPropertyValues(AutowiredAnnotationBeanPostProcessor.java:366) ~[spring-beans-4.3.27.RELEASE.jar:4.3.27.RELEASE]
	at org.springframework.beans.factory.support.AbstractAutowireCapableBeanFactory.populateBean(AbstractAutowireCapableBeanFactory.java:1257) ~[spring-beans-4.3.27.RELEASE.jar:4.3.27.RELEASE]
	at org.springframework.beans.factory.support.AbstractAutowireCapableBeanFactory.doCreateBean(AbstractAutowireCapableBeanFactory.java:551) ~[spring-beans-4.3.27.RELEASE.jar:4.3.27.RELEASE]
	at org.springframework.beans.factory.support.AbstractAutowireCapableBeanFactory.createBean(AbstractAutowireCapableBeanFactory.java:481) ~[spring-beans-4.3.27.RELEASE.jar:4.3.27.RELEASE]
	at org.springframework.beans.factory.support.AbstractBeanFactory$1.getObject(AbstractBeanFactory.java:312) ~[spring-beans-4.3.27.RELEASE.jar:4.3.27.RELEASE]
	at org.springframework.beans.factory.support.DefaultSingletonBeanRegistry.getSingleton(DefaultSingletonBeanRegistry.java:230) ~[spring-beans-4.3.27.RELEASE.jar:4.3.27.RELEASE]
	at org.springframework.beans.factory.support.AbstractBeanFactory.doGetBean(AbstractBeanFactory.java:308) ~[spring-beans-4.3.27.RELEASE.jar:4.3.27.RELEASE]
	at org.springframework.beans.factory.support.AbstractBeanFactory.getBean(AbstractBeanFactory.java:202) ~[spring-beans-4.3.27.RELEASE.jar:4.3.27.RELEASE]
	at org.springframework.beans.factory.config.DependencyDescriptor.resolveCandidate(DependencyDescriptor.java:211) ~[spring-beans-4.3.27.RELEASE.jar:4.3.27.RELEASE]
	at org.springframework.beans.factory.support.DefaultListableBeanFactory.doResolveDependency(DefaultListableBeanFactory.java:1135) ~[spring-beans-4.3.27.RELEASE.jar:4.3.27.RELEASE]
	at org.springframework.beans.factory.support.DefaultListableBeanFactory.resolveDependency(DefaultListableBeanFactory.java:1063) ~[spring-beans-4.3.27.RELEASE.jar:4.3.27.RELEASE]
	at org.springframework.beans.factory.annotation.AutowiredAnnotationBeanPostProcessor$AutowiredFieldElement.inject(AutowiredAnnotationBeanPostProcessor.java:585) ~[spring-beans-4.3.27.RELEASE.jar:4.3.27.RELEASE]
	... 19 more
Caused by: org.springframework.beans.BeanInstantiationException: Failed to instantiate [org.fisco.bcos.web3j.protocol.Web3j]: Factory method 'getWeb3j' threw exception; nested exception is java.lang.RuntimeException:  Failed to connect to nodes: [Connection refused: /127.0.0.1:20200]The reasons for failure may be: 
	1. the configured certificate is not the same set of certificates as the node's certificate; 
	2. the configured certificate is not issued by the same authority as the node's certificate. 
	Please refer to https://fisco-bcos-documentation.readthedocs.io/zh_CN/latest/docs/sdk/java_sdk.html#id24 

	at org.springframework.beans.factory.support.SimpleInstantiationStrategy.instantiate(SimpleInstantiationStrategy.java:189) ~[spring-beans-4.3.27.RELEASE.jar:4.3.27.RELEASE]
	at org.springframework.beans.factory.support.ConstructorResolver.instantiateUsingFactoryMethod(ConstructorResolver.java:588) ~[spring-beans-4.3.27.RELEASE.jar:4.3.27.RELEASE]
	at org.springframework.beans.factory.support.AbstractAutowireCapableBeanFactory.instantiateUsingFactoryMethod(AbstractAutowireCapableBeanFactory.java:1176) ~[spring-beans-4.3.27.RELEASE.jar:4.3.27.RELEASE]
	at org.springframework.beans.factory.support.AbstractAutowireCapableBeanFactory.createBeanInstance(AbstractAutowireCapableBeanFactory.java:1071) ~[spring-beans-4.3.27.RELEASE.jar:4.3.27.RELEASE]
	at org.springframework.beans.factory.support.AbstractAutowireCapableBeanFactory.doCreateBean(AbstractAutowireCapableBeanFactory.java:511) ~[spring-beans-4.3.27.RELEASE.jar:4.3.27.RELEASE]
	at org.springframework.beans.factory.support.AbstractAutowireCapableBeanFactory.createBean(AbstractAutowireCapableBeanFactory.java:481) ~[spring-beans-4.3.27.RELEASE.jar:4.3.27.RELEASE]
	at org.springframework.beans.factory.support.AbstractBeanFactory$1.getObject(AbstractBeanFactory.java:312) ~[spring-beans-4.3.27.RELEASE.jar:4.3.27.RELEASE]
	at org.springframework.beans.factory.support.DefaultSingletonBeanRegistry.getSingleton(DefaultSingletonBeanRegistry.java:230) ~[spring-beans-4.3.27.RELEASE.jar:4.3.27.RELEASE]
	at org.springframework.beans.factory.support.AbstractBeanFactory.doGetBean(AbstractBeanFactory.java:308) ~[spring-beans-4.3.27.RELEASE.jar:4.3.27.RELEASE]
	at org.springframework.beans.factory.support.AbstractBeanFactory.getBean(AbstractBeanFactory.java:202) ~[spring-beans-4.3.27.RELEASE.jar:4.3.27.RELEASE]
	at org.springframework.beans.factory.config.DependencyDescriptor.resolveCandidate(DependencyDescriptor.java:211) ~[spring-beans-4.3.27.RELEASE.jar:4.3.27.RELEASE]
	at org.springframework.beans.factory.support.DefaultListableBeanFactory.doResolveDependency(DefaultListableBeanFactory.java:1135) ~[spring-beans-4.3.27.RELEASE.jar:4.3.27.RELEASE]
	at org.springframework.beans.factory.support.DefaultListableBeanFactory.resolveDependency(DefaultListableBeanFactory.java:1063) ~[spring-beans-4.3.27.RELEASE.jar:4.3.27.RELEASE]
	at org.springframework.beans.factory.support.ConstructorResolver.resolveAutowiredArgument(ConstructorResolver.java:835) ~[spring-beans-4.3.27.RELEASE.jar:4.3.27.RELEASE]
	at org.springframework.beans.factory.support.ConstructorResolver.createArgumentArray(ConstructorResolver.java:741) ~[spring-beans-4.3.27.RELEASE.jar:4.3.27.RELEASE]
	at org.springframework.beans.factory.support.ConstructorResolver.instantiateUsingFactoryMethod(ConstructorResolver.java:467) ~[spring-beans-4.3.27.RELEASE.jar:4.3.27.RELEASE]
	at org.springframework.beans.factory.support.AbstractAutowireCapableBeanFactory.instantiateUsingFactoryMethod(AbstractAutowireCapableBeanFactory.java:1176) ~[spring-beans-4.3.27.RELEASE.jar:4.3.27.RELEASE]
	at org.springframework.beans.factory.support.AbstractAutowireCapableBeanFactory.createBeanInstance(AbstractAutowireCapableBeanFactory.java:1071) ~[spring-beans-4.3.27.RELEASE.jar:4.3.27.RELEASE]
	at org.springframework.beans.factory.support.AbstractAutowireCapableBeanFactory.doCreateBean(AbstractAutowireCapableBeanFactory.java:511) ~[spring-beans-4.3.27.RELEASE.jar:4.3.27.RELEASE]
	at org.springframework.beans.factory.support.AbstractAutowireCapableBeanFactory.createBean(AbstractAutowireCapableBeanFactory.java:481) ~[spring-beans-4.3.27.RELEASE.jar:4.3.27.RELEASE]
	at org.springframework.beans.factory.support.AbstractBeanFactory$1.getObject(AbstractBeanFactory.java:312) ~[spring-beans-4.3.27.RELEASE.jar:4.3.27.RELEASE]
	at org.springframework.beans.factory.support.DefaultSingletonBeanRegistry.getSingleton(DefaultSingletonBeanRegistry.java:230) ~[spring-beans-4.3.27.RELEASE.jar:4.3.27.RELEASE]
	at org.springframework.beans.factory.support.AbstractBeanFactory.doGetBean(AbstractBeanFactory.java:308) ~[spring-beans-4.3.27.RELEASE.jar:4.3.27.RELEASE]
	at org.springframework.beans.factory.support.AbstractBeanFactory.getBean(AbstractBeanFactory.java:202) ~[spring-beans-4.3.27.RELEASE.jar:4.3.27.RELEASE]
	at org.springframework.beans.factory.config.DependencyDescriptor.resolveCandidate(DependencyDescriptor.java:211) ~[spring-beans-4.3.27.RELEASE.jar:4.3.27.RELEASE]
	at org.springframework.beans.factory.support.DefaultListableBeanFactory.doResolveDependency(DefaultListableBeanFactory.java:1135) ~[spring-beans-4.3.27.RELEASE.jar:4.3.27.RELEASE]
	at org.springframework.beans.factory.support.DefaultListableBeanFactory.resolveDependency(DefaultListableBeanFactory.java:1063) ~[spring-beans-4.3.27.RELEASE.jar:4.3.27.RELEASE]
	at org.springframework.beans.factory.support.ConstructorResolver.resolveAutowiredArgument(ConstructorResolver.java:835) ~[spring-beans-4.3.27.RELEASE.jar:4.3.27.RELEASE]
	at org.springframework.beans.factory.support.ConstructorResolver.createArgumentArray(ConstructorResolver.java:741) ~[spring-beans-4.3.27.RELEASE.jar:4.3.27.RELEASE]
	at org.springframework.beans.factory.support.ConstructorResolver.instantiateUsingFactoryMethod(ConstructorResolver.java:467) ~[spring-beans-4.3.27.RELEASE.jar:4.3.27.RELEASE]
	at org.springframework.beans.factory.support.AbstractAutowireCapableBeanFactory.instantiateUsingFactoryMethod(AbstractAutowireCapableBeanFactory.java:1176) ~[spring-beans-4.3.27.RELEASE.jar:4.3.27.RELEASE]
	at org.springframework.beans.factory.support.AbstractAutowireCapableBeanFactory.createBeanInstance(AbstractAutowireCapableBeanFactory.java:1071) ~[spring-beans-4.3.27.RELEASE.jar:4.3.27.RELEASE]
	at org.springframework.beans.factory.support.AbstractAutowireCapableBeanFactory.doCreateBean(AbstractAutowireCapableBeanFactory.java:511) ~[spring-beans-4.3.27.RELEASE.jar:4.3.27.RELEASE]
	at org.springframework.beans.factory.support.AbstractAutowireCapableBeanFactory.createBean(AbstractAutowireCapableBeanFactory.java:481) ~[spring-beans-4.3.27.RELEASE.jar:4.3.27.RELEASE]
	at org.springframework.beans.factory.support.AbstractBeanFactory$1.getObject(AbstractBeanFactory.java:312) ~[spring-beans-4.3.27.RELEASE.jar:4.3.27.RELEASE]
	at org.springframework.beans.factory.support.DefaultSingletonBeanRegistry.getSingleton(DefaultSingletonBeanRegistry.java:230) ~[spring-beans-4.3.27.RELEASE.jar:4.3.27.RELEASE]
	at org.springframework.beans.factory.support.AbstractBeanFactory.doGetBean(AbstractBeanFactory.java:308) ~[spring-beans-4.3.27.RELEASE.jar:4.3.27.RELEASE]
	at org.springframework.beans.factory.support.AbstractBeanFactory.getBean(AbstractBeanFactory.java:202) ~[spring-beans-4.3.27.RELEASE.jar:4.3.27.RELEASE]
	at org.springframework.beans.factory.config.DependencyDescriptor.resolveCandidate(DependencyDescriptor.java:211) ~[spring-beans-4.3.27.RELEASE.jar:4.3.27.RELEASE]
	at org.springframework.beans.factory.support.DefaultListableBeanFactory.doResolveDependency(DefaultListableBeanFactory.java:1135) ~[spring-beans-4.3.27.RELEASE.jar:4.3.27.RELEASE]
	at org.springframework.beans.factory.support.DefaultListableBeanFactory.resolveDependency(DefaultListableBeanFactory.java:1063) ~[spring-beans-4.3.27.RELEASE.jar:4.3.27.RELEASE]
	at org.springframework.beans.factory.annotation.AutowiredAnnotationBeanPostProcessor$AutowiredFieldElement.inject(AutowiredAnnotationBeanPostProcessor.java:585) ~[spring-beans-4.3.27.RELEASE.jar:4.3.27.RELEASE]
	at org.springframework.beans.factory.annotation.InjectionMetadata.inject(InjectionMetadata.java:87) ~[spring-beans-4.3.27.RELEASE.jar:4.3.27.RELEASE]
	at org.springframework.beans.factory.annotation.AutowiredAnnotationBeanPostProcessor.postProcessPropertyValues(AutowiredAnnotationBeanPostProcessor.java:366) ~[spring-beans-4.3.27.RELEASE.jar:4.3.27.RELEASE]
	at org.springframework.beans.factory.support.AbstractAutowireCapableBeanFactory.populateBean(AbstractAutowireCapableBeanFactory.java:1257) ~[spring-beans-4.3.27.RELEASE.jar:4.3.27.RELEASE]
	at org.springframework.beans.factory.support.AbstractAutowireCapableBeanFactory.doCreateBean(AbstractAutowireCapableBeanFactory.java:551) ~[spring-beans-4.3.27.RELEASE.jar:4.3.27.RELEASE]
	at org.springframework.beans.factory.support.AbstractAutowireCapableBeanFactory.createBean(AbstractAutowireCapableBeanFactory.java:481) ~[spring-beans-4.3.27.RELEASE.jar:4.3.27.RELEASE]
	at org.springframework.beans.factory.support.AbstractBeanFactory$1.getObject(AbstractBeanFactory.java:312) ~[spring-beans-4.3.27.RELEASE.jar:4.3.27.RELEASE]
	at org.springframework.beans.factory.support.DefaultSingletonBeanRegistry.getSingleton(DefaultSingletonBeanRegistry.java:230) ~[spring-beans-4.3.27.RELEASE.jar:4.3.27.RELEASE]
	at org.springframework.beans.factory.support.AbstractBeanFactory.doGetBean(AbstractBeanFactory.java:308) ~[spring-beans-4.3.27.RELEASE.jar:4.3.27.RELEASE]
	at org.springframework.beans.factory.support.AbstractBeanFactory.getBean(AbstractBeanFactory.java:202) ~[spring-beans-4.3.27.RELEASE.jar:4.3.27.RELEASE]
	at org.springframework.beans.factory.config.DependencyDescriptor.resolveCandidate(DependencyDescriptor.java:211) ~[spring-beans-4.3.27.RELEASE.jar:4.3.27.RELEASE]
	at org.springframework.beans.factory.support.DefaultListableBeanFactory.doResolveDependency(DefaultListableBeanFactory.java:1135) ~[spring-beans-4.3.27.RELEASE.jar:4.3.27.RELEASE]
	at org.springframework.beans.factory.support.DefaultListableBeanFactory.resolveDependency(DefaultListableBeanFactory.java:1063) ~[spring-beans-4.3.27.RELEASE.jar:4.3.27.RELEASE]
	at org.springframework.beans.factory.annotation.AutowiredAnnotationBeanPostProcessor$AutowiredFieldElement.inject(AutowiredAnnotationBeanPostProcessor.java:585) ~[spring-beans-4.3.27.RELEASE.jar:4.3.27.RELEASE]
	at org.springframework.beans.factory.annotation.InjectionMetadata.inject(InjectionMetadata.java:87) ~[spring-beans-4.3.27.RELEASE.jar:4.3.27.RELEASE]
	at org.springframework.beans.factory.annotation.AutowiredAnnotationBeanPostProcessor.postProcessPropertyValues(AutowiredAnnotationBeanPostProcessor.java:366) ~[spring-beans-4.3.27.RELEASE.jar:4.3.27.RELEASE]
	at org.springframework.beans.factory.support.AbstractAutowireCapableBeanFactory.populateBean(AbstractAutowireCapableBeanFactory.java:1257) ~[spring-beans-4.3.27.RELEASE.jar:4.3.27.RELEASE]
	at org.springframework.beans.factory.support.AbstractAutowireCapableBeanFactory.doCreateBean(AbstractAutowireCapableBeanFactory.java:551) ~[spring-beans-4.3.27.RELEASE.jar:4.3.27.RELEASE]
	at org.springframework.beans.factory.support.AbstractAutowireCapableBeanFactory.createBean(AbstractAutowireCapableBeanFactory.java:481) ~[spring-beans-4.3.27.RELEASE.jar:4.3.27.RELEASE]
	at org.springframework.beans.factory.support.AbstractBeanFactory$1.getObject(AbstractBeanFactory.java:312) ~[spring-beans-4.3.27.RELEASE.jar:4.3.27.RELEASE]
	at org.springframework.beans.factory.support.DefaultSingletonBeanRegistry.getSingleton(DefaultSingletonBeanRegistry.java:230) ~[spring-beans-4.3.27.RELEASE.jar:4.3.27.RELEASE]
	at org.springframework.beans.factory.support.AbstractBeanFactory.doGetBean(AbstractBeanFactory.java:308) ~[spring-beans-4.3.27.RELEASE.jar:4.3.27.RELEASE]
	at org.springframework.beans.factory.support.AbstractBeanFactory.getBean(AbstractBeanFactory.java:202) ~[spring-beans-4.3.27.RELEASE.jar:4.3.27.RELEASE]
	at org.springframework.beans.factory.config.DependencyDescriptor.resolveCandidate(DependencyDescriptor.java:211) ~[spring-beans-4.3.27.RELEASE.jar:4.3.27.RELEASE]
	at org.springframework.beans.factory.support.DefaultListableBeanFactory.doResolveDependency(DefaultListableBeanFactory.java:1135) ~[spring-beans-4.3.27.RELEASE.jar:4.3.27.RELEASE]
	at org.springframework.beans.factory.support.DefaultListableBeanFactory.resolveDependency(DefaultListableBeanFactory.java:1063) ~[spring-beans-4.3.27.RELEASE.jar:4.3.27.RELEASE]
	at org.springframework.beans.factory.annotation.AutowiredAnnotationBeanPostProcessor$AutowiredFieldElement.inject(AutowiredAnnotationBeanPostProcessor.java:585) ~[spring-beans-4.3.27.RELEASE.jar:4.3.27.RELEASE]
	... 19 more
Caused by: java.lang.RuntimeException:  Failed to connect to nodes: [Connection refused: /127.0.0.1:20200]The reasons for failure may be: 
	1. the configured certificate is not the same set of certificates as the node's certificate; 
	2. the configured certificate is not issued by the same authority as the node's certificate. 
	Please refer to https://fisco-bcos-documentation.readthedocs.io/zh_CN/latest/docs/sdk/java_sdk.html#id24 

	at org.fisco.bcos.channel.handler.ChannelConnections.startConnect(ChannelConnections.java:488) ~[web3sdk-2.6.2.jar:?]
	at org.fisco.bcos.channel.client.Service.run(Service.java:340) ~[web3sdk-2.6.2.jar:?]
	at com.webank.webase.front.base.config.Web3Config.getWeb3j(Web3Config.java:116) ~[WeBASE-Front.jar:?]
	at com.webank.webase.front.base.config.Web3Config$$EnhancerBySpringCGLIB$$5ca439e4.CGLIB$getWeb3j$8(<generated>) ~[WeBASE-Front.jar:?]
	at com.webank.webase.front.base.config.Web3Config$$EnhancerBySpringCGLIB$$5ca439e4$$FastClassBySpringCGLIB$$3db10f02.invoke(<generated>) ~[WeBASE-Front.jar:?]
	at org.springframework.cglib.proxy.MethodProxy.invokeSuper(MethodProxy.java:228) ~[spring-core-4.3.27.RELEASE.jar:4.3.27.RELEASE]
	at org.springframework.context.annotation.ConfigurationClassEnhancer$BeanMethodInterceptor.intercept(ConfigurationClassEnhancer.java:358) ~[spring-context-4.3.27.RELEASE.jar:4.3.27.RELEASE]
	at com.webank.webase.front.base.config.Web3Config$$EnhancerBySpringCGLIB$$5ca439e4.getWeb3j(<generated>) ~[WeBASE-Front.jar:?]
	at jdk.internal.reflect.NativeMethodAccessorImpl.invoke0(Native Method) ~[?:?]
	at jdk.internal.reflect.NativeMethodAccessorImpl.invoke(NativeMethodAccessorImpl.java:62) ~[?:?]
	at jdk.internal.reflect.DelegatingMethodAccessorImpl.invoke(DelegatingMethodAccessorImpl.java:43) ~[?:?]
	at java.lang.reflect.Method.invoke(Method.java:566) ~[?:?]
	at org.springframework.beans.factory.support.SimpleInstantiationStrategy.instantiate(SimpleInstantiationStrategy.java:162) ~[spring-beans-4.3.27.RELEASE.jar:4.3.27.RELEASE]
	at org.springframework.beans.factory.support.ConstructorResolver.instantiateUsingFactoryMethod(ConstructorResolver.java:588) ~[spring-beans-4.3.27.RELEASE.jar:4.3.27.RELEASE]
	at org.springframework.beans.factory.support.AbstractAutowireCapableBeanFactory.instantiateUsingFactoryMethod(AbstractAutowireCapableBeanFactory.java:1176) ~[spring-beans-4.3.27.RELEASE.jar:4.3.27.RELEASE]
	at org.springframework.beans.factory.support.AbstractAutowireCapableBeanFactory.createBeanInstance(AbstractAutowireCapableBeanFactory.java:1071) ~[spring-beans-4.3.27.RELEASE.jar:4.3.27.RELEASE]
	at org.springframework.beans.factory.support.AbstractAutowireCapableBeanFactory.doCreateBean(AbstractAutowireCapableBeanFactory.java:511) ~[spring-beans-4.3.27.RELEASE.jar:4.3.27.RELEASE]
	at org.springframework.beans.factory.support.AbstractAutowireCapableBeanFactory.createBean(AbstractAutowireCapableBeanFactory.java:481) ~[spring-beans-4.3.27.RELEASE.jar:4.3.27.RELEASE]
	at org.springframework.beans.factory.support.AbstractBeanFactory$1.getObject(AbstractBeanFactory.java:312) ~[spring-beans-4.3.27.RELEASE.jar:4.3.27.RELEASE]
	at org.springframework.beans.factory.support.DefaultSingletonBeanRegistry.getSingleton(DefaultSingletonBeanRegistry.java:230) ~[spring-beans-4.3.27.RELEASE.jar:4.3.27.RELEASE]
	at org.springframework.beans.factory.support.AbstractBeanFactory.doGetBean(AbstractBeanFactory.java:308) ~[spring-beans-4.3.27.RELEASE.jar:4.3.27.RELEASE]
	at org.springframework.beans.factory.support.AbstractBeanFactory.getBean(AbstractBeanFactory.java:202) ~[spring-beans-4.3.27.RELEASE.jar:4.3.27.RELEASE]
	at org.springframework.beans.factory.config.DependencyDescriptor.resolveCandidate(DependencyDescriptor.java:211) ~[spring-beans-4.3.27.RELEASE.jar:4.3.27.RELEASE]
	at org.springframework.beans.factory.support.DefaultListableBeanFactory.doResolveDependency(DefaultListableBeanFactory.java:1135) ~[spring-beans-4.3.27.RELEASE.jar:4.3.27.RELEASE]
	at org.springframework.beans.factory.support.DefaultListableBeanFactory.resolveDependency(DefaultListableBeanFactory.java:1063) ~[spring-beans-4.3.27.RELEASE.jar:4.3.27.RELEASE]
	at org.springframework.beans.factory.support.ConstructorResolver.resolveAutowiredArgument(ConstructorResolver.java:835) ~[spring-beans-4.3.27.RELEASE.jar:4.3.27.RELEASE]
	at org.springframework.beans.factory.support.ConstructorResolver.createArgumentArray(ConstructorResolver.java:741) ~[spring-beans-4.3.27.RELEASE.jar:4.3.27.RELEASE]
	at org.springframework.beans.factory.support.ConstructorResolver.instantiateUsingFactoryMethod(ConstructorResolver.java:467) ~[spring-beans-4.3.27.RELEASE.jar:4.3.27.RELEASE]
	at org.springframework.beans.factory.support.AbstractAutowireCapableBeanFactory.instantiateUsingFactoryMethod(AbstractAutowireCapableBeanFactory.java:1176) ~[spring-beans-4.3.27.RELEASE.jar:4.3.27.RELEASE]
	at org.springframework.beans.factory.support.AbstractAutowireCapableBeanFactory.createBeanInstance(AbstractAutowireCapableBeanFactory.java:1071) ~[spring-beans-4.3.27.RELEASE.jar:4.3.27.RELEASE]
	at org.springframework.beans.factory.support.AbstractAutowireCapableBeanFactory.doCreateBean(AbstractAutowireCapableBeanFactory.java:511) ~[spring-beans-4.3.27.RELEASE.jar:4.3.27.RELEASE]
	at org.springframework.beans.factory.support.AbstractAutowireCapableBeanFactory.createBean(AbstractAutowireCapableBeanFactory.java:481) ~[spring-beans-4.3.27.RELEASE.jar:4.3.27.RELEASE]
	at org.springframework.beans.factory.support.AbstractBeanFactory$1.getObject(AbstractBeanFactory.java:312) ~[spring-beans-4.3.27.RELEASE.jar:4.3.27.RELEASE]
	at org.springframework.beans.factory.support.DefaultSingletonBeanRegistry.getSingleton(DefaultSingletonBeanRegistry.java:230) ~[spring-beans-4.3.27.RELEASE.jar:4.3.27.RELEASE]
	at org.springframework.beans.factory.support.AbstractBeanFactory.doGetBean(AbstractBeanFactory.java:308) ~[spring-beans-4.3.27.RELEASE.jar:4.3.27.RELEASE]
	at org.springframework.beans.factory.support.AbstractBeanFactory.getBean(AbstractBeanFactory.java:202) ~[spring-beans-4.3.27.RELEASE.jar:4.3.27.RELEASE]
	at org.springframework.beans.factory.config.DependencyDescriptor.resolveCandidate(DependencyDescriptor.java:211) ~[spring-beans-4.3.27.RELEASE.jar:4.3.27.RELEASE]
	at org.springframework.beans.factory.support.DefaultListableBeanFactory.doResolveDependency(DefaultListableBeanFactory.java:1135) ~[spring-beans-4.3.27.RELEASE.jar:4.3.27.RELEASE]
	at org.springframework.beans.factory.support.DefaultListableBeanFactory.resolveDependency(DefaultListableBeanFactory.java:1063) ~[spring-beans-4.3.27.RELEASE.jar:4.3.27.RELEASE]
	at org.springframework.beans.factory.support.ConstructorResolver.resolveAutowiredArgument(ConstructorResolver.java:835) ~[spring-beans-4.3.27.RELEASE.jar:4.3.27.RELEASE]
	at org.springframework.beans.factory.support.ConstructorResolver.createArgumentArray(ConstructorResolver.java:741) ~[spring-beans-4.3.27.RELEASE.jar:4.3.27.RELEASE]
	at org.springframework.beans.factory.support.ConstructorResolver.instantiateUsingFactoryMethod(ConstructorResolver.java:467) ~[spring-beans-4.3.27.RELEASE.jar:4.3.27.RELEASE]
	at org.springframework.beans.factory.support.AbstractAutowireCapableBeanFactory.instantiateUsingFactoryMethod(AbstractAutowireCapableBeanFactory.java:1176) ~[spring-beans-4.3.27.RELEASE.jar:4.3.27.RELEASE]
	at org.springframework.beans.factory.support.AbstractAutowireCapableBeanFactory.createBeanInstance(AbstractAutowireCapableBeanFactory.java:1071) ~[spring-beans-4.3.27.RELEASE.jar:4.3.27.RELEASE]
	at org.springframework.beans.factory.support.AbstractAutowireCapableBeanFactory.doCreateBean(AbstractAutowireCapableBeanFactory.java:511) ~[spring-beans-4.3.27.RELEASE.jar:4.3.27.RELEASE]
	at org.springframework.beans.factory.support.AbstractAutowireCapableBeanFactory.createBean(AbstractAutowireCapableBeanFactory.java:481) ~[spring-beans-4.3.27.RELEASE.jar:4.3.27.RELEASE]
	at org.springframework.beans.factory.support.AbstractBeanFactory$1.getObject(AbstractBeanFactory.java:312) ~[spring-beans-4.3.27.RELEASE.jar:4.3.27.RELEASE]
	at org.springframework.beans.factory.support.DefaultSingletonBeanRegistry.getSingleton(DefaultSingletonBeanRegistry.java:230) ~[spring-beans-4.3.27.RELEASE.jar:4.3.27.RELEASE]
	at org.springframework.beans.factory.support.AbstractBeanFactory.doGetBean(AbstractBeanFactory.java:308) ~[spring-beans-4.3.27.RELEASE.jar:4.3.27.RELEASE]
	at org.springframework.beans.factory.support.AbstractBeanFactory.getBean(AbstractBeanFactory.java:202) ~[spring-beans-4.3.27.RELEASE.jar:4.3.27.RELEASE]
	at org.springframework.beans.factory.config.DependencyDescriptor.resolveCandidate(DependencyDescriptor.java:211) ~[spring-beans-4.3.27.RELEASE.jar:4.3.27.RELEASE]
	at org.springframework.beans.factory.support.DefaultListableBeanFactory.doResolveDependency(DefaultListableBeanFactory.java:1135) ~[spring-beans-4.3.27.RELEASE.jar:4.3.27.RELEASE]
	at org.springframework.beans.factory.support.DefaultListableBeanFactory.resolveDependency(DefaultListableBeanFactory.java:1063) ~[spring-beans-4.3.27.RELEASE.jar:4.3.27.RELEASE]
	at org.springframework.beans.factory.annotation.AutowiredAnnotationBeanPostProcessor$AutowiredFieldElement.inject(AutowiredAnnotationBeanPostProcessor.java:585) ~[spring-beans-4.3.27.RELEASE.jar:4.3.27.RELEASE]
	at org.springframework.beans.factory.annotation.InjectionMetadata.inject(InjectionMetadata.java:87) ~[spring-beans-4.3.27.RELEASE.jar:4.3.27.RELEASE]
	at org.springframework.beans.factory.annotation.AutowiredAnnotationBeanPostProcessor.postProcessPropertyValues(AutowiredAnnotationBeanPostProcessor.java:366) ~[spring-beans-4.3.27.RELEASE.jar:4.3.27.RELEASE]
	at org.springframework.beans.factory.support.AbstractAutowireCapableBeanFactory.populateBean(AbstractAutowireCapableBeanFactory.java:1257) ~[spring-beans-4.3.27.RELEASE.jar:4.3.27.RELEASE]
	at org.springframework.beans.factory.support.AbstractAutowireCapableBeanFactory.doCreateBean(AbstractAutowireCapableBeanFactory.java:551) ~[spring-beans-4.3.27.RELEASE.jar:4.3.27.RELEASE]
	at org.springframework.beans.factory.support.AbstractAutowireCapableBeanFactory.createBean(AbstractAutowireCapableBeanFactory.java:481) ~[spring-beans-4.3.27.RELEASE.jar:4.3.27.RELEASE]
	at org.springframework.beans.factory.support.AbstractBeanFactory$1.getObject(AbstractBeanFactory.java:312) ~[spring-beans-4.3.27.RELEASE.jar:4.3.27.RELEASE]
	at org.springframework.beans.factory.support.DefaultSingletonBeanRegistry.getSingleton(DefaultSingletonBeanRegistry.java:230) ~[spring-beans-4.3.27.RELEASE.jar:4.3.27.RELEASE]
	at org.springframework.beans.factory.support.AbstractBeanFactory.doGetBean(AbstractBeanFactory.java:308) ~[spring-beans-4.3.27.RELEASE.jar:4.3.27.RELEASE]
	at org.springframework.beans.factory.support.AbstractBeanFactory.getBean(AbstractBeanFactory.java:202) ~[spring-beans-4.3.27.RELEASE.jar:4.3.27.RELEASE]
	at org.springframework.beans.factory.config.DependencyDescriptor.resolveCandidate(DependencyDescriptor.java:211) ~[spring-beans-4.3.27.RELEASE.jar:4.3.27.RELEASE]
	at org.springframework.beans.factory.support.DefaultListableBeanFactory.doResolveDependency(DefaultListableBeanFactory.java:1135) ~[spring-beans-4.3.27.RELEASE.jar:4.3.27.RELEASE]
	at org.springframework.beans.factory.support.DefaultListableBeanFactory.resolveDependency(DefaultListableBeanFactory.java:1063) ~[spring-beans-4.3.27.RELEASE.jar:4.3.27.RELEASE]
	at org.springframework.beans.factory.annotation.AutowiredAnnotationBeanPostProcessor$AutowiredFieldElement.inject(AutowiredAnnotationBeanPostProcessor.java:585) ~[spring-beans-4.3.27.RELEASE.jar:4.3.27.RELEASE]
	at org.springframework.beans.factory.annotation.InjectionMetadata.inject(InjectionMetadata.java:87) ~[spring-beans-4.3.27.RELEASE.jar:4.3.27.RELEASE]
	at org.springframework.beans.factory.annotation.AutowiredAnnotationBeanPostProcessor.postProcessPropertyValues(AutowiredAnnotationBeanPostProcessor.java:366) ~[spring-beans-4.3.27.RELEASE.jar:4.3.27.RELEASE]
	at org.springframework.beans.factory.support.AbstractAutowireCapableBeanFactory.populateBean(AbstractAutowireCapableBeanFactory.java:1257) ~[spring-beans-4.3.27.RELEASE.jar:4.3.27.RELEASE]
	at org.springframework.beans.factory.support.AbstractAutowireCapableBeanFactory.doCreateBean(AbstractAutowireCapableBeanFactory.java:551) ~[spring-beans-4.3.27.RELEASE.jar:4.3.27.RELEASE]
	at org.springframework.beans.factory.support.AbstractAutowireCapableBeanFactory.createBean(AbstractAutowireCapableBeanFactory.java:481) ~[spring-beans-4.3.27.RELEASE.jar:4.3.27.RELEASE]
	at org.springframework.beans.factory.support.AbstractBeanFactory$1.getObject(AbstractBeanFactory.java:312) ~[spring-beans-4.3.27.RELEASE.jar:4.3.27.RELEASE]
	at org.springframework.beans.factory.support.DefaultSingletonBeanRegistry.getSingleton(DefaultSingletonBeanRegistry.java:230) ~[spring-beans-4.3.27.RELEASE.jar:4.3.27.RELEASE]
	at org.springframework.beans.factory.support.AbstractBeanFactory.doGetBean(AbstractBeanFactory.java:308) ~[spring-beans-4.3.27.RELEASE.jar:4.3.27.RELEASE]
	at org.springframework.beans.factory.support.AbstractBeanFactory.getBean(AbstractBeanFactory.java:202) ~[spring-beans-4.3.27.RELEASE.jar:4.3.27.RELEASE]
	at org.springframework.beans.factory.config.DependencyDescriptor.resolveCandidate(DependencyDescriptor.java:211) ~[spring-beans-4.3.27.RELEASE.jar:4.3.27.RELEASE]
	at org.springframework.beans.factory.support.DefaultListableBeanFactory.doResolveDependency(DefaultListableBeanFactory.java:1135) ~[spring-beans-4.3.27.RELEASE.jar:4.3.27.RELEASE]
	at org.springframework.beans.factory.support.DefaultListableBeanFactory.resolveDependency(DefaultListableBeanFactory.java:1063) ~[spring-beans-4.3.27.RELEASE.jar:4.3.27.RELEASE]
	at org.springframework.beans.factory.annotation.AutowiredAnnotationBeanPostProcessor$AutowiredFieldElement.inject(AutowiredAnnotationBeanPostProcessor.java:585) ~[spring-beans-4.3.27.RELEASE.jar:4.3.27.RELEASE]
	... 19 more
